<?xml version="1.0" encoding="UTF-8"?>
<testsuite xmlns:xsi="http://www.w3.org/2001/XMLSchema-instance" xsi:noNamespaceSchemaLocation="https://maven.apache.org/surefire/maven-surefire-plugin/xsd/surefire-test-report-3.0.xsd" version="3.0" name="TestSuite" time="72.799" tests="3" errors="0" skipped="0" failures="0">
  <properties>
    <property name="java.specification.version" value="13"/>
    <property name="sun.cpu.isalist" value="amd64"/>
    <property name="sun.jnu.encoding" value="Cp1252"/>
    <property name="java.class.path" value="C:\Users\ekrem\.m2\repository\org\apache\maven\surefire\surefire-booter\3.0.0-M5\surefire-booter-3.0.0-M5.jar;C:\Users\ekrem\.m2\repository\org\apache\maven\surefire\surefire-api\3.0.0-M5\surefire-api-3.0.0-M5.jar;C:\Users\ekrem\.m2\repository\org\apache\maven\surefire\surefire-logger-api\3.0.0-M5\surefire-logger-api-3.0.0-M5.jar;C:\Users\ekrem\.m2\repository\org\apache\maven\surefire\surefire-shared-utils\3.0.0-M4\surefire-shared-utils-3.0.0-M4.jar;C:\Users\ekrem\.m2\repository\org\apache\maven\surefire\surefire-extensions-spi\3.0.0-M5\surefire-extensions-spi-3.0.0-M5.jar;C:\Users\ekrem\Desktop\appium-cucumberbdd-testng-master\target\test-classes;C:\Users\ekrem\Desktop\appium-cucumberbdd-testng-master\target\classes;C:\Users\ekrem\.m2\repository\io\cucumber\cucumber-java\6.9.1\cucumber-java-6.9.1.jar;C:\Users\ekrem\.m2\repository\io\cucumber\cucumber-core\6.9.1\cucumber-core-6.9.1.jar;C:\Users\ekrem\.m2\repository\io\cucumber\cucumber-gherkin\6.9.1\cucumber-gherkin-6.9.1.jar;C:\Users\ekrem\.m2\repository\io\cucumber\cucumber-gherkin-messages\6.9.1\cucumber-gherkin-messages-6.9.1.jar;C:\Users\ekrem\.m2\repository\io\cucumber\messages\13.2.1\messages-13.2.1.jar;C:\Users\ekrem\.m2\repository\io\cucumber\tag-expressions\3.0.0\tag-expressions-3.0.0.jar;C:\Users\ekrem\.m2\repository\io\cucumber\cucumber-expressions\10.3.0\cucumber-expressions-10.3.0.jar;C:\Users\ekrem\.m2\repository\io\cucumber\datatable\3.5.0\datatable-3.5.0.jar;C:\Users\ekrem\.m2\repository\io\cucumber\cucumber-plugin\6.9.1\cucumber-plugin-6.9.1.jar;C:\Users\ekrem\.m2\repository\io\cucumber\docstring\6.9.1\docstring-6.9.1.jar;C:\Users\ekrem\.m2\repository\io\cucumber\html-formatter\9.0.0\html-formatter-9.0.0.jar;C:\Users\ekrem\.m2\repository\io\cucumber\create-meta\2.0.4\create-meta-2.0.4.jar;C:\Users\ekrem\.m2\repository\org\apiguardian\apiguardian-api\1.1.0\apiguardian-api-1.1.0.jar;C:\Users\ekrem\.m2\repository\io\cucumber\cucumber-junit\6.9.1\cucumber-junit-6.9.1.jar;C:\Users\ekrem\.m2\repository\junit\junit\4.13.1\junit-4.13.1.jar;C:\Users\ekrem\.m2\repository\org\hamcrest\hamcrest-core\1.3\hamcrest-core-1.3.jar;C:\Users\ekrem\.m2\repository\io\appium\java-client\7.3.0\java-client-7.3.0.jar;C:\Users\ekrem\.m2\repository\org\seleniumhq\selenium\selenium-java\3.141.59\selenium-java-3.141.59.jar;C:\Users\ekrem\.m2\repository\org\seleniumhq\selenium\selenium-chrome-driver\3.141.59\selenium-chrome-driver-3.141.59.jar;C:\Users\ekrem\.m2\repository\org\seleniumhq\selenium\selenium-edge-driver\3.141.59\selenium-edge-driver-3.141.59.jar;C:\Users\ekrem\.m2\repository\org\seleniumhq\selenium\selenium-firefox-driver\3.141.59\selenium-firefox-driver-3.141.59.jar;C:\Users\ekrem\.m2\repository\org\seleniumhq\selenium\selenium-ie-driver\3.141.59\selenium-ie-driver-3.141.59.jar;C:\Users\ekrem\.m2\repository\org\seleniumhq\selenium\selenium-opera-driver\3.141.59\selenium-opera-driver-3.141.59.jar;C:\Users\ekrem\.m2\repository\org\seleniumhq\selenium\selenium-remote-driver\3.141.59\selenium-remote-driver-3.141.59.jar;C:\Users\ekrem\.m2\repository\org\seleniumhq\selenium\selenium-safari-driver\3.141.59\selenium-safari-driver-3.141.59.jar;C:\Users\ekrem\.m2\repository\net\bytebuddy\byte-buddy\1.8.15\byte-buddy-1.8.15.jar;C:\Users\ekrem\.m2\repository\org\apache\commons\commons-exec\1.3\commons-exec-1.3.jar;C:\Users\ekrem\.m2\repository\com\google\guava\guava\25.0-jre\guava-25.0-jre.jar;C:\Users\ekrem\.m2\repository\com\google\code\findbugs\jsr305\1.3.9\jsr305-1.3.9.jar;C:\Users\ekrem\.m2\repository\org\checkerframework\checker-compat-qual\2.0.0\checker-compat-qual-2.0.0.jar;C:\Users\ekrem\.m2\repository\com\google\errorprone\error_prone_annotations\2.1.3\error_prone_annotations-2.1.3.jar;C:\Users\ekrem\.m2\repository\com\google\j2objc\j2objc-annotations\1.1\j2objc-annotations-1.1.jar;C:\Users\ekrem\.m2\repository\org\codehaus\mojo\animal-sniffer-annotations\1.14\animal-sniffer-annotations-1.14.jar;C:\Users\ekrem\.m2\repository\com\squareup\okhttp3\okhttp\3.11.0\okhttp-3.11.0.jar;C:\Users\ekrem\.m2\repository\com\squareup\okio\okio\1.14.0\okio-1.14.0.jar;C:\Users\ekrem\.m2\repository\org\seleniumhq\selenium\selenium-support\3.141.59\selenium-support-3.141.59.jar;C:\Users\ekrem\.m2\repository\org\seleniumhq\selenium\selenium-api\3.141.59\selenium-api-3.141.59.jar;C:\Users\ekrem\.m2\repository\com\google\code\gson\gson\2.8.5\gson-2.8.5.jar;C:\Users\ekrem\.m2\repository\org\apache\httpcomponents\httpclient\4.5.9\httpclient-4.5.9.jar;C:\Users\ekrem\.m2\repository\org\apache\httpcomponents\httpcore\4.4.11\httpcore-4.4.11.jar;C:\Users\ekrem\.m2\repository\commons-logging\commons-logging\1.2\commons-logging-1.2.jar;C:\Users\ekrem\.m2\repository\commons-codec\commons-codec\1.11\commons-codec-1.11.jar;C:\Users\ekrem\.m2\repository\cglib\cglib\3.2.12\cglib-3.2.12.jar;C:\Users\ekrem\.m2\repository\org\ow2\asm\asm\7.1\asm-7.1.jar;C:\Users\ekrem\.m2\repository\commons-validator\commons-validator\1.6\commons-validator-1.6.jar;C:\Users\ekrem\.m2\repository\commons-beanutils\commons-beanutils\1.9.2\commons-beanutils-1.9.2.jar;C:\Users\ekrem\.m2\repository\commons-digester\commons-digester\1.8.1\commons-digester-1.8.1.jar;C:\Users\ekrem\.m2\repository\commons-collections\commons-collections\3.2.2\commons-collections-3.2.2.jar;C:\Users\ekrem\.m2\repository\org\apache\commons\commons-lang3\3.9\commons-lang3-3.9.jar;C:\Users\ekrem\.m2\repository\commons-io\commons-io\2.6\commons-io-2.6.jar;C:\Users\ekrem\.m2\repository\org\springframework\spring-context\5.1.8.RELEASE\spring-context-5.1.8.RELEASE.jar;C:\Users\ekrem\.m2\repository\org\springframework\spring-aop\5.1.8.RELEASE\spring-aop-5.1.8.RELEASE.jar;C:\Users\ekrem\.m2\repository\org\springframework\spring-beans\5.1.8.RELEASE\spring-beans-5.1.8.RELEASE.jar;C:\Users\ekrem\.m2\repository\org\springframework\spring-core\5.1.8.RELEASE\spring-core-5.1.8.RELEASE.jar;C:\Users\ekrem\.m2\repository\org\springframework\spring-jcl\5.1.8.RELEASE\spring-jcl-5.1.8.RELEASE.jar;C:\Users\ekrem\.m2\repository\org\springframework\spring-expression\5.1.8.RELEASE\spring-expression-5.1.8.RELEASE.jar;C:\Users\ekrem\.m2\repository\org\aspectj\aspectjweaver\1.9.4\aspectjweaver-1.9.4.jar;C:\Users\ekrem\.m2\repository\org\slf4j\slf4j-api\1.7.26\slf4j-api-1.7.26.jar;C:\Users\ekrem\.m2\repository\org\json\json\20201115\json-20201115.jar;C:\Users\ekrem\.m2\repository\org\apache\logging\log4j\log4j-core\2.14.0\log4j-core-2.14.0.jar;C:\Users\ekrem\.m2\repository\org\apache\logging\log4j\log4j-api\2.14.0\log4j-api-2.14.0.jar;C:\Users\ekrem\.m2\repository\de\monochromata\cucumber\reporting-plugin\4.0.86\reporting-plugin-4.0.86.jar;C:\Users\ekrem\.m2\repository\io\cucumber\gherkin\15.0.2\gherkin-15.0.2.jar;C:\Users\ekrem\.m2\repository\net\masterthought\cucumber-reporting\5.4.0\cucumber-reporting-5.4.0.jar;C:\Users\ekrem\.m2\repository\com\fasterxml\jackson\core\jackson-databind\2.10.1\jackson-databind-2.10.1.jar;C:\Users\ekrem\.m2\repository\com\fasterxml\jackson\core\jackson-annotations\2.10.1\jackson-annotations-2.10.1.jar;C:\Users\ekrem\.m2\repository\com\fasterxml\jackson\core\jackson-core\2.10.1\jackson-core-2.10.1.jar;C:\Users\ekrem\.m2\repository\com\fasterxml\jackson\datatype\jackson-datatype-jsr310\2.10.1\jackson-datatype-jsr310-2.10.1.jar;C:\Users\ekrem\.m2\repository\org\apache\velocity\velocity-engine-core\2.1\velocity-engine-core-2.1.jar;C:\Users\ekrem\.m2\repository\joda-time\joda-time\2.10.5\joda-time-2.10.5.jar;C:\Users\ekrem\.m2\repository\org\codehaus\plexus\plexus-utils\3.3.0\plexus-utils-3.3.0.jar;C:\Users\ekrem\.m2\repository\org\jsoup\jsoup\1.12.1\jsoup-1.12.1.jar;C:\Users\ekrem\.m2\repository\com\googlecode\owasp-java-html-sanitizer\owasp-java-html-sanitizer\20191001.1\owasp-java-html-sanitizer-20191001.1.jar;C:\Users\ekrem\.m2\repository\commons-configuration\commons-configuration\1.10\commons-configuration-1.10.jar;C:\Users\ekrem\.m2\repository\commons-lang\commons-lang\2.6\commons-lang-2.6.jar;C:\Users\ekrem\.m2\repository\io\cucumber\cucumber-testng\6.9.1\cucumber-testng-6.9.1.jar;C:\Users\ekrem\.m2\repository\org\testng\testng\7.3.0\testng-7.3.0.jar;C:\Users\ekrem\.m2\repository\com\beust\jcommander\1.78\jcommander-1.78.jar;C:\Users\ekrem\.m2\repository\org\apache\ant\ant\1.10.3\ant-1.10.3.jar;C:\Users\ekrem\.m2\repository\org\apache\ant\ant-launcher\1.10.3\ant-launcher-1.10.3.jar;C:\Users\ekrem\.m2\repository\com\google\inject\guice\4.2.2\guice-4.2.2-no_aop.jar;C:\Users\ekrem\.m2\repository\javax\inject\javax.inject\1\javax.inject-1.jar;C:\Users\ekrem\.m2\repository\aopalliance\aopalliance\1.0\aopalliance-1.0.jar;C:\Users\ekrem\.m2\repository\org\yaml\snakeyaml\1.21\snakeyaml-1.21.jar;C:\Users\ekrem\.m2\repository\org\apache\maven\surefire\surefire-testng\3.0.0-M5\surefire-testng-3.0.0-M5.jar;C:\Users\ekrem\.m2\repository\org\apache\maven\surefire\common-java5\3.0.0-M5\common-java5-3.0.0-M5.jar;C:\Users\ekrem\.m2\repository\org\apache\maven\surefire\surefire-testng-utils\3.0.0-M5\surefire-testng-utils-3.0.0-M5.jar;C:\Users\ekrem\.m2\repository\org\apache\maven\surefire\surefire-grouper\3.0.0-M5\surefire-grouper-3.0.0-M5.jar"/>
    <property name="java.vm.vendor" value="Oracle Corporation"/>
    <property name="sun.arch.data.model" value="64"/>
    <property name="user.variant" value=""/>
    <property name="java.vendor.url" value="https://java.oracle.com/"/>
    <property name="user.timezone" value="Europe/Berlin"/>
    <property name="os.name" value="Windows 10"/>
    <property name="java.vm.specification.version" value="13"/>
    <property name="sun.java.launcher" value="SUN_STANDARD"/>
    <property name="user.country" value="US"/>
    <property name="sun.boot.library.path" value="C:\Program Files\Java\jdk-13.0.1\bin"/>
    <property name="sun.java.command" value="org.apache.maven.surefire.booter.ForkedBooter C:\Users\ekrem\AppData\Local\Temp\surefire1770231782687061648 2021-01-01T21-15-35_608-jvmRun1 surefire5012678165374816622tmp surefire_06915620563016233625tmp"/>
    <property name="jdk.debug" value="release"/>
    <property name="surefire.test.class.path" value="C:\Users\ekrem\Desktop\appium-cucumberbdd-testng-master\target\test-classes;C:\Users\ekrem\Desktop\appium-cucumberbdd-testng-master\target\classes;C:\Users\ekrem\.m2\repository\io\cucumber\cucumber-java\6.9.1\cucumber-java-6.9.1.jar;C:\Users\ekrem\.m2\repository\io\cucumber\cucumber-core\6.9.1\cucumber-core-6.9.1.jar;C:\Users\ekrem\.m2\repository\io\cucumber\cucumber-gherkin\6.9.1\cucumber-gherkin-6.9.1.jar;C:\Users\ekrem\.m2\repository\io\cucumber\cucumber-gherkin-messages\6.9.1\cucumber-gherkin-messages-6.9.1.jar;C:\Users\ekrem\.m2\repository\io\cucumber\messages\13.2.1\messages-13.2.1.jar;C:\Users\ekrem\.m2\repository\io\cucumber\tag-expressions\3.0.0\tag-expressions-3.0.0.jar;C:\Users\ekrem\.m2\repository\io\cucumber\cucumber-expressions\10.3.0\cucumber-expressions-10.3.0.jar;C:\Users\ekrem\.m2\repository\io\cucumber\datatable\3.5.0\datatable-3.5.0.jar;C:\Users\ekrem\.m2\repository\io\cucumber\cucumber-plugin\6.9.1\cucumber-plugin-6.9.1.jar;C:\Users\ekrem\.m2\repository\io\cucumber\docstring\6.9.1\docstring-6.9.1.jar;C:\Users\ekrem\.m2\repository\io\cucumber\html-formatter\9.0.0\html-formatter-9.0.0.jar;C:\Users\ekrem\.m2\repository\io\cucumber\create-meta\2.0.4\create-meta-2.0.4.jar;C:\Users\ekrem\.m2\repository\org\apiguardian\apiguardian-api\1.1.0\apiguardian-api-1.1.0.jar;C:\Users\ekrem\.m2\repository\io\cucumber\cucumber-junit\6.9.1\cucumber-junit-6.9.1.jar;C:\Users\ekrem\.m2\repository\junit\junit\4.13.1\junit-4.13.1.jar;C:\Users\ekrem\.m2\repository\org\hamcrest\hamcrest-core\1.3\hamcrest-core-1.3.jar;C:\Users\ekrem\.m2\repository\io\appium\java-client\7.3.0\java-client-7.3.0.jar;C:\Users\ekrem\.m2\repository\org\seleniumhq\selenium\selenium-java\3.141.59\selenium-java-3.141.59.jar;C:\Users\ekrem\.m2\repository\org\seleniumhq\selenium\selenium-chrome-driver\3.141.59\selenium-chrome-driver-3.141.59.jar;C:\Users\ekrem\.m2\repository\org\seleniumhq\selenium\selenium-edge-driver\3.141.59\selenium-edge-driver-3.141.59.jar;C:\Users\ekrem\.m2\repository\org\seleniumhq\selenium\selenium-firefox-driver\3.141.59\selenium-firefox-driver-3.141.59.jar;C:\Users\ekrem\.m2\repository\org\seleniumhq\selenium\selenium-ie-driver\3.141.59\selenium-ie-driver-3.141.59.jar;C:\Users\ekrem\.m2\repository\org\seleniumhq\selenium\selenium-opera-driver\3.141.59\selenium-opera-driver-3.141.59.jar;C:\Users\ekrem\.m2\repository\org\seleniumhq\selenium\selenium-remote-driver\3.141.59\selenium-remote-driver-3.141.59.jar;C:\Users\ekrem\.m2\repository\org\seleniumhq\selenium\selenium-safari-driver\3.141.59\selenium-safari-driver-3.141.59.jar;C:\Users\ekrem\.m2\repository\net\bytebuddy\byte-buddy\1.8.15\byte-buddy-1.8.15.jar;C:\Users\ekrem\.m2\repository\org\apache\commons\commons-exec\1.3\commons-exec-1.3.jar;C:\Users\ekrem\.m2\repository\com\google\guava\guava\25.0-jre\guava-25.0-jre.jar;C:\Users\ekrem\.m2\repository\com\google\code\findbugs\jsr305\1.3.9\jsr305-1.3.9.jar;C:\Users\ekrem\.m2\repository\org\checkerframework\checker-compat-qual\2.0.0\checker-compat-qual-2.0.0.jar;C:\Users\ekrem\.m2\repository\com\google\errorprone\error_prone_annotations\2.1.3\error_prone_annotations-2.1.3.jar;C:\Users\ekrem\.m2\repository\com\google\j2objc\j2objc-annotations\1.1\j2objc-annotations-1.1.jar;C:\Users\ekrem\.m2\repository\org\codehaus\mojo\animal-sniffer-annotations\1.14\animal-sniffer-annotations-1.14.jar;C:\Users\ekrem\.m2\repository\com\squareup\okhttp3\okhttp\3.11.0\okhttp-3.11.0.jar;C:\Users\ekrem\.m2\repository\com\squareup\okio\okio\1.14.0\okio-1.14.0.jar;C:\Users\ekrem\.m2\repository\org\seleniumhq\selenium\selenium-support\3.141.59\selenium-support-3.141.59.jar;C:\Users\ekrem\.m2\repository\org\seleniumhq\selenium\selenium-api\3.141.59\selenium-api-3.141.59.jar;C:\Users\ekrem\.m2\repository\com\google\code\gson\gson\2.8.5\gson-2.8.5.jar;C:\Users\ekrem\.m2\repository\org\apache\httpcomponents\httpclient\4.5.9\httpclient-4.5.9.jar;C:\Users\ekrem\.m2\repository\org\apache\httpcomponents\httpcore\4.4.11\httpcore-4.4.11.jar;C:\Users\ekrem\.m2\repository\commons-logging\commons-logging\1.2\commons-logging-1.2.jar;C:\Users\ekrem\.m2\repository\commons-codec\commons-codec\1.11\commons-codec-1.11.jar;C:\Users\ekrem\.m2\repository\cglib\cglib\3.2.12\cglib-3.2.12.jar;C:\Users\ekrem\.m2\repository\org\ow2\asm\asm\7.1\asm-7.1.jar;C:\Users\ekrem\.m2\repository\commons-validator\commons-validator\1.6\commons-validator-1.6.jar;C:\Users\ekrem\.m2\repository\commons-beanutils\commons-beanutils\1.9.2\commons-beanutils-1.9.2.jar;C:\Users\ekrem\.m2\repository\commons-digester\commons-digester\1.8.1\commons-digester-1.8.1.jar;C:\Users\ekrem\.m2\repository\commons-collections\commons-collections\3.2.2\commons-collections-3.2.2.jar;C:\Users\ekrem\.m2\repository\org\apache\commons\commons-lang3\3.9\commons-lang3-3.9.jar;C:\Users\ekrem\.m2\repository\commons-io\commons-io\2.6\commons-io-2.6.jar;C:\Users\ekrem\.m2\repository\org\springframework\spring-context\5.1.8.RELEASE\spring-context-5.1.8.RELEASE.jar;C:\Users\ekrem\.m2\repository\org\springframework\spring-aop\5.1.8.RELEASE\spring-aop-5.1.8.RELEASE.jar;C:\Users\ekrem\.m2\repository\org\springframework\spring-beans\5.1.8.RELEASE\spring-beans-5.1.8.RELEASE.jar;C:\Users\ekrem\.m2\repository\org\springframework\spring-core\5.1.8.RELEASE\spring-core-5.1.8.RELEASE.jar;C:\Users\ekrem\.m2\repository\org\springframework\spring-jcl\5.1.8.RELEASE\spring-jcl-5.1.8.RELEASE.jar;C:\Users\ekrem\.m2\repository\org\springframework\spring-expression\5.1.8.RELEASE\spring-expression-5.1.8.RELEASE.jar;C:\Users\ekrem\.m2\repository\org\aspectj\aspectjweaver\1.9.4\aspectjweaver-1.9.4.jar;C:\Users\ekrem\.m2\repository\org\slf4j\slf4j-api\1.7.26\slf4j-api-1.7.26.jar;C:\Users\ekrem\.m2\repository\org\json\json\20201115\json-20201115.jar;C:\Users\ekrem\.m2\repository\org\apache\logging\log4j\log4j-core\2.14.0\log4j-core-2.14.0.jar;C:\Users\ekrem\.m2\repository\org\apache\logging\log4j\log4j-api\2.14.0\log4j-api-2.14.0.jar;C:\Users\ekrem\.m2\repository\de\monochromata\cucumber\reporting-plugin\4.0.86\reporting-plugin-4.0.86.jar;C:\Users\ekrem\.m2\repository\io\cucumber\gherkin\15.0.2\gherkin-15.0.2.jar;C:\Users\ekrem\.m2\repository\net\masterthought\cucumber-reporting\5.4.0\cucumber-reporting-5.4.0.jar;C:\Users\ekrem\.m2\repository\com\fasterxml\jackson\core\jackson-databind\2.10.1\jackson-databind-2.10.1.jar;C:\Users\ekrem\.m2\repository\com\fasterxml\jackson\core\jackson-annotations\2.10.1\jackson-annotations-2.10.1.jar;C:\Users\ekrem\.m2\repository\com\fasterxml\jackson\core\jackson-core\2.10.1\jackson-core-2.10.1.jar;C:\Users\ekrem\.m2\repository\com\fasterxml\jackson\datatype\jackson-datatype-jsr310\2.10.1\jackson-datatype-jsr310-2.10.1.jar;C:\Users\ekrem\.m2\repository\org\apache\velocity\velocity-engine-core\2.1\velocity-engine-core-2.1.jar;C:\Users\ekrem\.m2\repository\joda-time\joda-time\2.10.5\joda-time-2.10.5.jar;C:\Users\ekrem\.m2\repository\org\codehaus\plexus\plexus-utils\3.3.0\plexus-utils-3.3.0.jar;C:\Users\ekrem\.m2\repository\org\jsoup\jsoup\1.12.1\jsoup-1.12.1.jar;C:\Users\ekrem\.m2\repository\com\googlecode\owasp-java-html-sanitizer\owasp-java-html-sanitizer\20191001.1\owasp-java-html-sanitizer-20191001.1.jar;C:\Users\ekrem\.m2\repository\commons-configuration\commons-configuration\1.10\commons-configuration-1.10.jar;C:\Users\ekrem\.m2\repository\commons-lang\commons-lang\2.6\commons-lang-2.6.jar;C:\Users\ekrem\.m2\repository\io\cucumber\cucumber-testng\6.9.1\cucumber-testng-6.9.1.jar;C:\Users\ekrem\.m2\repository\org\testng\testng\7.3.0\testng-7.3.0.jar;C:\Users\ekrem\.m2\repository\com\beust\jcommander\1.78\jcommander-1.78.jar;C:\Users\ekrem\.m2\repository\org\apache\ant\ant\1.10.3\ant-1.10.3.jar;C:\Users\ekrem\.m2\repository\org\apache\ant\ant-launcher\1.10.3\ant-launcher-1.10.3.jar;C:\Users\ekrem\.m2\repository\com\google\inject\guice\4.2.2\guice-4.2.2-no_aop.jar;C:\Users\ekrem\.m2\repository\javax\inject\javax.inject\1\javax.inject-1.jar;C:\Users\ekrem\.m2\repository\aopalliance\aopalliance\1.0\aopalliance-1.0.jar;C:\Users\ekrem\.m2\repository\org\yaml\snakeyaml\1.21\snakeyaml-1.21.jar;"/>
    <property name="sun.cpu.endian" value="little"/>
    <property name="user.home" value="C:\Users\ekrem"/>
    <property name="user.language" value="en"/>
    <property name="java.specification.vendor" value="Oracle Corporation"/>
    <property name="java.version.date" value="2019-10-15"/>
    <property name="java.home" value="C:\Program Files\Java\jdk-13.0.1"/>
    <property name="file.separator" value="\"/>
    <property name="basedir" value="C:\Users\ekrem\Desktop\appium-cucumberbdd-testng-master"/>
    <property name="java.vm.compressedOopsMode" value="32-bit"/>
    <property name="line.separator" value="&#10;"/>
    <property name="java.specification.name" value="Java Platform API Specification"/>
    <property name="java.vm.specification.vendor" value="Oracle Corporation"/>
    <property name="user.script" value=""/>
    <property name="sun.management.compiler" value="HotSpot 64-Bit Tiered Compilers"/>
    <property name="java.runtime.version" value="13.0.1+9"/>
    <property name="user.name" value="ekrem"/>
    <property name="path.separator" value=";"/>
    <property name="os.version" value="10.0"/>
    <property name="java.runtime.name" value="Java(TM) SE Runtime Environment"/>
    <property name="file.encoding" value="Cp1252"/>
    <property name="java.vm.name" value="Java HotSpot(TM) 64-Bit Server VM"/>
    <property name="localRepository" value="C:\Users\ekrem\.m2\repository"/>
    <property name="java.vendor.url.bug" value="https://bugreport.java.com/bugreport/"/>
    <property name="java.io.tmpdir" value="C:\Users\ekrem\AppData\Local\Temp\"/>
    <property name="java.version" value="13.0.1"/>
    <property name="user.dir" value="C:\Users\ekrem\Desktop\appium-cucumberbdd-testng-master"/>
    <property name="os.arch" value="amd64"/>
    <property name="java.vm.specification.name" value="Java Virtual Machine Specification"/>
    <property name="sun.os.patch.level" value=""/>
    <property name="java.library.path" value="C:\Program Files\Java\jdk-13.0.1\bin;C:\WINDOWS\Sun\Java\bin;C:\WINDOWS\system32;C:\WINDOWS;C:\Python27\;C:\Python27\Scripts;C:\Program Files (x86)\Common Files\Oracle\Java\javapath;C:\Windows\system32;C:\Windows;C:\Windows\System32\Wbem;C:\Windows\System32\WindowsPowerShell\v1.0\;C:\Windows\System32\OpenSSH\;C:\Users\ekrem\AppData\Local\Microsoft\WindowsApps;C:\Program Files\Java\jdk-13.0.1\bin;C:\WINDOWS\system32;C:\WINDOWS;C:\WINDOWS\System32\Wbem;C:\WINDOWS\System32\WindowsPowerShell\v1.0\;C:\WINDOWS\System32\OpenSSH\;C:\Program Files\Java\jdk-13.0.1\bin;C:\Users\ekrem\Desktop\Selenium\apache-maven-3.6.3\bin;C:\xampp\php;C:\ProgramData\ComposerSetup\bin;C:\Program Files\nodejs\;C:\ProgramData\chocolatey\bin;C:\Program Files\Git\cmd;C:\Program Files\MongoDB\Server\4.2\bin;C:\Users\ekrem\AppData\Local\Android\Sdk\tools;C:\Users\ekrem\AppData\Local\Android\Sdk\platform-tools;C:\Program Files\Java\jdk-13.0.1\bin;C:\Program Files (x86)\Perforce\;C:\strawberry\c\bin;C:\strawberry\perl\bin;C:\Program Files\Docker\Docker\resources\bin;C:\ProgramData\DockerDesktop\version-bin;C:\Program Files\MySQL\MySQL Shell 8.0\bin\;C:\Users\ekrem\AppData\Local\Programs\Python\Python38-32\Scripts\;C:\Users\ekrem\AppData\Local\Programs\Python\Python38-32\;C:\Users\ekrem\AppData\Local\Microsoft\WindowsApps;C:\Program Files\Java\jdk-13.0.1\bin;C:\Users\ekrem\AppData\Local\GitHubDesktop\bin;C:\Users\ekrem\AppData\Local\Programs\Microsoft VS Code\bin;C:\Users\ekrem\AppData\Roaming\Composer\vendor\bin;C:\Users\ekrem\AppData\Roaming\npm;C:\Users\ekrem\Desktop\Selenium\apache-maven-3.6.3\bin;;."/>
    <property name="java.vm.info" value="mixed mode, sharing"/>
    <property name="java.vendor" value="Oracle Corporation"/>
    <property name="java.vm.version" value="13.0.1+9"/>
    <property name="sun.io.unicode.encoding" value="UnicodeLittle"/>
    <property name="java.class.version" value="57.0"/>
  </properties>
  <testcase name="scenario[&quot;Login with invalid user name&quot;, &quot;Optional[Login scenarios]&quot;](1)" classname="com.qa.runners.MyPixel3TestNGRunnerTest" time="8.7">
    <system-out><![CDATA[[INFO ] 2021-01-01 21:15:40.838 com.qa.utils.ServerManager:20 - starting appium server
&amp#27;[35m[Appium]&amp#27;[39m Welcome to Appium v1.19.1
&amp#27;[35m[Appium]&amp#27;[39m Non-default server args:
&amp#27;[35m[Appium]&amp#27;[39m   port: 43033
&amp#27;[35m[Appium]&amp#27;[39m   sessionOverride: true
&amp#27;[35m[Appium]&amp#27;[39m   logFile: C:\Users\ekrem\Desktop\appium-cucumberbdd-testng-master\Android_pixel_3\Server.log
&amp#27;[35m[Appium]&amp#27;[39m Appium REST http interface listener started on 0.0.0.0:43033
&amp#27;[35m[HTTP]&amp#27;[39m &amp#27;[37m-->&amp#27;[39m &amp#27;[37mGET&amp#27;[39m &amp#27;[37m/wd/hub/status&amp#27;[39m
&amp#27;[35m[HTTP]&amp#27;[39m &amp#27;[90m{}&amp#27;[39m
[debug] &amp#27;[35m[GENERIC]&amp#27;[39m Calling AppiumDriver.getStatus() with args: []
[debug] &amp#27;[35m[GENERIC]&amp#27;[39m Responding to client with driver.getStatus() result: {"build":{"version":"1.19.1"}}
&amp#27;[35m[HTTP]&amp#27;[39m &amp#27;[37m<-- GET /wd/hub/status &amp#27;[39m&amp#27;[32m200&amp#27;[39m &amp#27;[90m20 ms - 68&amp#27;[39m
&amp#27;[35m[HTTP]&amp#27;[39m &amp#27;[90m&amp#27;[39m
&amp#27;[35m[HTTP]&amp#27;[39m &amp#27;[37m-->&amp#27;[39m &amp#27;[37mGET&amp#27;[39m &amp#27;[37m/wd/hub/status&amp#27;[39m
&amp#27;[35m[HTTP]&amp#27;[39m &amp#27;[90m{}&amp#27;[39m
[debug] &amp#27;[35m[GENERIC]&amp#27;[39m Calling AppiumDriver.getStatus() with args: []
[debug] &amp#27;[35m[GENERIC]&amp#27;[39m Responding to client with driver.getStatus() result: {"build":{"version":"1.19.1"}}
&amp#27;[35m[HTTP]&amp#27;[39m &amp#27;[37m<-- GET /wd/hub/[INFO ] 2021-01-01 21:15:47.881 com.qa.utils.ServerManager:29 - Appium server started
status &amp#27;[39m&amp#27;[32m200&amp#27;[39m &amp#27;[90m4 ms - 68&amp#27;[39m
&amp#27;[35m[HTTP]&amp#27;[39m &amp#27;[90m&amp#27;[39m
[INFO ] 2021-01-01 21:15:47.978 com.qa.utils.DriverManager:28 - initializing Appium driver
[INFO ] 2021-01-01 21:15:48.051 com.qa.utils.PropertyManager:17 - loading config properties
[INFO ] 2021-01-01 21:15:48.057 com.qa.utils.CapabilitiesManager:18 - getting capabilities
[INFO ] 2021-01-01 21:15:48.065 com.qa.utils.CapabilitiesManager:34 - appUrl isC:\Users\ekrem\Desktop\appium-cucumberbdd-testng-master\src\test\resources\apps\Android.SauceLabs.Mobile.Sample.app.2.2.1.apk
&amp#27;[35m[HTTP]&amp#27;[39m &amp#27;[37m-->&amp#27;[39m &amp#27;[37mPOST&amp#27;[39m &amp#27;[37m/wd/hub/session&amp#27;[39m
&amp#27;[35m[HTTP]&amp#27;[39m &amp#27;[90m{"desiredCapabilities":{"app":"C:\\Users\\ekrem\\Desktop\\appium-cucumberbdd-testng-master\\src\\test\\resources\\apps\\Android.SauceLabs.Mobile.Sample.app.2.2.1.apk","appActivity":"com.swaglabsmobileapp.SplashActivity","appPackage":"com.swaglabsmobileapp","automationName":"UiAutomator2","chromeDriverPort":"11000","platformName":"Android","udid":"emulator-5554","deviceName":"pixel_3","systemPort":"10000"},"capabilities":{"firstMatch":[{"appium:app":"C:\\Users\\ekrem\\Desktop\\appium-cucumberbdd-testng-master\\src\\test\\resources\\apps\\Android.SauceLabs.Mobile.Sample.app.2.2.1.apk","appium:appActivity":"com.swaglabsmobileapp.SplashActivity","appium:appPackage":"com.swaglabsmobileapp","appium:automationName":"UiAutomator2","chromeDriverPort":"11000","appium:deviceName":"pixel_3","platformName":"android","appium:systemPort":"10000","appium:udid":"emulator-5554"}]}}&amp#27;[39m
[debug] &amp#27;[35m[W3C]&amp#27;[39m Calling AppiumDriver.createSession() with args: [{"app":"C:\\Users\\ekrem\\Desktop\\appium-cucumberbdd-testng-master\\src\\test\\resources\\apps\\Android.SauceLabs.Mobile.Sample.app.2.2.1.apk","appActivity":"com.swaglabsmobileapp.SplashActivity","appPackage":"com.swaglabsmobileapp","automationName":"UiAutomator2","chromeDriverPort":"11000","platformName":"Android","udid":"emulator-5554","deviceName":"pixel_3","systemPort":"10000"},null,{"firstMatch":[{"appium:app":"C:\\Users\\ekrem\\Desktop\\appium-cucumberbdd-testng-master\\src\\test\\resources\\apps\\Android.SauceLabs.Mobile.Sample.app.2.2.1.apk","appium:appActivity":"com.swaglabsmobileapp.SplashActivity","appium:appPackage":"com.swaglabsmobileapp","appium:automationName":"UiAutomator2","chromeDriverPort":"11000","appium:deviceName":"pixel_3","platformName":"android","appium:systemPort":"10000","appium:udid":"emulator-5554"}]}]
[debug] &amp#27;[35m[BaseDriver]&amp#27;[39m Event 'newSessionRequested' logged at 1609532149321 (21:15:49 GMT+0100 (Central European Standard Time))
&amp#27;[35m[BaseDriver]&amp#27;[39m The following capabilities are not standard capabilities and should have an extension prefix:
&amp#27;[35m[BaseDriver]&amp#27;[39m   chromeDriverPort
&amp#27;[35m[Appium]&amp#27;[39m Appium v1.19.1 creating new AndroidUiautomator2Driver (v1.59.0) session
[debug] &amp#27;[35m[Appium]&amp#27;[39m There are no active sessions for cleanup
[debug] &amp#27;[35m[BaseDriver]&amp#27;[39m W3C capabilities and MJSONWP desired capabilities were provided
[debug] &amp#27;[35m[BaseDriver]&amp#27;[39m Creating session with W3C capabilities: {
[debug] &amp#27;[35m[BaseDriver]&amp#27;[39m   "alwaysMatch": {
[debug] &amp#27;[35m[BaseDriver]&amp#27;[39m     "appium:chromeDriverPort": "11000",
[debug] &amp#27;[35m[BaseDriver]&amp#27;[39m     "platformName": "android",
[debug] &amp#27;[35m[BaseDriver]&amp#27;[39m     "appium:app": "C:\\Users\\ekrem\\Desktop\\appium-cucumberbdd-testng-master\\src\\test\\resources\\apps\\Android.SauceLabs.Mobile.Sample.app.2.2.1.apk",
[debug] &amp#27;[35m[BaseDriver]&amp#27;[39m     "appium:appActivity": "com.swaglabsmobileapp.SplashActivity",
[debug] &amp#27;[35m[BaseDriver]&amp#27;[39m     "appium:appPackage": "com.swaglabsmobileapp",
[debug] &amp#27;[35m[BaseDriver]&amp#27;[39m     "appium:automationName": "UiAutomator2",
[debug] &amp#27;[35m[BaseDriver]&amp#27;[39m     "appium:deviceName": "pixel_3",
[debug] &amp#27;[35m[BaseDriver]&amp#27;[39m     "appium:systemPort": "10000",
[debug] &amp#27;[35m[BaseDriver]&amp#27;[39m     "appium:udid": "emulator-5554"
[debug] &amp#27;[35m[BaseDriver]&amp#27;[39m   },
[debug] &amp#27;[35m[BaseDriver]&amp#27;[39m   "firstMatch": [
[debug] &amp#27;[35m[BaseDriver]&amp#27;[39m     {}
[debug] &amp#27;[35m[BaseDriver]&amp#27;[39m   ]
[debug] &amp#27;[35m[BaseDriver]&amp#27;[39m }
&amp#27;[35m[BaseDriver]&amp#27;[39m Number capability passed in as string. Functionality may be compromised.
&amp#27;[35m[BaseDriver]&amp#27;[39m Number capability passed in as string. Functionality may be compromised.
&amp#27;[35m[BaseDriver]&amp#27;[39m Capability 'systemPort' changed from string ('10000') to integer (10000). This may cause unexpected behavior
&amp#27;[35m[BaseDriver]&amp#27;[39m Capability 'chromeDriverPort' changed from string ('11000') to integer (11000). This may cause unexpected behavior
&amp#27;[35m[BaseDriver]&amp#27;[39m Session created with session id: 0474ea5d-37eb-4519-a9eb-779a224f32ac
&amp#27;[35m[BaseDriver]&amp#27;[39m Using local app 'C:\Users\ekrem\Desktop\appium-cucumberbdd-testng-master\src\test\resources\apps\Android.SauceLabs.Mobile.Sample.app.2.2.1.apk'
[debug] &amp#27;[35m[UiAutomator2]&amp#27;[39m Checking whether app is actually present
&amp#27;[35m[ADB]&amp#27;[39m Found 1 'build-tools' folders under 'C:\Users\ekrem\AppData\Local\Android\Sdk' (newest first):
&amp#27;[35m[ADB]&amp#27;[39m     C:/Users/ekrem/AppData/Local/Android/Sdk/build-tools/30.0.1
&amp#27;[35m[ADB]&amp#27;[39m Using 'adb.exe' from 'C:\Users\ekrem\AppData\Local\Android\Sdk\platform-tools\adb.exe'
[debug] &amp#27;[35m[ADB]&amp#27;[39m Running 'C:\Users\ekrem\AppData\Local\Android\Sdk\platform-tools\adb.exe -P 5037 start-server'
&amp#27;[35m[AndroidDriver]&amp#27;[39m Retrieving device list
[debug] &amp#27;[35m[ADB]&amp#27;[39m Trying to find a connected android device
[debug] &amp#27;[35m[ADB]&amp#27;[39m Getting connected devices
[debug] &amp#27;[35m[ADB]&amp#27;[39m Connected devices: [{"udid":"emulator-5554","state":"device"}]
&amp#27;[35m[AndroidDriver]&amp#27;[39m Using device: emulator-5554
&amp#27;[35m[ADB]&amp#27;[39m Using 'adb.exe' from 'C:\Users\ekrem\AppData\Local\Android\Sdk\platform-tools\adb.exe'
[debug] &amp#27;[35m[ADB]&amp#27;[39m Running 'C:\Users\ekrem\AppData\Local\Android\Sdk\platform-tools\adb.exe -P 5037 start-server'
[debug] &amp#27;[35m[ADB]&amp#27;[39m Setting device id to emulator-5554
[debug] &amp#27;[35m[ADB]&amp#27;[39m Running 'C:\Users\ekrem\AppData\Local\Android\Sdk\platform-tools\adb.exe -P 5037 -s emulator-5554 shell getprop ro.build.version.sdk'
[debug] &amp#27;[35m[ADB]&amp#27;[39m Current device property 'ro.build.version.sdk': 30
&amp#27;[35m[ADB]&amp#27;[39m Getting device platform version
[debug] &amp#27;[35m[ADB]&amp#27;[39m Running 'C:\Users\ekrem\AppData\Local\Android\Sdk\platform-tools\adb.exe -P 5037 -s emulator-5554 shell getprop ro.build.version.release'
[debug] &amp#27;[35m[ADB]&amp#27;[39m Current device property 'ro.build.version.release': 11
[debug] &amp#27;[35m[ADB]&amp#27;[39m Device API level: 30
&amp#27;[35m[UiAutomator2]&amp#27;[39m Relaxing hidden api policy
[debug] &amp#27;[35m[ADB]&amp#27;[39m Running 'C:\Users\ekrem\AppData\Local\Android\Sdk\platform-tools\adb.exe -P 5037 -s emulator-5554 shell 'settings put global hidden_api_policy_pre_p_apps 1;settings put global hidden_api_policy_p_apps 1;settings put global hidden_api_policy 1''
[debug] &amp#27;[35m[ADB]&amp#27;[39m Running 'C:\Users\ekrem\AppData\Local\Android\Sdk\platform-tools\adb.exe -P 5037 -s emulator-5554 wait-for-device'
[debug] &amp#27;[35m[ADB]&amp#27;[39m Running 'C:\Users\ekrem\AppData\Local\Android\Sdk\platform-tools\adb.exe -P 5037 -s emulator-5554 shell echo ping'
[debug] &amp#27;[35m[AndroidDriver]&amp#27;[39m Pushing settings apk to device...
[debug] &amp#27;[35m[ADB]&amp#27;[39m Getting install status for io.appium.settings
[debug] &amp#27;[35m[ADB]&amp#27;[39m Running 'C:\Users\ekrem\AppData\Local\Android\Sdk\platform-tools\adb.exe -P 5037 -s emulator-5554 shell dumpsys package io.appium.settings'
[debug] &amp#27;[35m[ADB]&amp#27;[39m 'io.appium.settings' is installed
[debug] &amp#27;[35m[ADB]&amp#27;[39m Getting package info for 'io.appium.settings'
[debug] &amp#27;[35m[ADB]&amp#27;[39m Running 'C:\Users\ekrem\AppData\Local\Android\Sdk\platform-tools\adb.exe -P 5037 -s emulator-5554 shell dumpsys package io.appium.settings'
[debug] &amp#27;[35m[ADB]&amp#27;[39m The version name of the installed 'io.appium.settings' is greater or equal to the application version name ('3.2.1' >= '3.2.1')
[debug] &amp#27;[35m[ADB]&amp#27;[39m There is no need to install/upgrade 'C:\Users\ekrem\AppData\Roaming\npm\node_modules\appium\node_modules\io.appium.settings\apks\settings_apk-debug.apk'
[debug] &amp#27;[35m[ADB]&amp#27;[39m Getting IDs of all 'io.appium.settings' processes
[debug] &amp#27;[35m[ADB]&amp#27;[39m Running 'C:\Users\ekrem\AppData\Local\Android\Sdk\platform-tools\adb.exe -P 5037 -s emulator-5554 shell 'pgrep --help; echo $?''
[debug] &amp#27;[35m[ADB]&amp#27;[39m Running 'C:\Users\ekrem\AppData\Local\Android\Sdk\platform-tools\adb.exe -P 5037 -s emulator-5554 shell pgrep -f \(\[\[:blank:\]\]\|\^\)io\.appium\.settings\(\[\[:blank:\]\]\|\$\)'
[debug] &amp#27;[35m[AndroidDriver]&amp#27;[39m io.appium.settings is already running. There is no need to reset its permissions.
[debug] &amp#27;[35m[Logcat]&amp#27;[39m Starting logs capture with command: C:\\Users\\ekrem\\AppData\\Local\\Android\\Sdk\\platform-tools\\adb.exe -P 5037 -s emulator-5554 logcat -v threadtime
[debug] &amp#27;[35m[UiAutomator2]&amp#27;[39m Forwarding UiAutomator2 Server port 6790 to local port 10000
[debug] &amp#27;[35m[ADB]&amp#27;[39m Forwarding system: 10000 to device: 6790
[debug] &amp#27;[35m[ADB]&amp#27;[39m Running 'C:\Users\ekrem\AppData\Local\Android\Sdk\platform-tools\adb.exe -P 5037 -s emulator-5554 forward tcp:10000 tcp:6790'
[debug] &amp#27;[35m[ADB]&amp#27;[39m Getting install status for io.appium.uiautomator2.server
[debug] &amp#27;[35m[ADB]&amp#27;[39m Running 'C:\Users\ekrem\AppData\Local\Android\Sdk\platform-tools\adb.exe -P 5037 -s emulator-5554 shell dumpsys package io.appium.uiautomator2.server'
[debug] &amp#27;[35m[ADB]&amp#27;[39m 'io.appium.uiautomator2.server' is installed
[debug] &amp#27;[35m[ADB]&amp#27;[39m Getting package info for 'io.appium.uiautomator2.server'
[debug] &amp#27;[35m[ADB]&amp#27;[39m Running 'C:\Users\ekrem\AppData\Local\Android\Sdk\platform-tools\adb.exe -P 5037 -s emulator-5554 shell dumpsys package io.appium.uiautomator2.server'
[debug] &amp#27;[35m[ADB]&amp#27;[39m The version name of the installed 'io.appium.uiautomator2.server' is greater or equal to the application version name ('4.15.0' >= '4.15.0')
[debug] &amp#27;[35m[UiAutomator2]&amp#27;[39m io.appium.uiautomator2.server installation state: sameVersionInstalled
[debug] &amp#27;[35m[ADB]&amp#27;[39m Checking app cert for C:\Users\ekrem\AppData\Roaming\npm\node_modules\appium\node_modules\appium-uiautomator2-server\apks\appium-uiautomator2-server-v4.15.0.apk
&amp#27;[35m[ADB]&amp#27;[39m Using 'apksigner.jar' from 'C:\Users\ekrem\AppData\Local\Android\Sdk\build-tools\30.0.1\lib\apksigner.jar'
[debug] &amp#27;[35m[ADB]&amp#27;[39m Starting apksigner: 'C:\\Program Files\\Java\\jdk-13.0.1\\bin\\java.exe' -Xmx1024M -Xss1m -jar C:\\Users\\ekrem\\AppData\\Local\\Android\\Sdk\\build-tools\\30.0.1\\lib\\apksigner.jar verify --print-certs C:\\Users\\ekrem\\AppData\\Roaming\\npm\\node_modules\\appium\\node_modules\\appium-uiautomator2-server\\apks\\appium-uiautomator2-server-v4.15.0.apk
[debug] &amp#27;[35m[ADB]&amp#27;[39m apksigner stdout: Signer #1 certificate DN: EMAILADDRESS=android@android.com, CN=Android, OU=Android, O=Android, L=Mountain View, ST=California, C=US
[debug] &amp#27;[35m[ADB]&amp#27;[39m Signer #1 certificate SHA-256 digest: a40da80a59d170caa950cf15c18c454d47a39b26989d8b640ecd745ba71bf5dc
[debug] &amp#27;[35m[ADB]&amp#27;[39m Signer #1 certificate SHA-1 digest: 61ed377e85d386a8dfee6b864bd85b0bfaa5af81
[debug] &amp#27;[35m[ADB]&amp#27;[39m Signer #1 certificate MD5 digest: e89b158e4bcf988ebd09eb83f5378e87
[debug] &amp#27;[35m[ADB]&amp#27;[39m 
[debug] &amp#27;[35m[ADB]&amp#27;[39m sha256 hash did match for 'appium-uiautomator2-server-v4.15.0.apk'
&amp#27;[35m[ADB]&amp#27;[39m 'C:\Users\ekrem\AppData\Roaming\npm\node_modules\appium\node_modules\appium-uiautomator2-server\apks\appium-uiautomator2-server-v4.15.0.apk' is signed with the default certificate
[debug] &amp#27;[35m[ADB]&amp#27;[39m Getting install status for io.appium.uiautomator2.server.test
[debug] &amp#27;[35m[ADB]&amp#27;[39m Running 'C:\Users\ekrem\AppData\Local\Android\Sdk\platform-tools\adb.exe -P 5037 -s emulator-5554 shell dumpsys package io.appium.uiautomator2.server.test'
[debug] &amp#27;[35m[ADB]&amp#27;[39m 'io.appium.uiautomator2.server.test' is installed
[debug] &amp#27;[35m[ADB]&amp#27;[39m Checking app cert for C:\Users\ekrem\AppData\Roaming\npm\node_modules\appium\node_modules\appium-uiautomator2-server\apks\appium-uiautomator2-server-debug-androidTest.apk
[debug] &amp#27;[35m[ADB]&amp#27;[39m Starting apksigner: 'C:\\Program Files\\Java\\jdk-13.0.1\\bin\\java.exe' -Xmx1024M -Xss1m -jar C:\\Users\\ekrem\\AppData\\Local\\Android\\Sdk\\build-tools\\30.0.1\\lib\\apksigner.jar verify --print-certs C:\\Users\\ekrem\\AppData\\Roaming\\npm\\node_modules\\appium\\node_modules\\appium-uiautomator2-server\\apks\\appium-uiautomator2-server-debug-androidTest.apk
[debug] &amp#27;[35m[ADB]&amp#27;[39m apksigner stdout: Signer #1 certificate DN: EMAILADDRESS=android@android.com, CN=Android, OU=Android, O=Android, L=Mountain View, ST=California, C=US
[debug] &amp#27;[35m[ADB]&amp#27;[39m Signer #1 certificate SHA-256 digest: a40da80a59d170caa950cf15c18c454d47a39b26989d8b640ecd745ba71bf5dc
[debug] &amp#27;[35m[ADB]&amp#27;[39m Signer #1 certificate SHA-1 digest: 61ed377e85d386a8dfee6b864bd85b0bfaa5af81
[debug] &amp#27;[35m[ADB]&amp#27;[39m Signer #1 certificate MD5 digest: e89b158e4bcf988ebd09eb83f5378e87
[debug] &amp#27;[35m[ADB]&amp#27;[39m 
[debug] &amp#27;[35m[ADB]&amp#27;[39m sha256 hash did match for 'appium-uiautomator2-server-debug-androidTest.apk'
&amp#27;[35m[ADB]&amp#27;[39m 'C:\Users\ekrem\AppData\Roaming\npm\node_modules\appium\node_modules\appium-uiautomator2-server\apks\appium-uiautomator2-server-debug-androidTest.apk' is signed with the default certificate
&amp#27;[35m[UiAutomator2]&amp#27;[39m Server packages are not going to be (re)installed
[debug] &amp#27;[35m[UiAutomator2]&amp#27;[39m Waiting up to 30000ms for services to be available
[debug] &amp#27;[35m[ADB]&amp#27;[39m Running 'C:\Users\ekrem\AppData\Local\Android\Sdk\platform-tools\adb.exe -P 5037 -s emulator-5554 shell pm list instrumentation'
[debug] &amp#27;[35m[UiAutomator2]&amp#27;[39m Instrumentation target 'io.appium.uiautomator2.server.test/androidx.test.runner.AndroidJUnitRunner' is available
[debug] &amp#27;[35m[ADB]&amp#27;[39m Checking app cert for C:\Users\ekrem\Desktop\appium-cucumberbdd-testng-master\src\test\resources\apps\Android.SauceLabs.Mobile.Sample.app.2.2.1.apk
[debug] &amp#27;[35m[ADB]&amp#27;[39m Starting apksigner: 'C:\\Program Files\\Java\\jdk-13.0.1\\bin\\java.exe' -Xmx1024M -Xss1m -jar C:\\Users\\ekrem\\AppData\\Local\\Android\\Sdk\\build-tools\\30.0.1\\lib\\apksigner.jar verify --print-certs C:\\Users\\ekrem\\Desktop\\appium-cucumberbdd-testng-master\\src\\test\\resources\\apps\\Android.SauceLabs.Mobile.Sample.app.2.2.1.apk
[debug] &amp#27;[35m[ADB]&amp#27;[39m apksigner stdout: Signer #1 certificate DN: EMAILADDRESS=android@android.com, CN=Android, OU=Android, O=Android, L=Mountain View, ST=California, C=US
[debug] &amp#27;[35m[ADB]&amp#27;[39m Signer #1 certificate SHA-256 digest: a40da80a59d170caa950cf15c18c454d47a39b26989d8b640ecd745ba71bf5dc
[debug] &amp#27;[35m[ADB]&amp#27;[39m Signer #1 certificate SHA-1 digest: 61ed377e85d386a8dfee6b864bd85b0bfaa5af81
[debug] &amp#27;[35m[ADB]&amp#27;[39m Signer #1 certificate MD5 digest: e89b158e4bcf988ebd09eb83f5378e87
[debug] &amp#27;[35m[ADB]&amp#27;[39m 
[debug] &amp#27;[35m[ADB]&amp#27;[39m sha256 hash did match for 'Android.SauceLabs.Mobile.Sample.app.2.2.1.apk'
&amp#27;[35m[ADB]&amp#27;[39m 'C:\Users\ekrem\Desktop\appium-cucumberbdd-testng-master\src\test\resources\apps\Android.SauceLabs.Mobile.Sample.app.2.2.1.apk' is signed with the default certificate
[debug] &amp#27;[35m[ADB]&amp#27;[39m Getting install status for com.swaglabsmobileapp
[debug] &amp#27;[35m[ADB]&amp#27;[39m Running 'C:\Users\ekrem\AppData\Local\Android\Sdk\platform-tools\adb.exe -P 5037 -s emulator-5554 shell dumpsys package com.swaglabsmobileapp'
[debug] &amp#27;[35m[ADB]&amp#27;[39m 'com.swaglabsmobileapp' is installed
[debug] &amp#27;[35m[ADB]&amp#27;[39m Getting package info for 'com.swaglabsmobileapp'
[debug] &amp#27;[35m[ADB]&amp#27;[39m Running 'C:\Users\ekrem\AppData\Local\Android\Sdk\platform-tools\adb.exe -P 5037 -s emulator-5554 shell dumpsys package com.swaglabsmobileapp'
[debug] &amp#27;[35m[ADB]&amp#27;[39m The version name of the installed 'com.swaglabsmobileapp' is greater or equal to the application version name ('2.2.1' >= '2.2.1')
[debug] &amp#27;[35m[ADB]&amp#27;[39m There is no need to install/upgrade 'C:\Users\ekrem\Desktop\appium-cucumberbdd-testng-master\src\test\resources\apps\Android.SauceLabs.Mobile.Sample.app.2.2.1.apk'
&amp#27;[35m[AndroidDriver]&amp#27;[39m Performing fast reset on 'com.swaglabsmobileapp'
[debug] &amp#27;[35m[ADB]&amp#27;[39m Getting install status for com.swaglabsmobileapp
[debug] &amp#27;[35m[ADB]&amp#27;[39m Running 'C:\Users\ekrem\AppData\Local\Android\Sdk\platform-tools\adb.exe -P 5037 -s emulator-5554 shell dumpsys package com.swaglabsmobileapp'
[debug] &amp#27;[35m[ADB]&amp#27;[39m 'com.swaglabsmobileapp' is installed
[debug] &amp#27;[35m[ADB]&amp#27;[39m Running 'C:\Users\ekrem\AppData\Local\Android\Sdk\platform-tools\adb.exe -P 5037 -s emulator-5554 shell am force-stop com.swaglabsmobileapp'
[debug] &amp#27;[35m[ADB]&amp#27;[39m Running 'C:\Users\ekrem\AppData\Local\Android\Sdk\platform-tools\adb.exe -P 5037 -s emulator-5554 shell pm clear com.swaglabsmobileapp'
[debug] &amp#27;[35m[AndroidDriver]&amp#27;[39m Performed fast reset on the installed 'com.swaglabsmobileapp' application (stop and clear)
[debug] &amp#27;[35m[UiAutomator2]&amp#27;[39m Performing shallow cleanup of automation leftovers
[debug] &amp#27;[35m[UiAutomator2]&amp#27;[39m No obsolete sessions have been detected (socket hang up)
[debug] &amp#27;[35m[ADB]&amp#27;[39m Running 'C:\Users\ekrem\AppData\Local\Android\Sdk\platform-tools\adb.exe -P 5037 -s emulator-5554 shell am force-stop io.appium.uiautomator2.server.test'
&amp#27;[35m[UiAutomator2]&amp#27;[39m Starting UIAutomator2 server 4.15.0
&amp#27;[35m[UiAutomator2]&amp#27;[39m Using UIAutomator2 server from 'C:\Users\ekrem\AppData\Roaming\npm\node_modules\appium\node_modules\appium-uiautomator2-server\apks\appium-uiautomator2-server-v4.15.0.apk' and test from 'C:\Users\ekrem\AppData\Roaming\npm\node_modules\appium\node_modules\appium-uiautomator2-server\apks\appium-uiautomator2-server-debug-androidTest.apk'
&amp#27;[35m[UiAutomator2]&amp#27;[39m Waiting up to 30000ms for UiAutomator2 to be online...
[debug] &amp#27;[35m[ADB]&amp#27;[39m Creating ADB subprocess with args: ["-P",5037,"-s","emulator-5554","shell","am","instrument","-w","io.appium.uiautomator2.server.test/androidx.test.runner.AndroidJUnitRunner"]
[debug] &amp#27;[35m[WD Proxy]&amp#27;[39m Matched '/status' to command name 'getStatus'
[debug] &amp#27;[35m[WD Proxy]&amp#27;[39m Proxying [GET /status] to [GET http://127.0.0.1:10000/wd/hub/status] with no body
&amp#27;[35m[WD Proxy]&amp#27;[39m socket hang up
[debug] &amp#27;[35m[WD Proxy]&amp#27;[39m Matched '/status' to command name 'getStatus'
[debug] &amp#27;[35m[WD Proxy]&amp#27;[39m Proxying [GET /status] to [GET http://127.0.0.1:10000/wd/hub/status] with no body
&amp#27;[35m[WD Proxy]&amp#27;[39m socket hang up
[debug] &amp#27;[35m[WD Proxy]&amp#27;[39m Matched '/status' to command name 'getStatus'
[debug] &amp#27;[35m[WD Proxy]&amp#27;[39m Proxying [GET /status] to [GET http://127.0.0.1:10000/wd/hub/status] with no body
&amp#27;[35m[WD Proxy]&amp#27;[39m socket hang up
[debug] &amp#27;[35m[WD Proxy]&amp#27;[39m Matched '/status' to command name 'getStatus'
[debug] &amp#27;[35m[WD Proxy]&amp#27;[39m Proxying [GET /status] to [GET http://127.0.0.1:10000/wd/hub/status] with no body
&amp#27;[35m[WD Proxy]&amp#27;[39m socket hang up
[debug] &amp#27;[35m[WD Proxy]&amp#27;[39m Matched '/status' to command name 'getStatus'
[debug] &amp#27;[35m[WD Proxy]&amp#27;[39m Proxying [GET /status] to [GET http://127.0.0.1:10000/wd/hub/status] with no body
&amp#27;[35m[WD Proxy]&amp#27;[39m socket hang up
[debug] &amp#27;[35m[WD Proxy]&amp#27;[39m Matched '/status' to command name 'getStatus'
[debug] &amp#27;[35m[WD Proxy]&amp#27;[39m Proxying [GET /status] to [GET http://127.0.0.1:10000/wd/hub/status] with no body
&amp#27;[35m[WD Proxy]&amp#27;[39m socket hang up
[debug] &amp#27;[35m[WD Proxy]&amp#27;[39m Matched '/status' to command name 'getStatus'
[debug] &amp#27;[35m[WD Proxy]&amp#27;[39m Proxying [GET /status] to [GET http://127.0.0.1:10000/wd/hub/status] with no body
&amp#27;[35m[WD Proxy]&amp#27;[39m socket hang up
[debug] &amp#27;[35m[Instrumentation]&amp#27;[39m io.appium.uiautomator2.server.test.AppiumUiAutomator2Server:
[debug] &amp#27;[35m[WD Proxy]&amp#27;[39m Matched '/status' to command name 'getStatus'
[debug] &amp#27;[35m[WD Proxy]&amp#27;[39m Proxying [GET /status] to [GET http://127.0.0.1:10000/wd/hub/status] with no body
&amp#27;[35m[WD Proxy]&amp#27;[39m socket hang up
[debug] &amp#27;[35m[WD Proxy]&amp#27;[39m Matched '/status' to command name 'getStatus'
[debug] &amp#27;[35m[WD Proxy]&amp#27;[39m Proxying [GET /status] to [GET http://127.0.0.1:10000/wd/hub/status] with no body
&amp#27;[35m[WD Proxy]&amp#27;[39m socket hang up
[debug] &amp#27;[35m[WD Proxy]&amp#27;[39m Matched '/status' to command name 'getStatus'
[debug] &amp#27;[35m[WD Proxy]&amp#27;[39m Proxying [GET /status] to [GET http://127.0.0.1:10000/wd/hub/status] with no body
[debug] &amp#27;[35m[WD Proxy]&amp#27;[39m Got response with status 200: {"sessionId":"None","value":{"message":"UiAutomator2 Server is ready to accept commands","ready":true}}
[debug] &amp#27;[35m[UiAutomator2]&amp#27;[39m The initialization of the instrumentation process took 10711ms
[debug] &amp#27;[35m[WD Proxy]&amp#27;[39m Matched '/session' to command name 'createSession'
[debug] &amp#27;[35m[WD Proxy]&amp#27;[39m Proxying [POST /session] to [POST http://127.0.0.1:10000/wd/hub/session] with body: {"capabilities":{"firstMatch":[{"platform":"LINUX","webStorageEnabled":false,"takesScreenshot":true,"javascriptEnabled":true,"databaseEnabled":false,"networkConnectionEnabled":true,"locationContextEnabled":false,"warnings":{},"desired":{"platformName":"android","chromeDriverPort":11000,"app":"C:\\Users\\ekrem\\Desktop\\appium-cucumberbdd-testng-master\\src\\test\\resources\\apps\\Android.SauceLabs.Mobile.Sample.app.2.2.1.apk","appActivity":"com.swaglabsmobileapp.SplashActivity","appPackage":"com.swaglabsmobileapp","automationName":"UiAutomator2","deviceName":"pixel_3","systemPort":10000,"udid":"emulator-5554"},"platformName":"android","chromeDriverPort":11000,"app":"C:\\Users\\ekrem\\Desktop\\appium-cucumberbdd-testng-master\\src\\test\\resources\\apps\\Android.SauceLabs.Mobile.Sample.app.2.2.1.apk","appActivity":"com.swaglabsmobileapp.SplashActivity","appPackage":"com.swaglabsmobileapp","automationName":"UiAutomator2","deviceName":"emulator-5554","systemPort":10000,"udid":"emulator-5554","deviceUDID":"emu...
[debug] &amp#27;[35m[WD Proxy]&amp#27;[39m Got response with status 200: {"sessionId":"811c1123-b92f-4960-a6ec-a99457c0f350","value":{"capabilities":{"firstMatch":[{"platform":"LINUX","webStorageEnabled":false,"takesScreenshot":true,"javascriptEnabled":true,"databaseEnabled":false,"networkConnectionEnabled":true,"locationContextEnabled":false,"warnings":{},"desired":{"platformName":"android","chromeDriverPort":11000,"app":"C:\\Users\\ekrem\\Desktop\\appium-cucumberbdd-testng-master\\src\\test\\resources\\apps\\Android.SauceLabs.Mobile.Sample.app.2.2.1.apk","appActivity":"com.swaglabsmobileapp.SplashActivity","appPackage":"com.swaglabsmobileapp","automationName":"UiAutomator2","deviceName":"pixel_3","systemPort":10000,"udid":"emulator-5554"},"platformName":"android","chromeDriverPort":11000,"app":"C:\\Users\\ekrem\\Desktop\\appium-cucumberbdd-testng-master\\src\\test\\resources\\apps\\Android.SauceLabs.Mobile.Sample.app.2.2.1.apk","appActivity":"com.swaglabsmobileapp.SplashActivity","appPackage":"com.swaglabsmobileapp","automationName":"UiAutomator2","deviceName":"emulator-5554"...
&amp#27;[35m[WD Proxy]&amp#27;[39m Determined the downstream protocol as 'W3C'
[debug] &amp#27;[35m[WD Proxy]&amp#27;[39m Proxying [GET /appium/device/info] to [GET http://127.0.0.1:10000/wd/hub/session/811c1123-b92f-4960-a6ec-a99457c0f350/appium/device/info] with no body
[debug] &amp#27;[35m[WD Proxy]&amp#27;[39m Got response with status 200: {"sessionId":"811c1123-b92f-4960-a6ec-a99457c0f350","value":{"androidId":"aacc8b44abe4a4b2","apiVersion":"30","bluetooth":{"state":"ON"},"brand":"google","carrierName":"Android","displayDensity":440,"locale":"en_US","manufacturer":"Google","model":"sdk_gphone_x86","networks":[{"capabilities":{"SSID":null,"linkDownBandwidthKbps":117000,"linkUpstreamBandwidthKbps":117000,"networkCapabilities":"NET_CAPABILITY_NOT_METERED,NET_CAPABILITY_INTERNET,NET_CAPABILITY_NOT_RESTRICTED,NET_CAPABILITY_TRUSTED,NET_CAPABILITY_NOT_VPN,NET_CAPABILITY_VALIDATED,NET_CAPABILITY_NOT_ROAMING,NET_CAPABILITY_FOREGROUND,NET_CAPABILITY_NOT_CONGESTED,NET_CAPABILITY_NOT_SUSPENDED","signalStrength":-30,"transportTypes":"TRANSPORT_WIFI"},"detailedState":"CONNECTED","extraInfo":"","isAvailable":true,"isConnected":true,"isFailover":false,"isRoaming":false,"state":"CONNECTED","subtype":1,"subtypeName":"","type":1,"typeName":"WIFI"},{"capabilities":{"SSID":null,"linkDownBandwidthKbps":30000,"linkUpstreamBandwidthKbps":15000,"networkCapabiliti...
[debug] &amp#27;[35m[ADB]&amp#27;[39m Running 'C:\Users\ekrem\AppData\Local\Android\Sdk\platform-tools\adb.exe -P 5037 -s emulator-5554 shell dumpsys window'
&amp#27;[35m[AndroidDriver]&amp#27;[39m Screen already unlocked, doing nothing
&amp#27;[35m[UiAutomator2]&amp#27;[39m Starting 'com.swaglabsmobileapp/com.swaglabsmobileapp.SplashActivity and waiting for 'com.swaglabsmobileapp/com.swaglabsmobileapp.SplashActivity'
[debug] &amp#27;[35m[ADB]&amp#27;[39m Running 'C:\Users\ekrem\AppData\Local\Android\Sdk\platform-tools\adb.exe -P 5037 -s emulator-5554 shell am start -W -n com.swaglabsmobileapp/com.swaglabsmobileapp.SplashActivity -S -a android.intent.action.MAIN -c android.intent.category.LAUNCHER -f 0x10200000'
[debug] &amp#27;[35m[WD Proxy]&amp#27;[39m Proxying [GET /appium/device/pixel_ratio] to [GET http://127.0.0.1:10000/wd/hub/session/811c1123-b92f-4960-a6ec-a99457c0f350/appium/device/pixel_ratio] with no body
[debug] &amp#27;[35m[WD Proxy]&amp#27;[39m Got response with status 200: {"sessionId":"811c1123-b92f-4960-a6ec-a99457c0f350","value":2.75}
[debug] &amp#27;[35m[WD Proxy]&amp#27;[39m Matched '/appium/device/system_bars' to command name 'getSystemBars'
[debug] &amp#27;[35m[WD Proxy]&amp#27;[39m Proxying [GET /appium/device/system_bars] to [GET http://127.0.0.1:10000/wd/hub/session/811c1123-b92f-4960-a6ec-a99457c0f350/appium/device/system_bars] with no body
[debug] &amp#27;[35m[WD Proxy]&amp#27;[39m Got response with status 200: {"sessionId":"811c1123-b92f-4960-a6ec-a99457c0f350","value":{"statusBar":66}}
[debug] &amp#27;[35m[WD Proxy]&amp#27;[39m Matched '/window/current/size' to command name 'getWindowSize'
[debug] &amp#27;[35m[WD Proxy]&amp#27;[39m Proxying [GET /window/current/size] to [GET http://127.0.0.1:10000/wd/hub/session/811c1123-b92f-4960-a6ec-a99457c0f350/window/current/size] with no body
[debug] &amp#27;[35m[WD Proxy]&amp#27;[39m Got response with status 200: {"sessionId":"811c1123-b92f-4960-a6ec-a99457c0f350","value":{"height":2028,"width":1080}}
&amp#27;[35m[Appium]&amp#27;[39m New AndroidUiautomator2Driver session created successfully, session 0474ea5d-37eb-4519-a9eb-779a224f32ac added to master session list
[debug] &amp#27;[35m[BaseDriver]&amp#27;[39m Event 'newSessionStarted' logged at 1609532177726 (21:16:17 GMT+0100 (Central European Standard Time))
[debug] &amp#27;[35m[W3C (0474ea5d)]&amp#27;[39m Cached the protocol value 'W3C' for the new session 0474ea5d-37eb-4519-a9eb-779a224f32ac
[debug] &amp#27;[35m[W3C (0474ea5d)]&amp#27;[39m Responding to client with driver.createSession() result: {"capabilities":{"platform":"LINUX","webStorageEnabled":false,"takesScreenshot":true,"javascriptEnabled":true,"databaseEnabled":false,"networkConnectionEnabled":true,"locationContextEnabled":false,"warnings":{},"desired":{"platformName":"android","chromeDriverPort":11000,"app":"C:\\Users\\ekrem\\Desktop\\appium-cucumberbdd-testng-master\\src\\test\\resources\\apps\\Android.SauceLabs.Mobile.Sample.app.2.2.1.apk","appActivity":"com.swaglabsmobileapp.SplashActivity","appPackage":"com.swaglabsmobileapp","automationName":"UiAutomator2","deviceName":"pixel_3","systemPort":10000,"udid":"emulator-5554"},"platformName":"android","chromeDriverPort":11000,"app":"C:\\Users\\ekrem\\Desktop\\appium-cucumberbdd-testng-master\\src\\test\\resources\\apps\\Android.SauceLabs.Mobile.Sample.app.2.2.1.apk","appActivity":"com.swaglabsmobileapp.SplashActivity","appPackage":"com.swaglabsmobileapp","automationName":"UiAutomator2","deviceName":"emulator-5554","systemPort":10000,"udid":"emulator-5554","deviceUDID":"emulator-5554","de...
&amp#27;[35m[HTTP]&amp#27;[39m &amp#27;[37m<-- POST /wd/hub/session &amp#27;[39m&amp#27;[32m200&amp#27;[39m &amp#27;[90m28420 ms - 1340&amp#27;[39m
&amp#27;[35m[HTTP]&amp#27;[39m &amp#27;[90m&amp#27;[39m
[INFO ] 2021-01-01 21:16:17.966 com.qa.utils.DriverManager:40 - Driver is initialized

@test
Scenario Outline: Login with invalid user name                                                        # src/test/resources/Login.feature:11
&amp#27;[35m[HTTP]&amp#27;[39m &amp#27;[37m-->&amp#27;[39m &amp#27;[37mPOST&amp#27;[39m &amp#27;[37m/wd/hub/session/0474ea5d-37eb-4519-a9eb-779a224f32ac/appium/start_recording_screen&amp#27;[39m
&amp#27;[35m[HTTP]&amp#27;[39m &amp#27;[90m{}&amp#27;[39m
[debug] &amp#27;[35m[W3C (0474ea5d)]&amp#27;[39m Calling AppiumDriver.startRecordingScreen() with args: [null,"0474ea5d-37eb-4519-a9eb-779a224f32ac"]
[debug] &amp#27;[35m[ADB]&amp#27;[39m Getting IDs of all 'screenrecord' processes
[debug] &amp#27;[35m[ADB]&amp#27;[39m Running 'C:\Users\ekrem\AppData\Local\Android\Sdk\platform-tools\adb.exe -P 5037 -s emulator-5554 shell pgrep -f \(\[\[:blank:\]\]\|\^\)screenrecord\(\[\[:blank:\]\]\|\$\)'
&amp#27;[35m[AndroidDriver]&amp#27;[39m Screen recording has not been previously started by Appium. There is nothing to stop
[debug] &amp#27;[35m[ADB]&amp#27;[39m Getting IDs of all 'screenrecord' processes
[debug] &amp#27;[35m[ADB]&amp#27;[39m Running 'C:\Users\ekrem\AppData\Local\Android\Sdk\platform-tools\adb.exe -P 5037 -s emulator-5554 shell pgrep -f \(\[\[:blank:\]\]\|\^\)screenrecord\(\[\[:blank:\]\]\|\$\)'
[debug] &amp#27;[35m[ADB]&amp#27;[39m Building screenrecord process with the command line: adb -P 5037 -s emulator-5554 shell screenrecord --time-limit 180 /sdcard/ccd60874.mp4
[debug] &amp#27;[35m[ADB]&amp#27;[39m Running 'C:\Users\ekrem\AppData\Local\Android\Sdk\platform-tools\adb.exe -P 5037 -s emulator-5554 shell "[ -e '/sdcard/ccd60874.mp4' ] && echo __PASS__"'
[debug] &amp#27;[35m[ADB]&amp#27;[39m Running 'C:\Users\ekrem\AppData\Local\Android\Sdk\platform-tools\adb.exe -P 5037 -s emulator-5554 shell "[ -e '/sdcard/ccd60874.mp4' ] && echo __PASS__"'
[debug] &amp#27;[35m[W3C (0474ea5d)]&amp#27;[39m Responding to client with driver.startRecordingScreen() result: ""
&amp#27;[35m[HTTP]&amp#27;[39m &amp#27;[37m<-- POST /wd/hub/session/0474ea5d-37eb-4519-a9eb-779a224f32ac/appium/start_recording_screen &amp#27;[39m&amp#27;[32m200&amp#27;[39m &amp#27;[90m1140 ms - 12&amp#27;[39m
&amp#27;[35m[HTTP]&amp#27;[39m &amp#27;[90m&amp#27;[39m
&amp#27;[35m[HTTP]&amp#27;[39m &amp#27;[37m-->&amp#27;[39m &amp#27;[37mGET&amp#27;[39m &amp#27;[37m/wd/hub/session/0474ea5d-37eb-4519-a9eb-779a224f32ac/context&amp#27;[39m
&amp#27;[35m[HTTP]&amp#27;[39m &amp#27;[90m{}&amp#27;[39m
[debug] &amp#27;[35m[W3C (0474ea5d)]&amp#27;[39m Calling AppiumDriver.getCurrentContext() with args: ["0474ea5d-37eb-4519-a9eb-779a224f32ac"]
[debug] &amp#27;[35m[W3C (0474ea5d)]&amp#27;[39m Responding to client with driver.getCurrentContext() result: "NATIVE_APP"
&amp#27;[35m[HTTP]&amp#27;[39m &amp#27;[37m<-- GET /wd/hub/session/0474ea5d-37eb-4519-a9eb-779a224f32ac/context &amp#27;[39m&amp#27;[32m200&amp#27;[39m &amp#27;[90m9 ms - 22&amp#27;[39m
&amp#27;[35m[HTTP]&amp#27;[39m &amp#27;[90m&amp#27;[39m
&amp#27;[35m[HTTP]&amp#27;[39m &amp#27;[37m-->&amp#27;[39m &amp#27;[37mPOST&amp#27;[39m &amp#27;[37m/wd/hub/session/0474ea5d-37eb-4519-a9eb-779a224f32ac/element&amp#27;[39m
&amp#27;[35m[HTTP]&amp#27;[39m &amp#27;[90m{"using":"accessibility id","value":"test-Username"}&amp#27;[39m
[debug] &amp#27;[35m[W3C (0474ea5d)]&amp#27;[39m Calling AppiumDriver.findElement() with args: ["accessibility id","test-Username","0474ea5d-37eb-4519-a9eb-779a224f32ac"]
[debug] &amp#27;[35m[BaseDriver]&amp#27;[39m Valid locator strategies for this request: xpath, id, class name, accessibility id, css selector, -android uiautomator
[debug] &amp#27;[35m[BaseDriver]&amp#27;[39m Waiting up to 0 ms for condition
[debug] &amp#27;[35m[WD Proxy]&amp#27;[39m Matched '/element' to command name 'findElement'
[debug] &amp#27;[35m[WD Proxy]&amp#27;[39m Proxying [POST /element] to [POST http://127.0.0.1:10000/wd/hub/session/811c1123-b92f-4960-a6ec-a99457c0f350/element] with body: {"strategy":"accessibility id","selector":"test-Username","context":"","multiple":false}
[debug] &amp#27;[35m[WD Proxy]&amp#27;[39m Got response with status 200: {"sessionId":"811c1123-b92f-4960-a6ec-a99457c0f350","value":{"ELEMENT":"72c37be6-fe4d-430e-a571-ac20701e4c53","element-6066-11e4-a52e-4f735466cecf":"72c37be6-fe4d-430e-a571-ac20701e4c53"}}
[debug] &amp#27;[35m[W3C (0474ea5d)]&amp#27;[39m Responding to client with driver.findElement() result: {"element-6066-11e4-a52e-4f735466cecf":"72c37be6-fe4d-430e-a571-ac20701e4c53","ELEMENT":"72c37be6-fe4d-430e-a571-ac20701e4c53"}
&amp#27;[35m[HTTP]&amp#27;[39m &amp#27;[37m<-- POST /wd/hub/session/0474ea5d-37eb-4519-a9eb-779a224f32ac/element &amp#27;[39m&amp#27;[32m200&amp#27;[39m &amp#27;[90m160 ms - 137&amp#27;[39m
&amp#27;[35m[HTTP]&amp#27;[39m &amp#27;[90m&amp#27;[39m
&amp#27;[35m[HTTP]&amp#27;[39m &amp#27;[37m-->&amp#27;[39m &amp#27;[37mGET&amp#27;[39m &amp#27;[37m/wd/hub/session/0474ea5d-37eb-4519-a9eb-779a224f32ac/element/72c37be6-fe4d-430e-a571-ac20701e4c53/displayed&amp#27;[39m
&amp#27;[35m[HTTP]&amp#27;[39m &amp#27;[90m{}&amp#27;[39m
[debug] &amp#27;[35m[W3C (0474ea5d)]&amp#27;[39m Calling AppiumDriver.elementDisplayed() with args: ["72c37be6-fe4d-430e-a571-ac20701e4c53","0474ea5d-37eb-4519-a9eb-779a224f32ac"]
[debug] &amp#27;[35m[WD Proxy]&amp#27;[39m Matched '/element/72c37be6-fe4d-430e-a571-ac20701e4c53/attribute/displayed' to command name 'getAttribute'
[debug] &amp#27;[35m[WD Proxy]&amp#27;[39m Proxying [GET /element/72c37be6-fe4d-430e-a571-ac20701e4c53/attribute/displayed] to [GET http://127.0.0.1:10000/wd/hub/session/811c1123-b92f-4960-a6ec-a99457c0f350/element/72c37be6-fe4d-430e-a571-ac20701e4c53/attribute/displayed] with no body
[debug] &amp#27;[35m[WD Proxy]&amp#27;[39m Got response with status 200: {"sessionId":"811c1123-b92f-4960-a6ec-a99457c0f350","value":"true"}
[debug] &amp#27;[35m[W3C (0474ea5d)]&amp#27;[39m Responding to client with driver.elementDisplayed() result: true
&amp#27;[35m[HTTP]&amp#27;[39m &amp#27;[37m<-- GET /wd/hub/session/0474ea5d-37eb-4519-a9eb-779a224f32ac/element/72c37be6-fe4d-430e-a571-ac20701e4c53/displayed &amp#27;[39m&amp#27;[32m200&amp#27;[39m &amp#27;[90m39 ms - 14&amp#27;[39m
&amp#27;[35m[HTTP]&amp#27;[39m &amp#27;[90m&amp#27;[39m
&amp#27;[35m[HTTP]&amp#27;[39m &amp#27;[37m-->&amp#27;[39m &amp#27;[37mGET&amp#27;[39m &amp#27;[37m/wd/hub/session/0474ea5d-37eb-4519-a9eb-779a224f32ac/context&amp#27;[39m
&amp#27;[35m[HTTP]&amp#27;[39m &amp#27;[90m{}&amp#27;[39m
[debug] &amp#27;[35m[W3C (0474ea5d)]&amp#27;[39m Calling AppiumDriver.getCurrentContext() with args: ["0474ea5d-37eb-4519-a9eb-779a224f32ac"]
[debug] &amp#27;[35m[W3C (0474ea5d)]&amp#27;[39m Responding to client with driver.getCurrentContext() result: "NATIVE_APP"
&amp#27;[35m[HTTP]&amp#27;[39m &amp#27;[37m<-- GET /wd/hub/session/0474ea5d-37eb-4519-a9eb-779a224f32ac/context &amp#27;[39m&amp#27;[32m200&amp#27;[39m &amp#27;[90m6 ms - 22&amp#27;[39m
&amp#27;[35m[HTTP]&amp#27;[39m &amp#27;[90m&amp#27;[39m
&amp#27;[35m[HTTP]&amp#27;[39m &amp#27;[37m-->&amp#27;[39m &amp#27;[37mPOST&amp#27;[39m &amp#27;[37m/wd/hub/session/0474ea5d-37eb-4519-a9eb-779a224f32ac/element&amp#27;[39m
&amp#27;[35m[HTTP]&amp#27;[39m &amp#27;[90m{"using":"accessibility id","value":"test-Username"}&amp#27;[39m
[debug] &amp#27;[35m[W3C (0474ea5d)]&amp#27;[39m Calling AppiumDriver.findElement() with args: ["accessibility id","test-Username","0474ea5d-37eb-4519-a9eb-779a224f32ac"]
[debug] &amp#27;[35m[BaseDriver]&amp#27;[39m Valid locator strategies for this request: xpath, id, class name, accessibility id, css selector, -android uiautomator
[debug] &amp#27;[35m[BaseDriver]&amp#27;[39m Waiting up to 0 ms for condition
[debug] &amp#27;[35m[WD Proxy]&amp#27;[39m Matched '/element' to command name 'findElement'
[debug] &amp#27;[35m[WD Proxy]&amp#27;[39m Proxying [POST /element] to [POST http://127.0.0.1:10000/wd/hub/session/811c1123-b92f-4960-a6ec-a99457c0f350/element] with body: {"strategy":"accessibility id","selector":"test-Username","context":"","multiple":false}
[debug] &amp#27;[35m[WD Proxy]&amp#27;[39m Got response with status 200: {"sessionId":"811c1123-b92f-4960-a6ec-a99457c0f350","value":{"ELEMENT":"2bb574c2-a363-4e5f-a2dc-a58d8e99e3cd","element-6066-11e4-a52e-4f735466cecf":"2bb574c2-a363-4e5f-a2dc-a58d8e99e3cd"}}
[debug] &amp#27;[35m[W3C (0474ea5d)]&amp#27;[39m Responding to client with driver.findElement() result: {"element-6066-11e4-a52e-4f735466cecf":"2bb574c2-a363-4e5f-a2dc-a58d8e99e3cd","ELEMENT":"2bb574c2-a363-4e5f-a2dc-a58d8e99e3cd"}
&amp#27;[35m[HTTP]&amp#27;[39m &amp#27;[37m<-- POST /wd/hub/session/0474ea5d-37eb-4519-a9eb-779a224f32ac/element &amp#27;[39m&amp#27;[32m200&amp#27;[39m &amp#27;[90m74 ms - 137&amp#27;[39m
&amp#27;[35m[HTTP]&amp#27;[39m &amp#27;[90m&amp#27;[39m
&amp#27;[35m[HTTP]&amp#27;[39m &amp#27;[37m-->&amp#27;[39m &amp#27;[37mPOST&amp#27;[39m &amp#27;[37m/wd/hub/session/0474ea5d-37eb-4519-a9eb-779a224f32ac/element/2bb574c2-a363-4e5f-a2dc-a58d8e99e3cd/clear&amp#27;[39m
&amp#27;[35m[HTTP]&amp#27;[39m &amp#27;[90m{"id":"2bb574c2-a363-4e5f-a2dc-a58d8e99e3cd"}&amp#27;[39m
[debug] &amp#27;[35m[W3C (0474ea5d)]&amp#27;[39m Calling AppiumDriver.clear() with args: ["2bb574c2-a363-4e5f-a2dc-a58d8e99e3cd","0474ea5d-37eb-4519-a9eb-779a224f32ac"]
[debug] &amp#27;[35m[WD Proxy]&amp#27;[39m Matched '/element/2bb574c2-a363-4e5f-a2dc-a58d8e99e3cd/clear' to command name 'clear'
[debug] &amp#27;[35m[WD Proxy]&amp#27;[39m Proxying [POST /element/2bb574c2-a363-4e5f-a2dc-a58d8e99e3cd/clear] to [POST http://127.0.0.1:10000/wd/hub/session/811c1123-b92f-4960-a6ec-a99457c0f350/element/2bb574c2-a363-4e5f-a2dc-a58d8e99e3cd/clear] with body: {"elementId":"2bb574c2-a363-4e5f-a2dc-a58d8e99e3cd"}
[debug] &amp#27;[35m[WD Proxy]&amp#27;[39m Got response with status 200: {"sessionId":"811c1123-b92f-4960-a6ec-a99457c0f350","value":null}
[debug] &amp#27;[35m[W3C (0474ea5d)]&amp#27;[39m Responding to client with driver.clear() result: null
&amp#27;[35m[HTTP]&amp#27;[39m &amp#27;[37m<-- POST /wd/hub/session/0474ea5d-37eb-4519-a9eb-779a224f32ac/element/2bb574c2-a363-4e5f-a2dc-a58d8e99e3cd/clear &amp#27;[39m&amp#27;[32m200&amp#27;[39m &amp#27;[90m48 ms - 14&amp#27;[39m
&amp#27;[35m[HTTP]&amp#27;[39m &amp#27;[90m&amp#27;[39m
&amp#27;[35m[HTTP]&amp#27;[39m &amp#27;[37m-->&amp#27;[39m &amp#27;[37mGET&amp#27;[39m &amp#27;[37m/wd/hub/session/0474ea5d-37eb-4519-a9eb-779a224f32ac/context&amp#27;[39m
&amp#27;[35m[HTTP]&amp#27;[39m &amp#27;[90m{}&amp#27;[39m
[debug] &amp#27;[35m[W3C (0474ea5d)]&amp#27;[39m Calling AppiumDriver.getCurrentContext() with args: ["0474ea5d-37eb-4519-a9eb-779a224f32ac"]
[debug] &amp#27;[35m[W3C (0474ea5d)]&amp#27;[39m Responding to client with driver.getCurrentContext() result: "NATIVE_APP"
&amp#27;[35m[HTTP]&amp#27;[39m &amp#27;[37m<-- GET /wd/hub/session/0474ea5d-37eb-4519-a9eb-779a224f32ac/context &amp#27;[39m&amp#27;[32m200&amp#27;[39m &amp#27;[90m10 ms - 22&amp#27;[39m
&amp#27;[35m[HTTP]&amp#27;[39m &amp#27;[90m&amp#27;[39m
&amp#27;[35m[HTTP]&amp#27;[39m &amp#27;[37m-->&amp#27;[39m &amp#27;[37mPOST&amp#27;[39m &amp#27;[37m/wd/hub/session/0474ea5d-37eb-4519-a9eb-779a224f32ac/element&amp#27;[39m
&amp#27;[35m[HTTP]&amp#27;[39m &amp#27;[90m{"using":"accessibility id","value":"test-Username"}&amp#27;[39m
[debug] &amp#27;[35m[W3C (0474ea5d)]&amp#27;[39m Calling AppiumDriver.findElement() with args: ["accessibility id","test-Username","0474ea5d-37eb-4519-a9eb-779a224f32ac"]
[debug] &amp#27;[35m[BaseDriver]&amp#27;[39m Valid locator strategies for this request: xpath, id, class name, accessibility id, css selector, -android uiautomator
[debug] &amp#27;[35m[BaseDriver]&amp#27;[39m Waiting up to 0 ms for condition
[debug] &amp#27;[35m[WD Proxy]&amp#27;[39m Matched '/element' to command name 'findElement'
[debug] &amp#27;[35m[WD Proxy]&amp#27;[39m Proxying [POST /element] to [POST http://127.0.0.1:10000/wd/hub/session/811c1123-b92f-4960-a6ec-a99457c0f350/element] with body: {"strategy":"accessibility id","selector":"test-Username","context":"","multiple":false}
[debug] &amp#27;[35m[WD Proxy]&amp#27;[39m Got response with status 200: {"sessionId":"811c1123-b92f-4960-a6ec-a99457c0f350","value":{"ELEMENT":"183fea30-0ddb-4cbe-bf7e-b27b7088ad8c","element-6066-11e4-a52e-4f735466cecf":"183fea30-0ddb-4cbe-bf7e-b27b7088ad8c"}}
[debug] &amp#27;[35m[W3C (0474ea5d)]&amp#27;[39m Responding to client with driver.findElement() result: {"element-6066-11e4-a52e-4f735466cecf":"183fea30-0ddb-4cbe-bf7e-b27b7088ad8c","ELEMENT":"183fea30-0ddb-4cbe-bf7e-b27b7088ad8c"}
&amp#27;[35m[HTTP]&amp#27;[39m &amp#27;[37m<-- POST /wd/hub/session/0474ea5d-37eb-4519-a9eb-779a224f32ac/element &amp#27;[39m&amp#27;[32m200&amp#27;[39m &amp#27;[90m502 ms - 137&amp#27;[39m
&amp#27;[35m[HTTP]&amp#27;[39m &amp#27;[90m&amp#27;[39m
&amp#27;[35m[HTTP]&amp#27;[39m &amp#27;[37m-->&amp#27;[39m &amp#27;[37mGET&amp#27;[39m &amp#27;[37m/wd/hub/session/0474ea5d-37eb-4519-a9eb-779a224f32ac/element/183fea30-0ddb-4cbe-bf7e-b27b7088ad8c/displayed&amp#27;[39m
&amp#27;[35m[HTTP]&amp#27;[39m &amp#27;[90m{}&amp#27;[39m
[debug] &amp#27;[35m[W3C (0474ea5d)]&amp#27;[39m Calling AppiumDriver.elementDisplayed() with args: ["183fea30-0ddb-4cbe-bf7e-b27b7088ad8c","0474ea5d-37eb-4519-a9eb-779a224f32ac"]
[debug] &amp#27;[35m[WD Proxy]&amp#27;[39m Matched '/element/183fea30-0ddb-4cbe-bf7e-b27b7088ad8c/attribute/displayed' to command name 'getAttribute'
[debug] &amp#27;[35m[WD Proxy]&amp#27;[39m Proxying [GET /element/183fea30-0ddb-4cbe-bf7e-b27b7088ad8c/attribute/displayed] to [GET http://127.0.0.1:10000/wd/hub/session/811c1123-b92f-4960-a6ec-a99457c0f350/element/183fea30-0ddb-4cbe-bf7e-b27b7088ad8c/attribute/displayed] with no body
[debug] &amp#27;[35m[WD Proxy]&amp#27;[39m Got response with status 200: {"sessionId":"811c1123-b92f-4960-a6ec-a99457c0f350","value":"true"}
[debug] &amp#27;[35m[W3C (0474ea5d)]&amp#27;[39m Responding to client with driver.elementDisplayed() result: true
&amp#27;[35m[HTTP]&amp#27;[39m &amp#27;[37m<-- GET /wd/hub/session/0474ea5d-37eb-4519-a9eb-779a224f32ac/element/183fea30-0ddb-4cbe-bf7e-b27b7088ad8c/displayed &amp#27;[39m&amp#27;[32m200&amp#27;[39m &amp#27;[90m49 ms - 14&amp#27;[39m
&amp#27;[35m[HTTP]&amp#27;[39m &amp#27;[90m&amp#27;[39m
[INFO ] 2021-01-01 21:16:22.743 com.qa.pages.BasePage:71 - login with invalidUsername
&amp#27;[35m[HTTP]&amp#27;[39m &amp#27;[37m-->&amp#27;[39m &amp#27;[37mGET&amp#27;[39m &amp#27;[37m/wd/hub/session/0474ea5d-37eb-4519-a9eb-779a224f32ac/context&amp#27;[39m
&amp#27;[35m[HTTP]&amp#27;[39m &amp#27;[90m{}&amp#27;[39m
[debug] &amp#27;[35m[W3C (0474ea5d)]&amp#27;[39m Calling AppiumDriver.getCurrentContext() with args: ["0474ea5d-37eb-4519-a9eb-779a224f32ac"]
[debug] &amp#27;[35m[W3C (0474ea5d)]&amp#27;[39m Responding to client with driver.getCurrentContext() result: "NATIVE_APP"
&amp#27;[35m[HTTP]&amp#27;[39m &amp#27;[37m<-- GET /wd/hub/session/0474ea5d-37eb-4519-a9eb-779a224f32ac/context &amp#27;[39m&amp#27;[32m200&amp#27;[39m &amp#27;[90m5 ms - 22&amp#27;[39m
&amp#27;[35m[HTTP]&amp#27;[39m &amp#27;[90m&amp#27;[39m
&amp#27;[35m[HTTP]&amp#27;[39m &amp#27;[37m-->&amp#27;[39m &amp#27;[37mPOST&amp#27;[39m &amp#27;[37m/wd/hub/session/0474ea5d-37eb-4519-a9eb-779a224f32ac/element&amp#27;[39m
&amp#27;[35m[HTTP]&amp#27;[39m &amp#27;[90m{"using":"accessibility id","value":"test-Username"}&amp#27;[39m
[debug] &amp#27;[35m[W3C (0474ea5d)]&amp#27;[39m Calling AppiumDriver.findElement() with args: ["accessibility id","test-Username","0474ea5d-37eb-4519-a9eb-779a224f32ac"]
[debug] &amp#27;[35m[BaseDriver]&amp#27;[39m Valid locator strategies for this request: xpath, id, class name, accessibility id, css selector, -android uiautomator
[debug] &amp#27;[35m[BaseDriver]&amp#27;[39m Waiting up to 0 ms for condition
[debug] &amp#27;[35m[WD Proxy]&amp#27;[39m Matched '/element' to command name 'findElement'
[debug] &amp#27;[35m[WD Proxy]&amp#27;[39m Proxying [POST /element] to [POST http://127.0.0.1:10000/wd/hub/session/811c1123-b92f-4960-a6ec-a99457c0f350/element] with body: {"strategy":"accessibility id","selector":"test-Username","context":"","multiple":false}
[debug] &amp#27;[35m[WD Proxy]&amp#27;[39m Got response with status 200: {"sessionId":"811c1123-b92f-4960-a6ec-a99457c0f350","value":{"ELEMENT":"013f680f-8590-4c11-b962-2a02e8113144","element-6066-11e4-a52e-4f735466cecf":"013f680f-8590-4c11-b962-2a02e8113144"}}
[debug] &amp#27;[35m[W3C (0474ea5d)]&amp#27;[39m Responding to client with driver.findElement() result: {"element-6066-11e4-a52e-4f735466cecf":"013f680f-8590-4c11-b962-2a02e8113144","ELEMENT":"013f680f-8590-4c11-b962-2a02e8113144"}
&amp#27;[35m[HTTP]&amp#27;[39m &amp#27;[37m<-- POST /wd/hub/session/0474ea5d-37eb-4519-a9eb-779a224f32ac/element &amp#27;[39m&amp#27;[32m200&amp#27;[39m &amp#27;[90m60 ms - 137&amp#27;[39m
&amp#27;[35m[HTTP]&amp#27;[39m &amp#27;[90m&amp#27;[39m
&amp#27;[35m[HTTP]&amp#27;[39m &amp#27;[37m-->&amp#27;[39m &amp#27;[37mPOST&amp#27;[39m &amp#27;[37m/wd/hub/session/0474ea5d-37eb-4519-a9eb-779a224f32ac/element/013f680f-8590-4c11-b962-2a02e8113144/value&amp#27;[39m
&amp#27;[35m[HTTP]&amp#27;[39m &amp#27;[90m{"id":"013f680f-8590-4c11-b962-2a02e8113144","text":"invalidUsername","value":["i","n","v","a","l","i","d","U","s","e","r","n","a","m","e"]}&amp#27;[39m
[debug] &amp#27;[35m[W3C (0474ea5d)]&amp#27;[39m Calling AppiumDriver.setValue() with args: [["i","n","v","a","l","i","d","U","s","e","r","n","a","m","e"],"013f680f-8590-4c11-b962-2a02e8113144","0474ea5d-37eb-4519-a9eb-779a224f32ac"]
[debug] &amp#27;[35m[WD Proxy]&amp#27;[39m Matched '/element/013f680f-8590-4c11-b962-2a02e8113144/value' to command name 'setValue'
[debug] &amp#27;[35m[Protocol Converter]&amp#27;[39m Added 'value' property ["i","n","v","a","l","i","d","U","s","e","r","n","a","m","e"] to 'setValue' request body
[debug] &amp#27;[35m[WD Proxy]&amp#27;[39m Proxying [POST /element/013f680f-8590-4c11-b962-2a02e8113144/value] to [POST http://127.0.0.1:10000/wd/hub/session/811c1123-b92f-4960-a6ec-a99457c0f350/element/013f680f-8590-4c11-b962-2a02e8113144/value] with body: {"elementId":"013f680f-8590-4c11-b962-2a02e8113144","text":"invalidUsername","replace":false,"value":["i","n","v","a","l","i","d","U","s","e","r","n","a","m","e"]}
[debug] &amp#27;[35m[WD Proxy]&amp#27;[39m Got response with status 200: {"sessionId":"811c1123-b92f-4960-a6ec-a99457c0f350","value":null}
[debug] &amp#27;[35m[W3C (0474ea5d)]&amp#27;[39m Responding to client with driver.setValue() result: null
&amp#27;[35m[HTTP]&amp#27;[39m &amp#27;[37m<-- POST /wd/hub/session/0474ea5d-37eb-4519-a9eb-779a224f32ac/element/013f680f-8590-4c11-b962-2a02e8113144/value &amp#27;[39m&amp#27;[32m200&amp#27;[39m &amp#27;[90m620 ms - 14&amp#27;[39m
&amp#27;[35m[HTTP]&amp#27;[39m &amp#27;[90m&amp#27;[39m
  When I enter username as "invalidUsername"                                                          # com.qa.stepdef.LoginStepDef.iEnterUsernameAs(java.lang.String)
&amp#27;[35m[HTTP]&amp#27;[39m &amp#27;[37m-->&amp#27;[39m &amp#27;[37mGET&amp#27;[39m &amp#27;[37m/wd/hub/session/0474ea5d-37eb-4519-a9eb-779a224f32ac/context&amp#27;[39m
&amp#27;[35m[HTTP]&amp#27;[39m &amp#27;[90m{}&amp#27;[39m
[debug] &amp#27;[35m[W3C (0474ea5d)]&amp#27;[39m Calling AppiumDriver.getCurrentContext() with args: ["0474ea5d-37eb-4519-a9eb-779a224f32ac"]
[debug] &amp#27;[35m[W3C (0474ea5d)]&amp#27;[39m Responding to client with driver.getCurrentContext() result: "NATIVE_APP"
&amp#27;[35m[HTTP]&amp#27;[39m &amp#27;[37m<-- GET /wd/hub/session/0474ea5d-37eb-4519-a9eb-779a224f32ac/context &amp#27;[39m&amp#27;[32m200&amp#27;[39m &amp#27;[90m11 ms - 22&amp#27;[39m
&amp#27;[35m[HTTP]&amp#27;[39m &amp#27;[90m&amp#27;[39m
&amp#27;[35m[HTTP]&amp#27;[39m &amp#27;[37m-->&amp#27;[39m &amp#27;[37mPOST&amp#27;[39m &amp#27;[37m/wd/hub/session/0474ea5d-37eb-4519-a9eb-779a224f32ac/element&amp#27;[39m
&amp#27;[35m[HTTP]&amp#27;[39m &amp#27;[90m{"using":"accessibility id","value":"test-Password"}&amp#27;[39m
[debug] &amp#27;[35m[W3C (0474ea5d)]&amp#27;[39m Calling AppiumDriver.findElement() with args: ["accessibility id","test-Password","0474ea5d-37eb-4519-a9eb-779a224f32ac"]
[debug] &amp#27;[35m[BaseDriver]&amp#27;[39m Valid locator strategies for this request: xpath, id, class name, accessibility id, css selector, -android uiautomator
[debug] &amp#27;[35m[BaseDriver]&amp#27;[39m Waiting up to 0 ms for condition
[debug] &amp#27;[35m[WD Proxy]&amp#27;[39m Matched '/element' to command name 'findElement'
[debug] &amp#27;[35m[WD Proxy]&amp#27;[39m Proxying [POST /element] to [POST http://127.0.0.1:10000/wd/hub/session/811c1123-b92f-4960-a6ec-a99457c0f350/element] with body: {"strategy":"accessibility id","selector":"test-Password","context":"","multiple":false}
[debug] &amp#27;[35m[WD Proxy]&amp#27;[39m Got response with status 200: {"sessionId":"811c1123-b92f-4960-a6ec-a99457c0f350","value":{"ELEMENT":"18765fa2-9558-4476-b941-838e46dfcde3","element-6066-11e4-a52e-4f735466cecf":"18765fa2-9558-4476-b941-838e46dfcde3"}}
[debug] &amp#27;[35m[W3C (0474ea5d)]&amp#27;[39m Responding to client with driver.findElement() result: {"element-6066-11e4-a52e-4f735466cecf":"18765fa2-9558-4476-b941-838e46dfcde3","ELEMENT":"18765fa2-9558-4476-b941-838e46dfcde3"}
&amp#27;[35m[HTTP]&amp#27;[39m &amp#27;[37m<-- POST /wd/hub/session/0474ea5d-37eb-4519-a9eb-779a224f32ac/element &amp#27;[39m&amp#27;[32m200&amp#27;[39m &amp#27;[90m422 ms - 137&amp#27;[39m
&amp#27;[35m[HTTP]&amp#27;[39m &amp#27;[90m&amp#27;[39m
&amp#27;[35m[HTTP]&amp#27;[39m &amp#27;[37m-->&amp#27;[39m &amp#27;[37mGET&amp#27;[39m &amp#27;[37m/wd/hub/session/0474ea5d-37eb-4519-a9eb-779a224f32ac/element/18765fa2-9558-4476-b941-838e46dfcde3/displayed&amp#27;[39m
&amp#27;[35m[HTTP]&amp#27;[39m &amp#27;[90m{}&amp#27;[39m
[debug] &amp#27;[35m[W3C (0474ea5d)]&amp#27;[39m Calling AppiumDriver.elementDisplayed() with args: ["18765fa2-9558-4476-b941-838e46dfcde3","0474ea5d-37eb-4519-a9eb-779a224f32ac"]
[debug] &amp#27;[35m[WD Proxy]&amp#27;[39m Matched '/element/18765fa2-9558-4476-b941-838e46dfcde3/attribute/displayed' to command name 'getAttribute'
[debug] &amp#27;[35m[WD Proxy]&amp#27;[39m Proxying [GET /element/18765fa2-9558-4476-b941-838e46dfcde3/attribute/displayed] to [GET http://127.0.0.1:10000/wd/hub/session/811c1123-b92f-4960-a6ec-a99457c0f350/element/18765fa2-9558-4476-b941-838e46dfcde3/attribute/displayed] with no body
[debug] &amp#27;[35m[WD Proxy]&amp#27;[39m Got response with status 200: {"sessionId":"811c1123-b92f-4960-a6ec-a99457c0f350","value":"true"}
[debug] &amp#27;[35m[W3C (0474ea5d)]&amp#27;[39m Responding to client with driver.elementDisplayed() result: true
&amp#27;[35m[HTTP]&amp#27;[39m &amp#27;[37m<-- GET /wd/hub/session/0474ea5d-37eb-4519-a9eb-779a224f32ac/element/18765fa2-9558-4476-b941-838e46dfcde3/displayed &amp#27;[39m&amp#27;[32m200&amp#27;[39m &amp#27;[90m36 ms - 14&amp#27;[39m
&amp#27;[35m[HTTP]&amp#27;[39m &amp#27;[90m&amp#27;[39m
&amp#27;[35m[HTTP]&amp#27;[39m &amp#27;[37m-->&amp#27;[39m &amp#27;[37mGET&amp#27;[39m &amp#27;[37m/wd/hub/session/0474ea5d-37eb-4519-a9eb-779a224f32ac/context&amp#27;[39m
&amp#27;[35m[HTTP]&amp#27;[39m &amp#27;[90m{}&amp#27;[39m
[debug] &amp#27;[35m[W3C (0474ea5d)]&amp#27;[39m Calling AppiumDriver.getCurrentContext() with args: ["0474ea5d-37eb-4519-a9eb-779a224f32ac"]
[debug] &amp#27;[35m[W3C (0474ea5d)]&amp#27;[39m Responding to client with driver.getCurrentContext() result: "NATIVE_APP"
&amp#27;[35m[HTTP]&amp#27;[39m &amp#27;[37m<-- GET /wd/hub/session/0474ea5d-37eb-4519-a9eb-779a224f32ac/context &amp#27;[39m&amp#27;[32m200&amp#27;[39m &amp#27;[90m8 ms - 22&amp#27;[39m
&amp#27;[35m[HTTP]&amp#27;[39m &amp#27;[90m&amp#27;[39m
&amp#27;[35m[HTTP]&amp#27;[39m &amp#27;[37m-->&amp#27;[39m &amp#27;[37mPOST&amp#27;[39m &amp#27;[37m/wd/hub/session/0474ea5d-37eb-4519-a9eb-779a224f32ac/element&amp#27;[39m
&amp#27;[35m[HTTP]&amp#27;[39m &amp#27;[90m{"using":"accessibility id","value":"test-Password"}&amp#27;[39m
[debug] &amp#27;[35m[W3C (0474ea5d)]&amp#27;[39m Calling AppiumDriver.findElement() with args: ["accessibility id","test-Password","0474ea5d-37eb-4519-a9eb-779a224f32ac"]
[debug] &amp#27;[35m[BaseDriver]&amp#27;[39m Valid locator strategies for this request: xpath, id, class name, accessibility id, css selector, -android uiautomator
[debug] &amp#27;[35m[BaseDriver]&amp#27;[39m Waiting up to 0 ms for condition
[debug] &amp#27;[35m[WD Proxy]&amp#27;[39m Matched '/element' to command name 'findElement'
[debug] &amp#27;[35m[WD Proxy]&amp#27;[39m Proxying [POST /element] to [POST http://127.0.0.1:10000/wd/hub/session/811c1123-b92f-4960-a6ec-a99457c0f350/element] with body: {"strategy":"accessibility id","selector":"test-Password","context":"","multiple":false}
[debug] &amp#27;[35m[WD Proxy]&amp#27;[39m Got response with status 200: {"sessionId":"811c1123-b92f-4960-a6ec-a99457c0f350","value":{"ELEMENT":"6387a15b-4b88-4098-bc8a-016edca91b1d","element-6066-11e4-a52e-4f735466cecf":"6387a15b-4b88-4098-bc8a-016edca91b1d"}}
[debug] &amp#27;[35m[W3C (0474ea5d)]&amp#27;[39m Responding to client with driver.findElement() result: {"element-6066-11e4-a52e-4f735466cecf":"6387a15b-4b88-4098-bc8a-016edca91b1d","ELEMENT":"6387a15b-4b88-4098-bc8a-016edca91b1d"}
&amp#27;[35m[HTTP]&amp#27;[39m &amp#27;[37m<-- POST /wd/hub/session/0474ea5d-37eb-4519-a9eb-779a224f32ac/element &amp#27;[39m&amp#27;[32m200&amp#27;[39m &amp#27;[90m64 ms - 137&amp#27;[39m
&amp#27;[35m[HTTP]&amp#27;[39m &amp#27;[90m&amp#27;[39m
&amp#27;[35m[HTTP]&amp#27;[39m &amp#27;[37m-->&amp#27;[39m &amp#27;[37mPOST&amp#27;[39m &amp#27;[37m/wd/hub/session/0474ea5d-37eb-4519-a9eb-779a224f32ac/element/6387a15b-4b88-4098-bc8a-016edca91b1d/clear&amp#27;[39m
&amp#27;[35m[HTTP]&amp#27;[39m &amp#27;[90m{"id":"6387a15b-4b88-4098-bc8a-016edca91b1d"}&amp#27;[39m
[debug] &amp#27;[35m[W3C (0474ea5d)]&amp#27;[39m Calling AppiumDriver.clear() with args: ["6387a15b-4b88-4098-bc8a-016edca91b1d","0474ea5d-37eb-4519-a9eb-779a224f32ac"]
[debug] &amp#27;[35m[WD Proxy]&amp#27;[39m Matched '/element/6387a15b-4b88-4098-bc8a-016edca91b1d/clear' to command name 'clear'
[debug] &amp#27;[35m[WD Proxy]&amp#27;[39m Proxying [POST /element/6387a15b-4b88-4098-bc8a-016edca91b1d/clear] to [POST http://127.0.0.1:10000/wd/hub/session/811c1123-b92f-4960-a6ec-a99457c0f350/element/6387a15b-4b88-4098-bc8a-016edca91b1d/clear] with body: {"elementId":"6387a15b-4b88-4098-bc8a-016edca91b1d"}
[debug] &amp#27;[35m[WD Proxy]&amp#27;[39m Got response with status 200: {"sessionId":"811c1123-b92f-4960-a6ec-a99457c0f350","value":null}
[debug] &amp#27;[35m[W3C (0474ea5d)]&amp#27;[39m Responding to client with driver.clear() result: null
&amp#27;[35m[HTTP]&amp#27;[39m &amp#27;[37m<-- POST /wd/hub/session/0474ea5d-37eb-4519-a9eb-779a224f32ac/element/6387a15b-4b88-4098-bc8a-016edca91b1d/clear &amp#27;[39m&amp#27;[32m200&amp#27;[39m &amp#27;[90m45 ms - 14&amp#27;[39m
&amp#27;[35m[HTTP]&amp#27;[39m &amp#27;[90m&amp#27;[39m
&amp#27;[35m[HTTP]&amp#27;[39m &amp#27;[37m-->&amp#27;[39m &amp#27;[37mGET&amp#27;[39m &amp#27;[37m/wd/hub/session/0474ea5d-37eb-4519-a9eb-779a224f32ac/context&amp#27;[39m
&amp#27;[35m[HTTP]&amp#27;[39m &amp#27;[90m{}&amp#27;[39m
[debug] &amp#27;[35m[W3C (0474ea5d)]&amp#27;[39m Calling AppiumDriver.getCurrentContext() with args: ["0474ea5d-37eb-4519-a9eb-779a224f32ac"]
[debug] &amp#27;[35m[W3C (0474ea5d)]&amp#27;[39m Responding to client with driver.getCurrentContext() result: "NATIVE_APP"
&amp#27;[35m[HTTP]&amp#27;[39m &amp#27;[37m<-- GET /wd/hub/session/0474ea5d-37eb-4519-a9eb-779a224f32ac/context &amp#27;[39m&amp#27;[32m200&amp#27;[39m &amp#27;[90m5 ms - 22&amp#27;[39m
&amp#27;[35m[HTTP]&amp#27;[39m &amp#27;[90m&amp#27;[39m
&amp#27;[35m[HTTP]&amp#27;[39m &amp#27;[37m-->&amp#27;[39m &amp#27;[37mPOST&amp#27;[39m &amp#27;[37m/wd/hub/session/0474ea5d-37eb-4519-a9eb-779a224f32ac/element&amp#27;[39m
&amp#27;[35m[HTTP]&amp#27;[39m &amp#27;[90m{"using":"accessibility id","value":"test-Password"}&amp#27;[39m
[debug] &amp#27;[35m[W3C (0474ea5d)]&amp#27;[39m Calling AppiumDriver.findElement() with args: ["accessibility id","test-Password","0474ea5d-37eb-4519-a9eb-779a224f32ac"]
[debug] &amp#27;[35m[BaseDriver]&amp#27;[39m Valid locator strategies for this request: xpath, id, class name, accessibility id, css selector, -android uiautomator
[debug] &amp#27;[35m[BaseDriver]&amp#27;[39m Waiting up to 0 ms for condition
[debug] &amp#27;[35m[WD Proxy]&amp#27;[39m Matched '/element' to command name 'findElement'
[debug] &amp#27;[35m[WD Proxy]&amp#27;[39m Proxying [POST /element] to [POST http://127.0.0.1:10000/wd/hub/session/811c1123-b92f-4960-a6ec-a99457c0f350/element] with body: {"strategy":"accessibility id","selector":"test-Password","context":"","multiple":false}
[debug] &amp#27;[35m[WD Proxy]&amp#27;[39m Got response with status 200: {"sessionId":"811c1123-b92f-4960-a6ec-a99457c0f350","value":{"ELEMENT":"389ea970-9dd0-47ce-a9fc-7719529b9e19","element-6066-11e4-a52e-4f735466cecf":"389ea970-9dd0-47ce-a9fc-7719529b9e19"}}
[debug] &amp#27;[35m[W3C (0474ea5d)]&amp#27;[39m Responding to client with driver.findElement() result: {"element-6066-11e4-a52e-4f735466cecf":"389ea970-9dd0-47ce-a9fc-7719529b9e19","ELEMENT":"389ea970-9dd0-47ce-a9fc-7719529b9e19"}
&amp#27;[35m[HTTP]&amp#27;[39m &amp#27;[37m<-- POST /wd/hub/session/0474ea5d-37eb-4519-a9eb-779a224f32ac/element &amp#27;[39m&amp#27;[32m200&amp#27;[39m &amp#27;[90m517 ms - 137&amp#27;[39m
&amp#27;[35m[HTTP]&amp#27;[39m &amp#27;[90m&amp#27;[39m
&amp#27;[35m[HTTP]&amp#27;[39m &amp#27;[37m-->&amp#27;[39m &amp#27;[37mGET&amp#27;[39m &amp#27;[37m/wd/hub/session/0474ea5d-37eb-4519-a9eb-779a224f32ac/element/389ea970-9dd0-47ce-a9fc-7719529b9e19/displayed&amp#27;[39m
&amp#27;[35m[HTTP]&amp#27;[39m &amp#27;[90m{}&amp#27;[39m
[debug] &amp#27;[35m[W3C (0474ea5d)]&amp#27;[39m Calling AppiumDriver.elementDisplayed() with args: ["389ea970-9dd0-47ce-a9fc-7719529b9e19","0474ea5d-37eb-4519-a9eb-779a224f32ac"]
[debug] &amp#27;[35m[WD Proxy]&amp#27;[39m Matched '/element/389ea970-9dd0-47ce-a9fc-7719529b9e19/attribute/displayed' to command name 'getAttribute'
[debug] &amp#27;[35m[WD Proxy]&amp#27;[39m Proxying [GET /element/389ea970-9dd0-47ce-a9fc-7719529b9e19/attribute/displayed] to [GET http://127.0.0.1:10000/wd/hub/session/811c1123-b92f-4960-a6ec-a99457c0f350/element/389ea970-9dd0-47ce-a9fc-7719529b9e19/attribute/displayed] with no body
[debug] &amp#27;[35m[WD Proxy]&amp#27;[39m Got response with status 200: {"sessionId":"811c1123-b92f-4960-a6ec-a99457c0f350","value":"true"}
[debug] &amp#27;[35m[W3C (0474ea5d)]&amp#27;[39m Responding to client with driver.elementDisplayed() result: true
&amp#27;[35m[HTTP]&amp#27;[39m &amp#27;[37m<-- GET /wd/hub/session/0474ea5d-37eb-4519-a9eb-779a224f32ac/element/389ea970-9dd0-47ce-a9fc-7719529b9e19/displayed &amp#27;[39m&amp#27;[32m200&amp#27;[39m &amp#27;[90m37 ms - 14&amp#27;[39m
&amp#27;[35m[HTTP]&amp#27;[39m &amp#27;[90m&amp#27;[39m
[INFO ] 2021-01-01 21:16:24.727 com.qa.pages.BasePage:71 - password is secret_sauce
&amp#27;[35m[HTTP]&amp#27;[39m &amp#27;[37m-->&amp#27;[39m &amp#27;[37mGET&amp#27;[39m &amp#27;[37m/wd/hub/session/0474ea5d-37eb-4519-a9eb-779a224f32ac/context&amp#27;[39m
&amp#27;[35m[HTTP]&amp#27;[39m &amp#27;[90m{}&amp#27;[39m
[debug] &amp#27;[35m[W3C (0474ea5d)]&amp#27;[39m Calling AppiumDriver.getCurrentContext() with args: ["0474ea5d-37eb-4519-a9eb-779a224f32ac"]
[debug] &amp#27;[35m[W3C (0474ea5d)]&amp#27;[39m Responding to client with driver.getCurrentContext() result: "NATIVE_APP"
&amp#27;[35m[HTTP]&amp#27;[39m &amp#27;[37m<-- GET /wd/hub/session/0474ea5d-37eb-4519-a9eb-779a224f32ac/context &amp#27;[39m&amp#27;[32m200&amp#27;[39m &amp#27;[90m4 ms - 22&amp#27;[39m
&amp#27;[35m[HTTP]&amp#27;[39m &amp#27;[90m&amp#27;[39m
&amp#27;[35m[HTTP]&amp#27;[39m &amp#27;[37m-->&amp#27;[39m &amp#27;[37mPOST&amp#27;[39m &amp#27;[37m/wd/hub/session/0474ea5d-37eb-4519-a9eb-779a224f32ac/element&amp#27;[39m
&amp#27;[35m[HTTP]&amp#27;[39m &amp#27;[90m{"using":"accessibility id","value":"test-Password"}&amp#27;[39m
[debug] &amp#27;[35m[W3C (0474ea5d)]&amp#27;[39m Calling AppiumDriver.findElement() with args: ["accessibility id","test-Password","0474ea5d-37eb-4519-a9eb-779a224f32ac"]
[debug] &amp#27;[35m[BaseDriver]&amp#27;[39m Valid locator strategies for this request: xpath, id, class name, accessibility id, css selector, -android uiautomator
[debug] &amp#27;[35m[BaseDriver]&amp#27;[39m Waiting up to 0 ms for condition
[debug] &amp#27;[35m[WD Proxy]&amp#27;[39m Matched '/element' to command name 'findElement'
[debug] &amp#27;[35m[WD Proxy]&amp#27;[39m Proxying [POST /element] to [POST http://127.0.0.1:10000/wd/hub/session/811c1123-b92f-4960-a6ec-a99457c0f350/element] with body: {"strategy":"accessibility id","selector":"test-Password","context":"","multiple":false}
[debug] &amp#27;[35m[WD Proxy]&amp#27;[39m Got response with status 200: {"sessionId":"811c1123-b92f-4960-a6ec-a99457c0f350","value":{"ELEMENT":"1f0a7aab-f5de-4512-b21a-e98fd680fd6c","element-6066-11e4-a52e-4f735466cecf":"1f0a7aab-f5de-4512-b21a-e98fd680fd6c"}}
[debug] &amp#27;[35m[W3C (0474ea5d)]&amp#27;[39m Responding to client with driver.findElement() result: {"element-6066-11e4-a52e-4f735466cecf":"1f0a7aab-f5de-4512-b21a-e98fd680fd6c","ELEMENT":"1f0a7aab-f5de-4512-b21a-e98fd680fd6c"}
&amp#27;[35m[HTTP]&amp#27;[39m &amp#27;[37m<-- POST /wd/hub/session/0474ea5d-37eb-4519-a9eb-779a224f32ac/element &amp#27;[39m&amp#27;[32m200&amp#27;[39m &amp#27;[90m61 ms - 137&amp#27;[39m
&amp#27;[35m[HTTP]&amp#27;[39m &amp#27;[90m&amp#27;[39m
&amp#27;[35m[HTTP]&amp#27;[39m &amp#27;[37m-->&amp#27;[39m &amp#27;[37mPOST&amp#27;[39m &amp#27;[37m/wd/hub/session/0474ea5d-37eb-4519-a9eb-779a224f32ac/element/1f0a7aab-f5de-4512-b21a-e98fd680fd6c/value&amp#27;[39m
&amp#27;[35m[HTTP]&amp#27;[39m &amp#27;[90m{"id":"1f0a7aab-f5de-4512-b21a-e98fd680fd6c","text":"secret_sauce","value":["s","e","c","r","e","t","_","s","a","u","c","e"]}&amp#27;[39m
[debug] &amp#27;[35m[W3C (0474ea5d)]&amp#27;[39m Calling AppiumDriver.setValue() with args: [["s","e","c","r","e","t","_","s","a","u","c","e"],"1f0a7aab-f5de-4512-b21a-e98fd680fd6c","0474ea5d-37eb-4519-a9eb-779a224f32ac"]
[debug] &amp#27;[35m[WD Proxy]&amp#27;[39m Matched '/element/1f0a7aab-f5de-4512-b21a-e98fd680fd6c/value' to command name 'setValue'
[debug] &amp#27;[35m[Protocol Converter]&amp#27;[39m Added 'value' property ["s","e","c","r","e","t","_","s","a","u","c","e"] to 'setValue' request body
[debug] &amp#27;[35m[WD Proxy]&amp#27;[39m Proxying [POST /element/1f0a7aab-f5de-4512-b21a-e98fd680fd6c/value] to [POST http://127.0.0.1:10000/wd/hub/session/811c1123-b92f-4960-a6ec-a99457c0f350/element/1f0a7aab-f5de-4512-b21a-e98fd680fd6c/value] with body: {"elementId":"1f0a7aab-f5de-4512-b21a-e98fd680fd6c","text":"secret_sauce","replace":false,"value":["s","e","c","r","e","t","_","s","a","u","c","e"]}
[debug] &amp#27;[35m[WD Proxy]&amp#27;[39m Got response with status 200: {"sessionId":"811c1123-b92f-4960-a6ec-a99457c0f350","value":null}
[debug] &amp#27;[35m[W3C (0474ea5d)]&amp#27;[39m Responding to client with driver.setValue() result: null
&amp#27;[35m[HTTP]&amp#27;[39m &amp#27;[37m<-- POST /wd/hub/session/0474ea5d-37eb-4519-a9eb-779a224f32ac/element/1f0a7aab-f5de-4512-b21a-e98fd680fd6c/value &amp#27;[39m&amp#27;[32m200&amp#27;[39m &amp#27;[90m108 ms - 14&amp#27;[39m
&amp#27;[35m[HTTP]&amp#27;[39m &amp#27;[90m&amp#27;[39m
  And I enter password as "secret_sauce"                                                              # com.qa.stepdef.LoginStepDef.iEnterPasswordAs(java.lang.String)
&amp#27;[35m[HTTP]&amp#27;[39m &amp#27;[37m-->&amp#27;[39m &amp#27;[37mGET&amp#27;[39m &amp#27;[37m/wd/hub/session/0474ea5d-37eb-4519-a9eb-779a224f32ac/context&amp#27;[39m
&amp#27;[35m[HTTP]&amp#27;[39m &amp#27;[90m{}&amp#27;[39m
[debug] &amp#27;[35m[W3C (0474ea5d)]&amp#27;[39m Calling AppiumDriver.getCurrentContext() with args: ["0474ea5d-37eb-4519-a9eb-779a224f32ac"]
[debug] &amp#27;[35m[W3C (0474ea5d)]&amp#27;[39m Responding to client with driver.getCurrentContext() result: "NATIVE_APP"
&amp#27;[35m[HTTP]&amp#27;[39m &amp#27;[37m<-- GET /wd/hub/session/0474ea5d-37eb-4519-a9eb-779a224f32ac/context &amp#27;[39m&amp#27;[32m200&amp#27;[39m &amp#27;[90m4 ms - 22&amp#27;[39m
&amp#27;[35m[HTTP]&amp#27;[39m &amp#27;[90m&amp#27;[39m
&amp#27;[35m[HTTP]&amp#27;[39m &amp#27;[37m-->&amp#27;[39m &amp#27;[37mPOST&amp#27;[39m &amp#27;[37m/wd/hub/session/0474ea5d-37eb-4519-a9eb-779a224f32ac/element&amp#27;[39m
&amp#27;[35m[HTTP]&amp#27;[39m &amp#27;[90m{"using":"accessibility id","value":"test-LOGIN"}&amp#27;[39m
[debug] &amp#27;[35m[W3C (0474ea5d)]&amp#27;[39m Calling AppiumDriver.findElement() with args: ["accessibility id","test-LOGIN","0474ea5d-37eb-4519-a9eb-779a224f32ac"]
[debug] &amp#27;[35m[BaseDriver]&amp#27;[39m Valid locator strategies for this request: xpath, id, class name, accessibility id, css selector, -android uiautomator
[debug] &amp#27;[35m[BaseDriver]&amp#27;[39m Waiting up to 0 ms for condition
[debug] &amp#27;[35m[WD Proxy]&amp#27;[39m Matched '/element' to command name 'findElement'
[debug] &amp#27;[35m[WD Proxy]&amp#27;[39m Proxying [POST /element] to [POST http://127.0.0.1:10000/wd/hub/session/811c1123-b92f-4960-a6ec-a99457c0f350/element] with body: {"strategy":"accessibility id","selector":"test-LOGIN","context":"","multiple":false}
[debug] &amp#27;[35m[WD Proxy]&amp#27;[39m Got response with status 200: {"sessionId":"811c1123-b92f-4960-a6ec-a99457c0f350","value":{"ELEMENT":"63d40ae0-9a77-4113-b666-f0cfd68c8721","element-6066-11e4-a52e-4f735466cecf":"63d40ae0-9a77-4113-b666-f0cfd68c8721"}}
[debug] &amp#27;[35m[W3C (0474ea5d)]&amp#27;[39m Responding to client with driver.findElement() result: {"element-6066-11e4-a52e-4f735466cecf":"63d40ae0-9a77-4113-b666-f0cfd68c8721","ELEMENT":"63d40ae0-9a77-4113-b666-f0cfd68c8721"}
&amp#27;[35m[HTTP]&amp#27;[39m &amp#27;[37m<-- POST /wd/hub/session/0474ea5d-37eb-4519-a9eb-779a224f32ac/element &amp#27;[39m&amp#27;[32m200&amp#27;[39m &amp#27;[90m490 ms - 137&amp#27;[39m
&amp#27;[35m[HTTP]&amp#27;[39m &amp#27;[90m&amp#27;[39m
&amp#27;[35m[HTTP]&amp#27;[39m &amp#27;[37m-->&amp#27;[39m &amp#27;[37mGET&amp#27;[39m &amp#27;[37m/wd/hub/session/0474ea5d-37eb-4519-a9eb-779a224f32ac/element/63d40ae0-9a77-4113-b666-f0cfd68c8721/displayed&amp#27;[39m
&amp#27;[35m[HTTP]&amp#27;[39m &amp#27;[90m{}&amp#27;[39m
[debug] &amp#27;[35m[W3C (0474ea5d)]&amp#27;[39m Calling AppiumDriver.elementDisplayed() with args: ["63d40ae0-9a77-4113-b666-f0cfd68c8721","0474ea5d-37eb-4519-a9eb-779a224f32ac"]
[debug] &amp#27;[35m[WD Proxy]&amp#27;[39m Matched '/element/63d40ae0-9a77-4113-b666-f0cfd68c8721/attribute/displayed' to command name 'getAttribute'
[debug] &amp#27;[35m[WD Proxy]&amp#27;[39m Proxying [GET /element/63d40ae0-9a77-4113-b666-f0cfd68c8721/attribute/displayed] to [GET http://127.0.0.1:10000/wd/hub/session/811c1123-b92f-4960-a6ec-a99457c0f350/element/63d40ae0-9a77-4113-b666-f0cfd68c8721/attribute/displayed] with no body
[debug] &amp#27;[35m[WD Proxy]&amp#27;[39m Got response with status 200: {"sessionId":"811c1123-b92f-4960-a6ec-a99457c0f350","value":"true"}
[debug] &amp#27;[35m[W3C (0474ea5d)]&amp#27;[39m Responding to client with driver.elementDisplayed() result: true
&amp#27;[35m[HTTP]&amp#27;[39m &amp#27;[37m<-- GET /wd/hub/session/0474ea5d-37eb-4519-a9eb-779a224f32ac/element/63d40ae0-9a77-4113-b666-f0cfd68c8721/displayed &amp#27;[39m&amp#27;[32m200&amp#27;[39m &amp#27;[90m28 ms - 14&amp#27;[39m
&amp#27;[35m[HTTP]&amp#27;[39m &amp#27;[90m&amp#27;[39m
[INFO ] 2021-01-01 21:16:25.494 com.qa.pages.BasePage:54 - press login button
&amp#27;[35m[HTTP]&amp#27;[39m &amp#27;[37m-->&amp#27;[39m &amp#27;[37mGET&amp#27;[39m &amp#27;[37m/wd/hub/session/0474ea5d-37eb-4519-a9eb-779a224f32ac/context&amp#27;[39m
&amp#27;[35m[HTTP]&amp#27;[39m &amp#27;[90m{}&amp#27;[39m
[debug] &amp#27;[35m[W3C (0474ea5d)]&amp#27;[39m Calling AppiumDriver.getCurrentContext() with args: ["0474ea5d-37eb-4519-a9eb-779a224f32ac"]
[debug] &amp#27;[35m[W3C (0474ea5d)]&amp#27;[39m Responding to client with driver.getCurrentContext() result: "NATIVE_APP"
&amp#27;[35m[HTTP]&amp#27;[39m &amp#27;[37m<-- GET /wd/hub/session/0474ea5d-37eb-4519-a9eb-779a224f32ac/context &amp#27;[39m&amp#27;[32m200&amp#27;[39m &amp#27;[90m4 ms - 22&amp#27;[39m
&amp#27;[35m[HTTP]&amp#27;[39m &amp#27;[90m&amp#27;[39m
&amp#27;[35m[HTTP]&amp#27;[39m &amp#27;[37m-->&amp#27;[39m &amp#27;[37mPOST&amp#27;[39m &amp#27;[37m/wd/hub/session/0474ea5d-37eb-4519-a9eb-779a224f32ac/element&amp#27;[39m
&amp#27;[35m[HTTP]&amp#27;[39m &amp#27;[90m{"using":"accessibility id","value":"test-LOGIN"}&amp#27;[39m
[debug] &amp#27;[35m[W3C (0474ea5d)]&amp#27;[39m Calling AppiumDriver.findElement() with args: ["accessibility id","test-LOGIN","0474ea5d-37eb-4519-a9eb-779a224f32ac"]
[debug] &amp#27;[35m[BaseDriver]&amp#27;[39m Valid locator strategies for this request: xpath, id, class name, accessibility id, css selector, -android uiautomator
[debug] &amp#27;[35m[BaseDriver]&amp#27;[39m Waiting up to 0 ms for condition
[debug] &amp#27;[35m[WD Proxy]&amp#27;[39m Matched '/element' to command name 'findElement'
[debug] &amp#27;[35m[WD Proxy]&amp#27;[39m Proxying [POST /element] to [POST http://127.0.0.1:10000/wd/hub/session/811c1123-b92f-4960-a6ec-a99457c0f350/element] with body: {"strategy":"accessibility id","selector":"test-LOGIN","context":"","multiple":false}
[debug] &amp#27;[35m[WD Proxy]&amp#27;[39m Got response with status 200: {"sessionId":"811c1123-b92f-4960-a6ec-a99457c0f350","value":{"ELEMENT":"528d255c-0c15-42bd-ba1b-c7bbbc7ab431","element-6066-11e4-a52e-4f735466cecf":"528d255c-0c15-42bd-ba1b-c7bbbc7ab431"}}
[debug] &amp#27;[35m[W3C (0474ea5d)]&amp#27;[39m Responding to client with driver.findElement() result: {"element-6066-11e4-a52e-4f735466cecf":"528d255c-0c15-42bd-ba1b-c7bbbc7ab431","ELEMENT":"528d255c-0c15-42bd-ba1b-c7bbbc7ab431"}
&amp#27;[35m[HTTP]&amp#27;[39m &amp#27;[37m<-- POST /wd/hub/session/0474ea5d-37eb-4519-a9eb-779a224f32ac/element &amp#27;[39m&amp#27;[32m200&amp#27;[39m &amp#27;[90m46 ms - 137&amp#27;[39m
&amp#27;[35m[HTTP]&amp#27;[39m &amp#27;[90m&amp#27;[39m
&amp#27;[35m[HTTP]&amp#27;[39m &amp#27;[37m-->&amp#27;[39m &amp#27;[37mPOST&amp#27;[39m &amp#27;[37m/wd/hub/session/0474ea5d-37eb-4519-a9eb-779a224f32ac/element/528d255c-0c15-42bd-ba1b-c7bbbc7ab431/click&amp#27;[39m
&amp#27;[35m[HTTP]&amp#27;[39m &amp#27;[90m{"id":"528d255c-0c15-42bd-ba1b-c7bbbc7ab431"}&amp#27;[39m
[debug] &amp#27;[35m[W3C (0474ea5d)]&amp#27;[39m Calling AppiumDriver.click() with args: ["528d255c-0c15-42bd-ba1b-c7bbbc7ab431","0474ea5d-37eb-4519-a9eb-779a224f32ac"]
[debug] &amp#27;[35m[WD Proxy]&amp#27;[39m Matched '/element/528d255c-0c15-42bd-ba1b-c7bbbc7ab431/click' to command name 'click'
[debug] &amp#27;[35m[WD Proxy]&amp#27;[39m Proxying [POST /element/528d255c-0c15-42bd-ba1b-c7bbbc7ab431/click] to [POST http://127.0.0.1:10000/wd/hub/session/811c1123-b92f-4960-a6ec-a99457c0f350/element/528d255c-0c15-42bd-ba1b-c7bbbc7ab431/click] with body: {"element":"528d255c-0c15-42bd-ba1b-c7bbbc7ab431"}
[debug] &amp#27;[35m[WD Proxy]&amp#27;[39m Got response with status 200: {"sessionId":"811c1123-b92f-4960-a6ec-a99457c0f350","value":null}
[debug] &amp#27;[35m[W3C (0474ea5d)]&amp#27;[39m Responding to client with driver.click() result: null
&amp#27;[35m[HTTP]&amp#27;[39m &amp#27;[37m<-- POST /wd/hub/session/0474ea5d-37eb-4519-a9eb-779a224f32ac/element/528d255c-0c15-42bd-ba1b-c7bbbc7ab431/click &amp#27;[39m&amp#27;[32m200&amp#27;[39m &amp#27;[90m101 ms - 14&amp#27;[39m
&amp#27;[35m[HTTP]&amp#27;[39m &amp#27;[90m&amp#27;[39m
  And I login                                                                                         # com.qa.stepdef.LoginStepDef.iLogin()
&amp#27;[35m[HTTP]&amp#27;[39m &amp#27;[37m-->&amp#27;[39m &amp#27;[37mGET&amp#27;[39m &amp#27;[37m/wd/hub/session/0474ea5d-37eb-4519-a9eb-779a224f32ac/context&amp#27;[39m
&amp#27;[35m[HTTP]&amp#27;[39m &amp#27;[90m{}&amp#27;[39m
[debug] &amp#27;[35m[W3C (0474ea5d)]&amp#27;[39m Calling AppiumDriver.getCurrentContext() with args: ["0474ea5d-37eb-4519-a9eb-779a224f32ac"]
[debug] &amp#27;[35m[W3C (0474ea5d)]&amp#27;[39m Responding to client with driver.getCurrentContext() result: "NATIVE_APP"
&amp#27;[35m[HTTP]&amp#27;[39m &amp#27;[37m<-- GET /wd/hub/session/0474ea5d-37eb-4519-a9eb-779a224f32ac/context &amp#27;[39m&amp#27;[32m200&amp#27;[39m &amp#27;[90m6 ms - 22&amp#27;[39m
&amp#27;[35m[HTTP]&amp#27;[39m &amp#27;[90m&amp#27;[39m
&amp#27;[35m[HTTP]&amp#27;[39m &amp#27;[37m-->&amp#27;[39m &amp#27;[37mPOST&amp#27;[39m &amp#27;[37m/wd/hub/session/0474ea5d-37eb-4519-a9eb-779a224f32ac/element&amp#27;[39m
&amp#27;[35m[HTTP]&amp#27;[39m &amp#27;[90m{"using":"xpath","value":"//android.view.ViewGroup[@content-desc=\"test-Error message\"]/android.widget.TextView"}&amp#27;[39m
[debug] &amp#27;[35m[W3C (0474ea5d)]&amp#27;[39m Calling AppiumDriver.findElement() with args: ["xpath","//android.view.ViewGroup[@content-desc=\"test-Error message\"]/android.widget.TextView","0474ea5d-37eb-4519-a9eb-779a224f32ac"]
[debug] &amp#27;[35m[BaseDriver]&amp#27;[39m Valid locator strategies for this request: xpath, id, class name, accessibility id, css selector, -android uiautomator
[debug] &amp#27;[35m[BaseDriver]&amp#27;[39m Waiting up to 0 ms for condition
[debug] &amp#27;[35m[WD Proxy]&amp#27;[39m Matched '/element' to command name 'findElement'
[debug] &amp#27;[35m[WD Proxy]&amp#27;[39m Proxying [POST /element] to [POST http://127.0.0.1:10000/wd/hub/session/811c1123-b92f-4960-a6ec-a99457c0f350/element] with body: {"strategy":"xpath","selector":"//android.view.ViewGroup[@content-desc=\"test-Error message\"]/android.widget.TextView","context":"","multiple":false}
[debug] &amp#27;[35m[WD Proxy]&amp#27;[39m Got response with status 200: {"sessionId":"811c1123-b92f-4960-a6ec-a99457c0f350","value":{"ELEMENT":"fa72e428-acd8-426b-984e-4607ab9d0517","element-6066-11e4-a52e-4f735466cecf":"fa72e428-acd8-426b-984e-4607ab9d0517"}}
[debug] &amp#27;[35m[W3C (0474ea5d)]&amp#27;[39m Responding to client with driver.findElement() result: {"element-6066-11e4-a52e-4f735466cecf":"fa72e428-acd8-426b-984e-4607ab9d0517","ELEMENT":"fa72e428-acd8-426b-984e-4607ab9d0517"}
&amp#27;[35m[HTTP]&amp#27;[39m &amp#27;[37m<-- POST /wd/hub/session/0474ea5d-37eb-4519-a9eb-779a224f32ac/element &amp#27;[39m&amp#27;[32m200&amp#27;[39m &amp#27;[90m663 ms - 137&amp#27;[39m
&amp#27;[35m[HTTP]&amp#27;[39m &amp#27;[90m&amp#27;[39m
&amp#27;[35m[HTTP]&amp#27;[39m &amp#27;[37m-->&amp#27;[39m &amp#27;[37mGET&amp#27;[39m &amp#27;[37m/wd/hub/session/0474ea5d-37eb-4519-a9eb-779a224f32ac/element/fa72e428-acd8-426b-984e-4607ab9d0517/displayed&amp#27;[39m
&amp#27;[35m[HTTP]&amp#27;[39m &amp#27;[90m{}&amp#27;[39m
[debug] &amp#27;[35m[W3C (0474ea5d)]&amp#27;[39m Calling AppiumDriver.elementDisplayed() with args: ["fa72e428-acd8-426b-984e-4607ab9d0517","0474ea5d-37eb-4519-a9eb-779a224f32ac"]
[debug] &amp#27;[35m[WD Proxy]&amp#27;[39m Matched '/element/fa72e428-acd8-426b-984e-4607ab9d0517/attribute/displayed' to command name 'getAttribute'
[debug] &amp#27;[35m[WD Proxy]&amp#27;[39m Proxying [GET /element/fa72e428-acd8-426b-984e-4607ab9d0517/attribute/displayed] to [GET http://127.0.0.1:10000/wd/hub/session/811c1123-b92f-4960-a6ec-a99457c0f350/element/fa72e428-acd8-426b-984e-4607ab9d0517/attribute/displayed] with no body
[debug] &amp#27;[35m[WD Proxy]&amp#27;[39m Got response with status 200: {"sessionId":"811c1123-b92f-4960-a6ec-a99457c0f350","value":"true"}
[debug] &amp#27;[35m[W3C (0474ea5d)]&amp#27;[39m Responding to client with driver.elementDisplayed() result: true
&amp#27;[35m[HTTP]&amp#27;[39m &amp#27;[37m<-- GET /wd/hub/session/0474ea5d-37eb-4519-a9eb-779a224f32ac/element/fa72e428-acd8-426b-984e-4607ab9d0517/displayed &amp#27;[39m&amp#27;[32m200&amp#27;[39m &amp#27;[90m61 ms - 14&amp#27;[39m
&amp#27;[35m[HTTP]&amp#27;[39m &amp#27;[90m&amp#27;[39m
&amp#27;[35m[HTTP]&amp#27;[39m &amp#27;[37m-->&amp#27;[39m &amp#27;[37mGET&amp#27;[39m &amp#27;[37m/wd/hub/session/0474ea5d-37eb-4519-a9eb-779a224f32ac/context&amp#27;[39m
&amp#27;[35m[HTTP]&amp#27;[39m &amp#27;[90m{}&amp#27;[39m
[debug] &amp#27;[35m[W3C (0474ea5d)]&amp#27;[39m Calling AppiumDriver.getCurrentContext() with args: ["0474ea5d-37eb-4519-a9eb-779a224f32ac"]
[debug] &amp#27;[35m[W3C (0474ea5d)]&amp#27;[39m Responding to client with driver.getCurrentContext() result: "NATIVE_APP"
&amp#27;[35m[HTTP]&amp#27;[39m &amp#27;[37m<-- GET /wd/hub/session/0474ea5d-37eb-4519-a9eb-779a224f32ac/context &amp#27;[39m&amp#27;[32m200&amp#27;[39m &amp#27;[90m4 ms - 22&amp#27;[39m
&amp#27;[35m[HTTP]&amp#27;[39m &amp#27;[90m&amp#27;[39m
&amp#27;[35m[HTTP]&amp#27;[39m &amp#27;[37m-->&amp#27;[39m &amp#27;[37mPOST&amp#27;[39m &amp#27;[37m/wd/hub/session/0474ea5d-37eb-4519-a9eb-779a224f32ac/element&amp#27;[39m
&amp#27;[35m[HTTP]&amp#27;[39m &amp#27;[90m{"using":"xpath","value":"//android.view.ViewGroup[@content-desc=\"test-Error message\"]/android.widget.TextView"}&amp#27;[39m
[debug] &amp#27;[35m[W3C (0474ea5d)]&amp#27;[39m Calling AppiumDriver.findElement() with args: ["xpath","//android.view.ViewGroup[@content-desc=\"test-Error message\"]/android.widget.TextView","0474ea5d-37eb-4519-a9eb-779a224f32ac"]
[debug] &amp#27;[35m[BaseDriver]&amp#27;[39m Valid locator strategies for this request: xpath, id, class name, accessibility id, css selector, -android uiautomator
[debug] &amp#27;[35m[BaseDriver]&amp#27;[39m Waiting up to 0 ms for condition
[debug] &amp#27;[35m[WD Proxy]&amp#27;[39m Matched '/element' to command name 'findElement'
[debug] &amp#27;[35m[WD Proxy]&amp#27;[39m Proxying [POST /element] to [POST http://127.0.0.1:10000/wd/hub/session/811c1123-b92f-4960-a6ec-a99457c0f350/element] with body: {"strategy":"xpath","selector":"//android.view.ViewGroup[@content-desc=\"test-Error message\"]/android.widget.TextView","context":"","multiple":false}
[debug] &amp#27;[35m[WD Proxy]&amp#27;[39m Got response with status 200: {"sessionId":"811c1123-b92f-4960-a6ec-a99457c0f350","value":{"ELEMENT":"c1c06dd0-48df-4997-8ac7-ba1841061b56","element-6066-11e4-a52e-4f735466cecf":"c1c06dd0-48df-4997-8ac7-ba1841061b56"}}
[debug] &amp#27;[35m[W3C (0474ea5d)]&amp#27;[39m Responding to client with driver.findElement() result: {"element-6066-11e4-a52e-4f735466cecf":"c1c06dd0-48df-4997-8ac7-ba1841061b56","ELEMENT":"c1c06dd0-48df-4997-8ac7-ba1841061b56"}
&amp#27;[35m[HTTP]&amp#27;[39m &amp#27;[37m<-- POST /wd/hub/session/0474ea5d-37eb-4519-a9eb-779a224f32ac/element &amp#27;[39m&amp#27;[32m200&amp#27;[39m &amp#27;[90m135 ms - 137&amp#27;[39m
&amp#27;[35m[HTTP]&amp#27;[39m &amp#27;[90m&amp#27;[39m
&amp#27;[35m[HTTP]&amp#27;[39m &amp#27;[37m-->&amp#27;[39m &amp#27;[37mGET&amp#27;[39m &amp#27;[37m/wd/hub/session/0474ea5d-37eb-4519-a9eb-779a224f32ac/element/c1c06dd0-48df-4997-8ac7-ba1841061b56/attribute/text&amp#27;[39m
&amp#27;[35m[HTTP]&amp#27;[39m &amp#27;[90m{}&amp#27;[39m
[debug] &amp#27;[35m[W3C (0474ea5d)]&amp#27;[39m Calling AppiumDriver.getAttribute() with args: ["text","c1c06dd0-48df-4997-8ac7-ba1841061b56","0474ea5d-37eb-4519-a9eb-779a224f32ac"]
[debug] &amp#27;[35m[WD Proxy]&amp#27;[39m Matched '/element/c1c06dd0-48df-4997-8ac7-ba1841061b56/attribute/text' to command name 'getAttribute'
[debug] &amp#27;[35m[WD Proxy]&amp#27;[39m Proxying [GET /element/c1c06dd0-48df-4997-8ac7-ba1841061b56/attribute/text] to [GET http://127.0.0.1:10000/wd/hub/session/811c1123-b92f-4960-a6ec-a99457c0f350/element/c1c06dd0-48df-4997-8ac7-ba1841061b56/attribute/text] with no body
[debug] &amp#27;[35m[WD Proxy]&amp#27;[39m Got response with status 200: {"sessionId":"811c1123-b92f-4960-a6ec-a99457c0f350","value":"Username and password do not match any user in this service."}
[debug] &amp#27;[35m[W3C (0474ea5d)]&amp#27;[39m Responding to client with driver.getAttribute() result: "Username and password do not match any user in this service."
&amp#27;[35m[HTTP]&amp#27;[39m &amp#27;[37m<-- GET /wd/hub/session/0474ea5d-37eb-4519-a9eb-779a224f32ac/element/c1c06dd0-48df-4997-8ac7-ba1841061b56/attribute/text &amp#27;[39m&amp#27;[32m200&amp#27;[39m &amp#27;[90m44 ms - 72&amp#27;[39m
&amp#27;[35m[HTTP]&amp#27;[39m &amp#27;[90m&amp#27;[39m
[INFO ] 2021-01-01 21:16:26.684 com.qa.pages.BasePage:97 - error text is - Username and password do not match any user in this service.
  Then login should fail with an error "Username and password do not match any user in this service." # com.qa.stepdef.LoginStepDef.loginShouldFailWithAnError(java.lang.String)
&amp#27;[35m[HTTP]&amp#27;[39m &amp#27;[37m-->&amp#27;[39m &amp#27;[37mPOST&amp#27;[39m &amp#27;[37m/wd/hub/session/0474ea5d-37eb-4519-a9eb-779a224f32ac/appium/stop_recording_screen&amp#27;[39m
&amp#27;[35m[HTTP]&amp#27;[39m &amp#27;[90m{}&amp#27;[39m
[debug] &amp#27;[35m[W3C (0474ea5d)]&amp#27;[39m Calling AppiumDriver.stopRecordingScreen() with args: [null,"0474ea5d-37eb-4519-a9eb-779a224f32ac"]
[debug] &amp#27;[35m[ADB]&amp#27;[39m Getting IDs of all 'screenrecord' processes
[debug] &amp#27;[35m[ADB]&amp#27;[39m Running 'C:\Users\ekrem\AppData\Local\Android\Sdk\platform-tools\adb.exe -P 5037 -s emulator-5554 shell pgrep -f \(\[\[:blank:\]\]\|\^\)screenrecord\(\[\[:blank:\]\]\|\$\)'
[debug] &amp#27;[35m[ADB]&amp#27;[39m Running 'C:\Users\ekrem\AppData\Local\Android\Sdk\platform-tools\adb.exe -P 5037 -s emulator-5554 shell kill -2 24272'
[debug] &amp#27;[35m[ADB]&amp#27;[39m Getting IDs of all 'screenrecord' processes
[debug] &amp#27;[35m[ADB]&amp#27;[39m Running 'C:\Users\ekrem\AppData\Local\Android\Sdk\platform-tools\adb.exe -P 5037 -s emulator-5554 shell pgrep -f \(\[\[:blank:\]\]\|\^\)screenrecord\(\[\[:blank:\]\]\|\$\)'
[debug] &amp#27;[35m[ADB]&amp#27;[39m Getting IDs of all 'screenrecord' processes
[debug] &amp#27;[35m[ADB]&amp#27;[39m Running 'C:\Users\ekrem\AppData\Local\Android\Sdk\platform-tools\adb.exe -P 5037 -s emulator-5554 shell pgrep -f \(\[\[:blank:\]\]\|\^\)screenrecord\(\[\[:blank:\]\]\|\$\)'
[debug] &amp#27;[35m[ADB]&amp#27;[39m Running 'C:\Users\ekrem\AppData\Local\Android\Sdk\platform-tools\adb.exe -P 5037 -s emulator-5554 pull /sdcard/ccd60874.mp4 C:\Users\ekrem\AppData\Local\Temp\202101-10176-1c4z2rx.pscml\ccd60874.mp4'
[debug] &amp#27;[35m[ADB]&amp#27;[39m Running 'C:\Users\ekrem\AppData\Local\Android\Sdk\platform-tools\adb.exe -P 5037 -s emulator-5554 shell rm -rf /sdcard/ccd60874.mp4'
[debug] &amp#27;[35m[AndroidDriver]&amp#27;[39m The size of the resulting screen recording is 229.56 KB
[debug] &amp#27;[35m[W3C (0474ea5d)]&amp#27;[39m Responding to client with driver.stopRecordingScreen() result: "AAAAGGZ0eXBtcDQyAAAAAGlzb21tcDQyAAAFgm1vb3YAAABsbXZoZAAAAADcFTOZ3BUzmQAAJxAAAMnuAAEAAAEAAAAAAAAAAAAAAAABAAAAAAAAAAAAAAAAAAAAAQAAAAAAAAAAAAAAAAAAQAAAAAAAAAAAAAAAAAAAAAAAAAAAAAAAAAAAAAAAAAMAAAB2bWV0YQAAACFoZGxyAAAAAAAAAABtZHRhAAAAAAAAAAAAAAAAAAAAACtrZXlzAAAAAAAAAAEAAAAbbWR0YWNvbS5hbmRyb2lkLnZlcnNpb24AAAAiaWxzdAAAABoAAAABAAAAEmRhdGEAAAABAAAAADExAAAC8nRyYWsAAABcdGtoZAAAAAfcFTOZ3BUzmQAAAAEAAAAAAADJ7gAAAAAAAAAAAAAAAAAAAAAAAQAAAAAAAAAAAAAAAAAAAAEAAAAAAAAAAAAAAAAAAEAAAAAEOAAACHAAAAAAAo5tZGlhAAAAIG1kaGQAAAAA3BUzmdwVM5kAAV+QAAcZWgAAAAAAAAAsaGRscgAAAAAAAAAAdmlkZQAAAAAAAAAAAAAAAFZpZGVvSGFuZGxlAAAAAjptaW5mAAAAFHZtaGQAAAABAAAAAAAAAAAAAAAkZGluZgAAABxkcmVmAAAAAAAAAAEAAAAMdXJsIAAAAAEAAAH6c3RibAAAALZzdHNkAAAAAAAAAAEAAACmYXZjMQAAAAAAAAABAAAAAAAAAAAAAAAAAAAAAAQ4CHAASAAAAEgAAAAAAAAAAQAgICAgICAgICAgICAgICAgICAgICAgICAgICAgICAgABj//wAAAC1hdmNDAULAMv/hABRnQsAyjWgEQBD+XkIAAAMADwiEagEABmjOAag1yAAAABBwYXNwAAEAAAABAAAAAAATY29scm5jbHgAAQABAAEAAAAAcHN0dHMAAAAAAAAADAAAAAEAALKwAAAAAQAAamMAAAABAAD6kQAAAAEAANBSAAAAAQAAGvkAAAABAADUnQAAAAEA...
&amp#27;[35m[HTTP]&amp#27;[39m &amp#27;[37m<-- POST /wd/hub/session/0474ea5d-37eb-4519-a9eb-779a224f32ac/appium/stop_recording_screen &amp#27;[39m&amp#27;[32m200&amp#27;[39m &amp#27;[90m1533 ms - 313436&amp#27;[39m
&amp#27;[35m[HTTP]&amp#27;[39m &amp#27;[90m&amp#27;[39m
[INFO ] 2021-01-01 21:16:28.400 com.qa.utils.VideoManager:35 - video path: Android_pixel_3\Videos\Login with invalid user name.mp4
]]></system-out>
    <system-err><![CDATA[SLF4J: Failed to load class "org.slf4j.impl.StaticLoggerBinder".
SLF4J: Defaulting to no-operation (NOP) logger implementation
SLF4J: See http://www.slf4j.org/codes.html#StaticLoggerBinder for further details.
Jan 01, 2021 9:16:17 PM io.appium.java_client.remote.AppiumCommandExecutor$1 lambda$0
INFO: Detected dialect: W3C
]]></system-err>
  </testcase>
  <testcase name="scenario[&quot;Login with invalid password&quot;, &quot;Optional[Login scenarios]&quot;](2)" classname="com.qa.runners.MyPixel3TestNGRunnerTest" time="7.206">
    <system-out><![CDATA[
@test
Scenario Outline: Login with invalid password                                                         # src/test/resources/Login.feature:20
&amp#27;[35m[HTTP]&amp#27;[39m &amp#27;[37m-->&amp#27;[39m &amp#27;[37mPOST&amp#27;[39m &amp#27;[37m/wd/hub/session/0474ea5d-37eb-4519-a9eb-779a224f32ac/appium/start_recording_screen&amp#27;[39m
&amp#27;[35m[HTTP]&amp#27;[39m &amp#27;[90m{}&amp#27;[39m
[debug] &amp#27;[35m[W3C (0474ea5d)]&amp#27;[39m Calling AppiumDriver.startRecordingScreen() with args: [null,"0474ea5d-37eb-4519-a9eb-779a224f32ac"]
[debug] &amp#27;[35m[ADB]&amp#27;[39m Getting IDs of all 'screenrecord' processes
[debug] &amp#27;[35m[ADB]&amp#27;[39m Running 'C:\Users\ekrem\AppData\Local\Android\Sdk\platform-tools\adb.exe -P 5037 -s emulator-5554 shell pgrep -f \(\[\[:blank:\]\]\|\^\)screenrecord\(\[\[:blank:\]\]\|\$\)'
&amp#27;[35m[AndroidDriver]&amp#27;[39m Screen recording has not been previously started by Appium. There is nothing to stop
[debug] &amp#27;[35m[ADB]&amp#27;[39m Getting IDs of all 'screenrecord' processes
[debug] &amp#27;[35m[ADB]&amp#27;[39m Running 'C:\Users\ekrem\AppData\Local\Android\Sdk\platform-tools\adb.exe -P 5037 -s emulator-5554 shell pgrep -f \(\[\[:blank:\]\]\|\^\)screenrecord\(\[\[:blank:\]\]\|\$\)'
[debug] &amp#27;[35m[ADB]&amp#27;[39m Building screenrecord process with the command line: adb -P 5037 -s emulator-5554 shell screenrecord --time-limit 180 /sdcard/358eb7ce.mp4
[debug] &amp#27;[35m[ADB]&amp#27;[39m Running 'C:\Users\ekrem\AppData\Local\Android\Sdk\platform-tools\adb.exe -P 5037 -s emulator-5554 shell "[ -e '/sdcard/358eb7ce.mp4' ] && echo __PASS__"'
[debug] &amp#27;[35m[ADB]&amp#27;[39m Running 'C:\Users\ekrem\AppData\Local\Android\Sdk\platform-tools\adb.exe -P 5037 -s emulator-5554 shell "[ -e '/sdcard/358eb7ce.mp4' ] && echo __PASS__"'
[debug] &amp#27;[35m[W3C (0474ea5d)]&amp#27;[39m Responding to client with driver.startRecordingScreen() result: ""
&amp#27;[35m[HTTP]&amp#27;[39m &amp#27;[37m<-- POST /wd/hub/session/0474ea5d-37eb-4519-a9eb-779a224f32ac/appium/start_recording_screen &amp#27;[39m&amp#27;[32m200&amp#27;[39m &amp#27;[90m886 ms - 12&amp#27;[39m
&amp#27;[35m[HTTP]&amp#27;[39m &amp#27;[90m&amp#27;[39m
&amp#27;[35m[HTTP]&amp#27;[39m &amp#27;[37m-->&amp#27;[39m &amp#27;[37mGET&amp#27;[39m &amp#27;[37m/wd/hub/session/0474ea5d-37eb-4519-a9eb-779a224f32ac/context&amp#27;[39m
&amp#27;[35m[HTTP]&amp#27;[39m &amp#27;[90m{}&amp#27;[39m
[debug] &amp#27;[35m[W3C (0474ea5d)]&amp#27;[39m Calling AppiumDriver.getCurrentContext() with args: ["0474ea5d-37eb-4519-a9eb-779a224f32ac"]
[debug] &amp#27;[35m[W3C (0474ea5d)]&amp#27;[39m Responding to client with driver.getCurrentContext() result: "NATIVE_APP"
&amp#27;[35m[HTTP]&amp#27;[39m &amp#27;[37m<-- GET /wd/hub/session/0474ea5d-37eb-4519-a9eb-779a224f32ac/context &amp#27;[39m&amp#27;[32m200&amp#27;[39m &amp#27;[90m3 ms - 22&amp#27;[39m
&amp#27;[35m[HTTP]&amp#27;[39m &amp#27;[90m&amp#27;[39m
&amp#27;[35m[HTTP]&amp#27;[39m &amp#27;[37m-->&amp#27;[39m &amp#27;[37mPOST&amp#27;[39m &amp#27;[37m/wd/hub/session/0474ea5d-37eb-4519-a9eb-779a224f32ac/element&amp#27;[39m
&amp#27;[35m[HTTP]&amp#27;[39m &amp#27;[90m{"using":"accessibility id","value":"test-Username"}&amp#27;[39m
[debug] &amp#27;[35m[W3C (0474ea5d)]&amp#27;[39m Calling AppiumDriver.findElement() with args: ["accessibility id","test-Username","0474ea5d-37eb-4519-a9eb-779a224f32ac"]
[debug] &amp#27;[35m[BaseDriver]&amp#27;[39m Valid locator strategies for this request: xpath, id, class name, accessibility id, css selector, -android uiautomator
[debug] &amp#27;[35m[BaseDriver]&amp#27;[39m Waiting up to 0 ms for condition
[debug] &amp#27;[35m[WD Proxy]&amp#27;[39m Matched '/element' to command name 'findElement'
[debug] &amp#27;[35m[WD Proxy]&amp#27;[39m Proxying [POST /element] to [POST http://127.0.0.1:10000/wd/hub/session/811c1123-b92f-4960-a6ec-a99457c0f350/element] with body: {"strategy":"accessibility id","selector":"test-Username","context":"","multiple":false}
[debug] &amp#27;[35m[WD Proxy]&amp#27;[39m Got response with status 200: {"sessionId":"811c1123-b92f-4960-a6ec-a99457c0f350","value":{"ELEMENT":"79139ffd-3bf7-4bcb-a6a2-f794f878f799","element-6066-11e4-a52e-4f735466cecf":"79139ffd-3bf7-4bcb-a6a2-f794f878f799"}}
[debug] &amp#27;[35m[W3C (0474ea5d)]&amp#27;[39m Responding to client with driver.findElement() result: {"element-6066-11e4-a52e-4f735466cecf":"79139ffd-3bf7-4bcb-a6a2-f794f878f799","ELEMENT":"79139ffd-3bf7-4bcb-a6a2-f794f878f799"}
&amp#27;[35m[HTTP]&amp#27;[39m &amp#27;[37m<-- POST /wd/hub/session/0474ea5d-37eb-4519-a9eb-779a224f32ac/element &amp#27;[39m&amp#27;[32m200&amp#27;[39m &amp#27;[90m39 ms - 137&amp#27;[39m
&amp#27;[35m[HTTP]&amp#27;[39m &amp#27;[90m&amp#27;[39m
&amp#27;[35m[HTTP]&amp#27;[39m &amp#27;[37m-->&amp#27;[39m &amp#27;[37mGET&amp#27;[39m &amp#27;[37m/wd/hub/session/0474ea5d-37eb-4519-a9eb-779a224f32ac/element/79139ffd-3bf7-4bcb-a6a2-f794f878f799/displayed&amp#27;[39m
&amp#27;[35m[HTTP]&amp#27;[39m &amp#27;[90m{}&amp#27;[39m
[debug] &amp#27;[35m[W3C (0474ea5d)]&amp#27;[39m Calling AppiumDriver.elementDisplayed() with args: ["79139ffd-3bf7-4bcb-a6a2-f794f878f799","0474ea5d-37eb-4519-a9eb-779a224f32ac"]
[debug] &amp#27;[35m[WD Proxy]&amp#27;[39m Matched '/element/79139ffd-3bf7-4bcb-a6a2-f794f878f799/attribute/displayed' to command name 'getAttribute'
[debug] &amp#27;[35m[WD Proxy]&amp#27;[39m Proxying [GET /element/79139ffd-3bf7-4bcb-a6a2-f794f878f799/attribute/displayed] to [GET http://127.0.0.1:10000/wd/hub/session/811c1123-b92f-4960-a6ec-a99457c0f350/element/79139ffd-3bf7-4bcb-a6a2-f794f878f799/attribute/displayed] with no body
[debug] &amp#27;[35m[WD Proxy]&amp#27;[39m Got response with status 200: {"sessionId":"811c1123-b92f-4960-a6ec-a99457c0f350","value":"true"}
[debug] &amp#27;[35m[W3C (0474ea5d)]&amp#27;[39m Responding to client with driver.elementDisplayed() result: true
&amp#27;[35m[HTTP]&amp#27;[39m &amp#27;[37m<-- GET /wd/hub/session/0474ea5d-37eb-4519-a9eb-779a224f32ac/element/79139ffd-3bf7-4bcb-a6a2-f794f878f799/displayed &amp#27;[39m&amp#27;[32m200&amp#27;[39m &amp#27;[90m25 ms - 14&amp#27;[39m
&amp#27;[35m[HTTP]&amp#27;[39m &amp#27;[90m&amp#27;[39m
&amp#27;[35m[HTTP]&amp#27;[39m &amp#27;[37m-->&amp#27;[39m &amp#27;[37mGET&amp#27;[39m &amp#27;[37m/wd/hub/session/0474ea5d-37eb-4519-a9eb-779a224f32ac/context&amp#27;[39m
&amp#27;[35m[HTTP]&amp#27;[39m &amp#27;[90m{}&amp#27;[39m
[debug] &amp#27;[35m[W3C (0474ea5d)]&amp#27;[39m Calling AppiumDriver.getCurrentContext() with args: ["0474ea5d-37eb-4519-a9eb-779a224f32ac"]
[debug] &amp#27;[35m[W3C (0474ea5d)]&amp#27;[39m Responding to client with driver.getCurrentContext() result: "NATIVE_APP"
&amp#27;[35m[HTTP]&amp#27;[39m &amp#27;[37m<-- GET /wd/hub/session/0474ea5d-37eb-4519-a9eb-779a224f32ac/context &amp#27;[39m&amp#27;[32m200&amp#27;[39m &amp#27;[90m4 ms - 22&amp#27;[39m
&amp#27;[35m[HTTP]&amp#27;[39m &amp#27;[90m&amp#27;[39m
&amp#27;[35m[HTTP]&amp#27;[39m &amp#27;[37m-->&amp#27;[39m &amp#27;[37mPOST&amp#27;[39m &amp#27;[37m/wd/hub/session/0474ea5d-37eb-4519-a9eb-779a224f32ac/element&amp#27;[39m
&amp#27;[35m[HTTP]&amp#27;[39m &amp#27;[90m{"using":"accessibility id","value":"test-Username"}&amp#27;[39m
[debug] &amp#27;[35m[W3C (0474ea5d)]&amp#27;[39m Calling AppiumDriver.findElement() with args: ["accessibility id","test-Username","0474ea5d-37eb-4519-a9eb-779a224f32ac"]
[debug] &amp#27;[35m[BaseDriver]&amp#27;[39m Valid locator strategies for this request: xpath, id, class name, accessibility id, css selector, -android uiautomator
[debug] &amp#27;[35m[BaseDriver]&amp#27;[39m Waiting up to 0 ms for condition
[debug] &amp#27;[35m[WD Proxy]&amp#27;[39m Matched '/element' to command name 'findElement'
[debug] &amp#27;[35m[WD Proxy]&amp#27;[39m Proxying [POST /element] to [POST http://127.0.0.1:10000/wd/hub/session/811c1123-b92f-4960-a6ec-a99457c0f350/element] with body: {"strategy":"accessibility id","selector":"test-Username","context":"","multiple":false}
[debug] &amp#27;[35m[WD Proxy]&amp#27;[39m Got response with status 200: {"sessionId":"811c1123-b92f-4960-a6ec-a99457c0f350","value":{"ELEMENT":"e6e417c0-7ee1-462b-94ed-c2b53683d4bc","element-6066-11e4-a52e-4f735466cecf":"e6e417c0-7ee1-462b-94ed-c2b53683d4bc"}}
[debug] &amp#27;[35m[W3C (0474ea5d)]&amp#27;[39m Responding to client with driver.findElement() result: {"element-6066-11e4-a52e-4f735466cecf":"e6e417c0-7ee1-462b-94ed-c2b53683d4bc","ELEMENT":"e6e417c0-7ee1-462b-94ed-c2b53683d4bc"}
&amp#27;[35m[HTTP]&amp#27;[39m &amp#27;[37m<-- POST /wd/hub/session/0474ea5d-37eb-4519-a9eb-779a224f32ac/element &amp#27;[39m&amp#27;[32m200&amp#27;[39m &amp#27;[90m36 ms - 137&amp#27;[39m
&amp#27;[35m[HTTP]&amp#27;[39m &amp#27;[90m&amp#27;[39m
&amp#27;[35m[HTTP]&amp#27;[39m &amp#27;[37m-->&amp#27;[39m &amp#27;[37mPOST&amp#27;[39m &amp#27;[37m/wd/hub/session/0474ea5d-37eb-4519-a9eb-779a224f32ac/element/e6e417c0-7ee1-462b-94ed-c2b53683d4bc/clear&amp#27;[39m
&amp#27;[35m[HTTP]&amp#27;[39m &amp#27;[90m{"id":"e6e417c0-7ee1-462b-94ed-c2b53683d4bc"}&amp#27;[39m
[debug] &amp#27;[35m[W3C (0474ea5d)]&amp#27;[39m Calling AppiumDriver.clear() with args: ["e6e417c0-7ee1-462b-94ed-c2b53683d4bc","0474ea5d-37eb-4519-a9eb-779a224f32ac"]
[debug] &amp#27;[35m[WD Proxy]&amp#27;[39m Matched '/element/e6e417c0-7ee1-462b-94ed-c2b53683d4bc/clear' to command name 'clear'
[debug] &amp#27;[35m[WD Proxy]&amp#27;[39m Proxying [POST /element/e6e417c0-7ee1-462b-94ed-c2b53683d4bc/clear] to [POST http://127.0.0.1:10000/wd/hub/session/811c1123-b92f-4960-a6ec-a99457c0f350/element/e6e417c0-7ee1-462b-94ed-c2b53683d4bc/clear] with body: {"elementId":"e6e417c0-7ee1-462b-94ed-c2b53683d4bc"}
[debug] &amp#27;[35m[WD Proxy]&amp#27;[39m Got response with status 200: {"sessionId":"811c1123-b92f-4960-a6ec-a99457c0f350","value":null}
[debug] &amp#27;[35m[W3C (0474ea5d)]&amp#27;[39m Responding to client with driver.clear() result: null
&amp#27;[35m[HTTP]&amp#27;[39m &amp#27;[37m<-- POST /wd/hub/session/0474ea5d-37eb-4519-a9eb-779a224f32ac/element/e6e417c0-7ee1-462b-94ed-c2b53683d4bc/clear &amp#27;[39m&amp#27;[32m200&amp#27;[39m &amp#27;[90m41 ms - 14&amp#27;[39m
&amp#27;[35m[HTTP]&amp#27;[39m &amp#27;[90m&amp#27;[39m
&amp#27;[35m[HTTP]&amp#27;[39m &amp#27;[37m-->&amp#27;[39m &amp#27;[37mGET&amp#27;[39m &amp#27;[37m/wd/hub/session/0474ea5d-37eb-4519-a9eb-779a224f32ac/context&amp#27;[39m
&amp#27;[35m[HTTP]&amp#27;[39m &amp#27;[90m{}&amp#27;[39m
[debug] &amp#27;[35m[W3C (0474ea5d)]&amp#27;[39m Calling AppiumDriver.getCurrentContext() with args: ["0474ea5d-37eb-4519-a9eb-779a224f32ac"]
[debug] &amp#27;[35m[W3C (0474ea5d)]&amp#27;[39m Responding to client with driver.getCurrentContext() result: "NATIVE_APP"
&amp#27;[35m[HTTP]&amp#27;[39m &amp#27;[37m<-- GET /wd/hub/session/0474ea5d-37eb-4519-a9eb-779a224f32ac/context &amp#27;[39m&amp#27;[32m200&amp#27;[39m &amp#27;[90m10 ms - 22&amp#27;[39m
&amp#27;[35m[HTTP]&amp#27;[39m &amp#27;[90m&amp#27;[39m
&amp#27;[35m[HTTP]&amp#27;[39m &amp#27;[37m-->&amp#27;[39m &amp#27;[37mPOST&amp#27;[39m &amp#27;[37m/wd/hub/session/0474ea5d-37eb-4519-a9eb-779a224f32ac/element&amp#27;[39m
&amp#27;[35m[HTTP]&amp#27;[39m &amp#27;[90m{"using":"accessibility id","value":"test-Username"}&amp#27;[39m
[debug] &amp#27;[35m[W3C (0474ea5d)]&amp#27;[39m Calling AppiumDriver.findElement() with args: ["accessibility id","test-Username","0474ea5d-37eb-4519-a9eb-779a224f32ac"]
[debug] &amp#27;[35m[BaseDriver]&amp#27;[39m Valid locator strategies for this request: xpath, id, class name, accessibility id, css selector, -android uiautomator
[debug] &amp#27;[35m[BaseDriver]&amp#27;[39m Waiting up to 0 ms for condition
[debug] &amp#27;[35m[WD Proxy]&amp#27;[39m Matched '/element' to command name 'findElement'
[debug] &amp#27;[35m[WD Proxy]&amp#27;[39m Proxying [POST /element] to [POST http://127.0.0.1:10000/wd/hub/session/811c1123-b92f-4960-a6ec-a99457c0f350/element] with body: {"strategy":"accessibility id","selector":"test-Username","context":"","multiple":false}
[debug] &amp#27;[35m[WD Proxy]&amp#27;[39m Got response with status 200: {"sessionId":"811c1123-b92f-4960-a6ec-a99457c0f350","value":{"ELEMENT":"af947e27-ef0e-4f89-ad1a-33e8e013c76c","element-6066-11e4-a52e-4f735466cecf":"af947e27-ef0e-4f89-ad1a-33e8e013c76c"}}
[debug] &amp#27;[35m[W3C (0474ea5d)]&amp#27;[39m Responding to client with driver.findElement() result: {"element-6066-11e4-a52e-4f735466cecf":"af947e27-ef0e-4f89-ad1a-33e8e013c76c","ELEMENT":"af947e27-ef0e-4f89-ad1a-33e8e013c76c"}
&amp#27;[35m[HTTP]&amp#27;[39m &amp#27;[37m<-- POST /wd/hub/session/0474ea5d-37eb-4519-a9eb-779a224f32ac/element &amp#27;[39m&amp#27;[32m200&amp#27;[39m &amp#27;[90m634 ms - 137&amp#27;[39m
&amp#27;[35m[HTTP]&amp#27;[39m &amp#27;[90m&amp#27;[39m
&amp#27;[35m[HTTP]&amp#27;[39m &amp#27;[37m-->&amp#27;[39m &amp#27;[37mGET&amp#27;[39m &amp#27;[37m/wd/hub/session/0474ea5d-37eb-4519-a9eb-779a224f32ac/element/af947e27-ef0e-4f89-ad1a-33e8e013c76c/displayed&amp#27;[39m
&amp#27;[35m[HTTP]&amp#27;[39m &amp#27;[90m{}&amp#27;[39m
[debug] &amp#27;[35m[W3C (0474ea5d)]&amp#27;[39m Calling AppiumDriver.elementDisplayed() with args: ["af947e27-ef0e-4f89-ad1a-33e8e013c76c","0474ea5d-37eb-4519-a9eb-779a224f32ac"]
[debug] &amp#27;[35m[WD Proxy]&amp#27;[39m Matched '/element/af947e27-ef0e-4f89-ad1a-33e8e013c76c/attribute/displayed' to command name 'getAttribute'
[debug] &amp#27;[35m[WD Proxy]&amp#27;[39m Proxying [GET /element/af947e27-ef0e-4f89-ad1a-33e8e013c76c/attribute/displayed] to [GET http://127.0.0.1:10000/wd/hub/session/811c1123-b92f-4960-a6ec-a99457c0f350/element/af947e27-ef0e-4f89-ad1a-33e8e013c76c/attribute/displayed] with no body
[debug] &amp#27;[35m[WD Proxy]&amp#27;[39m Got response with status 200: {"sessionId":"811c1123-b92f-4960-a6ec-a99457c0f350","value":"true"}
[debug] &amp#27;[35m[W3C (0474ea5d)]&amp#27;[39m Responding to client with driver.elementDisplayed() result: true
&amp#27;[35m[HTTP]&amp#27;[39m &amp#27;[37m<-- GET /wd/hub/session/0474ea5d-37eb-4519-a9eb-779a224f32ac/element/af947e27-ef0e-4f89-ad1a-33e8e013c76c/displayed &amp#27;[39m&amp#27;[32m200&amp#27;[39m &amp#27;[90m127 ms - 14&amp#27;[39m
&amp#27;[35m[HTTP]&amp#27;[39m &amp#27;[90m&amp#27;[39m
[INFO ] 2021-01-01 21:16:30.311 com.qa.pages.BasePage:71 - login with standard_user
&amp#27;[35m[HTTP]&amp#27;[39m &amp#27;[37m-->&amp#27;[39m &amp#27;[37mGET&amp#27;[39m &amp#27;[37m/wd/hub/session/0474ea5d-37eb-4519-a9eb-779a224f32ac/context&amp#27;[39m
&amp#27;[35m[HTTP]&amp#27;[39m &amp#27;[90m{}&amp#27;[39m
[debug] &amp#27;[35m[W3C (0474ea5d)]&amp#27;[39m Calling AppiumDriver.getCurrentContext() with args: ["0474ea5d-37eb-4519-a9eb-779a224f32ac"]
[debug] &amp#27;[35m[W3C (0474ea5d)]&amp#27;[39m Responding to client with driver.getCurrentContext() result: "NATIVE_APP"
&amp#27;[35m[HTTP]&amp#27;[39m &amp#27;[37m<-- GET /wd/hub/session/0474ea5d-37eb-4519-a9eb-779a224f32ac/context &amp#27;[39m&amp#27;[32m200&amp#27;[39m &amp#27;[90m4 ms - 22&amp#27;[39m
&amp#27;[35m[HTTP]&amp#27;[39m &amp#27;[90m&amp#27;[39m
&amp#27;[35m[HTTP]&amp#27;[39m &amp#27;[37m-->&amp#27;[39m &amp#27;[37mPOST&amp#27;[39m &amp#27;[37m/wd/hub/session/0474ea5d-37eb-4519-a9eb-779a224f32ac/element&amp#27;[39m
&amp#27;[35m[HTTP]&amp#27;[39m &amp#27;[90m{"using":"accessibility id","value":"test-Username"}&amp#27;[39m
[debug] &amp#27;[35m[W3C (0474ea5d)]&amp#27;[39m Calling AppiumDriver.findElement() with args: ["accessibility id","test-Username","0474ea5d-37eb-4519-a9eb-779a224f32ac"]
[debug] &amp#27;[35m[BaseDriver]&amp#27;[39m Valid locator strategies for this request: xpath, id, class name, accessibility id, css selector, -android uiautomator
[debug] &amp#27;[35m[BaseDriver]&amp#27;[39m Waiting up to 0 ms for condition
[debug] &amp#27;[35m[WD Proxy]&amp#27;[39m Matched '/element' to command name 'findElement'
[debug] &amp#27;[35m[WD Proxy]&amp#27;[39m Proxying [POST /element] to [POST http://127.0.0.1:10000/wd/hub/session/811c1123-b92f-4960-a6ec-a99457c0f350/element] with body: {"strategy":"accessibility id","selector":"test-Username","context":"","multiple":false}
[debug] &amp#27;[35m[WD Proxy]&amp#27;[39m Got response with status 200: {"sessionId":"811c1123-b92f-4960-a6ec-a99457c0f350","value":{"ELEMENT":"f7934289-c6fa-4d14-b17e-25e868d71f89","element-6066-11e4-a52e-4f735466cecf":"f7934289-c6fa-4d14-b17e-25e868d71f89"}}
[debug] &amp#27;[35m[W3C (0474ea5d)]&amp#27;[39m Responding to client with driver.findElement() result: {"element-6066-11e4-a52e-4f735466cecf":"f7934289-c6fa-4d14-b17e-25e868d71f89","ELEMENT":"f7934289-c6fa-4d14-b17e-25e868d71f89"}
&amp#27;[35m[HTTP]&amp#27;[39m &amp#27;[37m<-- POST /wd/hub/session/0474ea5d-37eb-4519-a9eb-779a224f32ac/element &amp#27;[39m&amp#27;[32m200&amp#27;[39m &amp#27;[90m39 ms - 137&amp#27;[39m
&amp#27;[35m[HTTP]&amp#27;[39m &amp#27;[90m&amp#27;[39m
&amp#27;[35m[HTTP]&amp#27;[39m &amp#27;[37m-->&amp#27;[39m &amp#27;[37mPOST&amp#27;[39m &amp#27;[37m/wd/hub/session/0474ea5d-37eb-4519-a9eb-779a224f32ac/element/f7934289-c6fa-4d14-b17e-25e868d71f89/value&amp#27;[39m
&amp#27;[35m[HTTP]&amp#27;[39m &amp#27;[90m{"id":"f7934289-c6fa-4d14-b17e-25e868d71f89","text":"standard_user","value":["s","t","a","n","d","a","r","d","_","u","s","e","r"]}&amp#27;[39m
[debug] &amp#27;[35m[W3C (0474ea5d)]&amp#27;[39m Calling AppiumDriver.setValue() with args: [["s","t","a","n","d","a","r","d","_","u","s","e","r"],"f7934289-c6fa-4d14-b17e-25e868d71f89","0474ea5d-37eb-4519-a9eb-779a224f32ac"]
[debug] &amp#27;[35m[WD Proxy]&amp#27;[39m Matched '/element/f7934289-c6fa-4d14-b17e-25e868d71f89/value' to command name 'setValue'
[debug] &amp#27;[35m[Protocol Converter]&amp#27;[39m Added 'value' property ["s","t","a","n","d","a","r","d","_","u","s","e","r"] to 'setValue' request body
[debug] &amp#27;[35m[WD Proxy]&amp#27;[39m Proxying [POST /element/f7934289-c6fa-4d14-b17e-25e868d71f89/value] to [POST http://127.0.0.1:10000/wd/hub/session/811c1123-b92f-4960-a6ec-a99457c0f350/element/f7934289-c6fa-4d14-b17e-25e868d71f89/value] with body: {"elementId":"f7934289-c6fa-4d14-b17e-25e868d71f89","text":"standard_user","replace":false,"value":["s","t","a","n","d","a","r","d","_","u","s","e","r"]}
[debug] &amp#27;[35m[WD Proxy]&amp#27;[39m Got response with status 200: {"sessionId":"811c1123-b92f-4960-a6ec-a99457c0f350","value":null}
[debug] &amp#27;[35m[W3C (0474ea5d)]&amp#27;[39m Responding to client with driver.setValue() result: null
&amp#27;[35m[HTTP]&amp#27;[39m &amp#27;[37m<-- POST /wd/hub/session/0474ea5d-37eb-4519-a9eb-779a224f32ac/element/f7934289-c6fa-4d14-b17e-25e868d71f89/value &amp#27;[39m&amp#27;[32m200&amp#27;[39m &amp#27;[90m156 ms - 14&amp#27;[39m
  When I enter username as "standard_user"                                                            # com.qa.stepdef.LoginStepDef.iEnterUsernameAs(java.lang.String)
&amp#27;[35m[HTTP]&amp#27;[39m &amp#27;[90m&amp#27;[39m
&amp#27;[35m[HTTP]&amp#27;[39m &amp#27;[37m-->&amp#27;[39m &amp#27;[37mGET&amp#27;[39m &amp#27;[37m/wd/hub/session/0474ea5d-37eb-4519-a9eb-779a224f32ac/context&amp#27;[39m
&amp#27;[35m[HTTP]&amp#27;[39m &amp#27;[90m{}&amp#27;[39m
[debug] &amp#27;[35m[W3C (0474ea5d)]&amp#27;[39m Calling AppiumDriver.getCurrentContext() with args: ["0474ea5d-37eb-4519-a9eb-779a224f32ac"]
[debug] &amp#27;[35m[W3C (0474ea5d)]&amp#27;[39m Responding to client with driver.getCurrentContext() result: "NATIVE_APP"
&amp#27;[35m[HTTP]&amp#27;[39m &amp#27;[37m<-- GET /wd/hub/session/0474ea5d-37eb-4519-a9eb-779a224f32ac/context &amp#27;[39m&amp#27;[32m200&amp#27;[39m &amp#27;[90m7 ms - 22&amp#27;[39m
&amp#27;[35m[HTTP]&amp#27;[39m &amp#27;[90m&amp#27;[39m
&amp#27;[35m[HTTP]&amp#27;[39m &amp#27;[37m-->&amp#27;[39m &amp#27;[37mPOST&amp#27;[39m &amp#27;[37m/wd/hub/session/0474ea5d-37eb-4519-a9eb-779a224f32ac/element&amp#27;[39m
&amp#27;[35m[HTTP]&amp#27;[39m &amp#27;[90m{"using":"accessibility id","value":"test-Password"}&amp#27;[39m
[debug] &amp#27;[35m[W3C (0474ea5d)]&amp#27;[39m Calling AppiumDriver.findElement() with args: ["accessibility id","test-Password","0474ea5d-37eb-4519-a9eb-779a224f32ac"]
[debug] &amp#27;[35m[BaseDriver]&amp#27;[39m Valid locator strategies for this request: xpath, id, class name, accessibility id, css selector, -android uiautomator
[debug] &amp#27;[35m[BaseDriver]&amp#27;[39m Waiting up to 0 ms for condition
[debug] &amp#27;[35m[WD Proxy]&amp#27;[39m Matched '/element' to command name 'findElement'
[debug] &amp#27;[35m[WD Proxy]&amp#27;[39m Proxying [POST /element] to [POST http://127.0.0.1:10000/wd/hub/session/811c1123-b92f-4960-a6ec-a99457c0f350/element] with body: {"strategy":"accessibility id","selector":"test-Password","context":"","multiple":false}
[debug] &amp#27;[35m[WD Proxy]&amp#27;[39m Got response with status 200: {"sessionId":"811c1123-b92f-4960-a6ec-a99457c0f350","value":{"ELEMENT":"b9381ba1-1b11-4ee4-8b73-3b8ed1435504","element-6066-11e4-a52e-4f735466cecf":"b9381ba1-1b11-4ee4-8b73-3b8ed1435504"}}
[debug] &amp#27;[35m[W3C (0474ea5d)]&amp#27;[39m Responding to client with driver.findElement() result: {"element-6066-11e4-a52e-4f735466cecf":"b9381ba1-1b11-4ee4-8b73-3b8ed1435504","ELEMENT":"b9381ba1-1b11-4ee4-8b73-3b8ed1435504"}
&amp#27;[35m[HTTP]&amp#27;[39m &amp#27;[37m<-- POST /wd/hub/session/0474ea5d-37eb-4519-a9eb-779a224f32ac/element &amp#27;[39m&amp#27;[32m200&amp#27;[39m &amp#27;[90m468 ms - 137&amp#27;[39m
&amp#27;[35m[HTTP]&amp#27;[39m &amp#27;[90m&amp#27;[39m
&amp#27;[35m[HTTP]&amp#27;[39m &amp#27;[37m-->&amp#27;[39m &amp#27;[37mGET&amp#27;[39m &amp#27;[37m/wd/hub/session/0474ea5d-37eb-4519-a9eb-779a224f32ac/element/b9381ba1-1b11-4ee4-8b73-3b8ed1435504/displayed&amp#27;[39m
&amp#27;[35m[HTTP]&amp#27;[39m &amp#27;[90m{}&amp#27;[39m
[debug] &amp#27;[35m[W3C (0474ea5d)]&amp#27;[39m Calling AppiumDriver.elementDisplayed() with args: ["b9381ba1-1b11-4ee4-8b73-3b8ed1435504","0474ea5d-37eb-4519-a9eb-779a224f32ac"]
[debug] &amp#27;[35m[WD Proxy]&amp#27;[39m Matched '/element/b9381ba1-1b11-4ee4-8b73-3b8ed1435504/attribute/displayed' to command name 'getAttribute'
[debug] &amp#27;[35m[WD Proxy]&amp#27;[39m Proxying [GET /element/b9381ba1-1b11-4ee4-8b73-3b8ed1435504/attribute/displayed] to [GET http://127.0.0.1:10000/wd/hub/session/811c1123-b92f-4960-a6ec-a99457c0f350/element/b9381ba1-1b11-4ee4-8b73-3b8ed1435504/attribute/displayed] with no body
[debug] &amp#27;[35m[WD Proxy]&amp#27;[39m Got response with status 200: {"sessionId":"811c1123-b92f-4960-a6ec-a99457c0f350","value":"true"}
[debug] &amp#27;[35m[W3C (0474ea5d)]&amp#27;[39m Responding to client with driver.elementDisplayed() result: true
&amp#27;[35m[HTTP]&amp#27;[39m &amp#27;[37m<-- GET /wd/hub/session/0474ea5d-37eb-4519-a9eb-779a224f32ac/element/b9381ba1-1b11-4ee4-8b73-3b8ed1435504/displayed &amp#27;[39m&amp#27;[32m200&amp#27;[39m &amp#27;[90m27 ms - 14&amp#27;[39m
&amp#27;[35m[HTTP]&amp#27;[39m &amp#27;[90m&amp#27;[39m
&amp#27;[35m[HTTP]&amp#27;[39m &amp#27;[37m-->&amp#27;[39m &amp#27;[37mGET&amp#27;[39m &amp#27;[37m/wd/hub/session/0474ea5d-37eb-4519-a9eb-779a224f32ac/context&amp#27;[39m
&amp#27;[35m[HTTP]&amp#27;[39m &amp#27;[90m{}&amp#27;[39m
[debug] &amp#27;[35m[W3C (0474ea5d)]&amp#27;[39m Calling AppiumDriver.getCurrentContext() with args: ["0474ea5d-37eb-4519-a9eb-779a224f32ac"]
[debug] &amp#27;[35m[W3C (0474ea5d)]&amp#27;[39m Responding to client with driver.getCurrentContext() result: "NATIVE_APP"
&amp#27;[35m[HTTP]&amp#27;[39m &amp#27;[37m<-- GET /wd/hub/session/0474ea5d-37eb-4519-a9eb-779a224f32ac/context &amp#27;[39m&amp#27;[32m200&amp#27;[39m &amp#27;[90m5 ms - 22&amp#27;[39m
&amp#27;[35m[HTTP]&amp#27;[39m &amp#27;[90m&amp#27;[39m
&amp#27;[35m[HTTP]&amp#27;[39m &amp#27;[37m-->&amp#27;[39m &amp#27;[37mPOST&amp#27;[39m &amp#27;[37m/wd/hub/session/0474ea5d-37eb-4519-a9eb-779a224f32ac/element&amp#27;[39m
&amp#27;[35m[HTTP]&amp#27;[39m &amp#27;[90m{"using":"accessibility id","value":"test-Password"}&amp#27;[39m
[debug] &amp#27;[35m[W3C (0474ea5d)]&amp#27;[39m Calling AppiumDriver.findElement() with args: ["accessibility id","test-Password","0474ea5d-37eb-4519-a9eb-779a224f32ac"]
[debug] &amp#27;[35m[BaseDriver]&amp#27;[39m Valid locator strategies for this request: xpath, id, class name, accessibility id, css selector, -android uiautomator
[debug] &amp#27;[35m[BaseDriver]&amp#27;[39m Waiting up to 0 ms for condition
[debug] &amp#27;[35m[WD Proxy]&amp#27;[39m Matched '/element' to command name 'findElement'
[debug] &amp#27;[35m[WD Proxy]&amp#27;[39m Proxying [POST /element] to [POST http://127.0.0.1:10000/wd/hub/session/811c1123-b92f-4960-a6ec-a99457c0f350/element] with body: {"strategy":"accessibility id","selector":"test-Password","context":"","multiple":false}
[debug] &amp#27;[35m[WD Proxy]&amp#27;[39m Got response with status 200: {"sessionId":"811c1123-b92f-4960-a6ec-a99457c0f350","value":{"ELEMENT":"b8dd711a-7ba1-47f7-a003-209cbc405c8e","element-6066-11e4-a52e-4f735466cecf":"b8dd711a-7ba1-47f7-a003-209cbc405c8e"}}
[debug] &amp#27;[35m[W3C (0474ea5d)]&amp#27;[39m Responding to client with driver.findElement() result: {"element-6066-11e4-a52e-4f735466cecf":"b8dd711a-7ba1-47f7-a003-209cbc405c8e","ELEMENT":"b8dd711a-7ba1-47f7-a003-209cbc405c8e"}
&amp#27;[35m[HTTP]&amp#27;[39m &amp#27;[37m<-- POST /wd/hub/session/0474ea5d-37eb-4519-a9eb-779a224f32ac/element &amp#27;[39m&amp#27;[32m200&amp#27;[39m &amp#27;[90m42 ms - 137&amp#27;[39m
&amp#27;[35m[HTTP]&amp#27;[39m &amp#27;[90m&amp#27;[39m
&amp#27;[35m[HTTP]&amp#27;[39m &amp#27;[37m-->&amp#27;[39m &amp#27;[37mPOST&amp#27;[39m &amp#27;[37m/wd/hub/session/0474ea5d-37eb-4519-a9eb-779a224f32ac/element/b8dd711a-7ba1-47f7-a003-209cbc405c8e/clear&amp#27;[39m
&amp#27;[35m[HTTP]&amp#27;[39m &amp#27;[90m{"id":"b8dd711a-7ba1-47f7-a003-209cbc405c8e"}&amp#27;[39m
[debug] &amp#27;[35m[W3C (0474ea5d)]&amp#27;[39m Calling AppiumDriver.clear() with args: ["b8dd711a-7ba1-47f7-a003-209cbc405c8e","0474ea5d-37eb-4519-a9eb-779a224f32ac"]
[debug] &amp#27;[35m[WD Proxy]&amp#27;[39m Matched '/element/b8dd711a-7ba1-47f7-a003-209cbc405c8e/clear' to command name 'clear'
[debug] &amp#27;[35m[WD Proxy]&amp#27;[39m Proxying [POST /element/b8dd711a-7ba1-47f7-a003-209cbc405c8e/clear] to [POST http://127.0.0.1:10000/wd/hub/session/811c1123-b92f-4960-a6ec-a99457c0f350/element/b8dd711a-7ba1-47f7-a003-209cbc405c8e/clear] with body: {"elementId":"b8dd711a-7ba1-47f7-a003-209cbc405c8e"}
[debug] &amp#27;[35m[WD Proxy]&amp#27;[39m Got response with status 200: {"sessionId":"811c1123-b92f-4960-a6ec-a99457c0f350","value":null}
[debug] &amp#27;[35m[W3C (0474ea5d)]&amp#27;[39m Responding to client with driver.clear() result: null
&amp#27;[35m[HTTP]&amp#27;[39m &amp#27;[37m<-- POST /wd/hub/session/0474ea5d-37eb-4519-a9eb-779a224f32ac/element/b8dd711a-7ba1-47f7-a003-209cbc405c8e/clear &amp#27;[39m&amp#27;[32m200&amp#27;[39m &amp#27;[90m32 ms - 14&amp#27;[39m
&amp#27;[35m[HTTP]&amp#27;[39m &amp#27;[90m&amp#27;[39m
&amp#27;[35m[HTTP]&amp#27;[39m &amp#27;[37m-->&amp#27;[39m &amp#27;[37mGET&amp#27;[39m &amp#27;[37m/wd/hub/session/0474ea5d-37eb-4519-a9eb-779a224f32ac/context&amp#27;[39m
&amp#27;[35m[HTTP]&amp#27;[39m &amp#27;[90m{}&amp#27;[39m
[debug] &amp#27;[35m[W3C (0474ea5d)]&amp#27;[39m Calling AppiumDriver.getCurrentContext() with args: ["0474ea5d-37eb-4519-a9eb-779a224f32ac"]
[debug] &amp#27;[35m[W3C (0474ea5d)]&amp#27;[39m Responding to client with driver.getCurrentContext() result: "NATIVE_APP"
&amp#27;[35m[HTTP]&amp#27;[39m &amp#27;[37m<-- GET /wd/hub/session/0474ea5d-37eb-4519-a9eb-779a224f32ac/context &amp#27;[39m&amp#27;[32m200&amp#27;[39m &amp#27;[90m9 ms - 22&amp#27;[39m
&amp#27;[35m[HTTP]&amp#27;[39m &amp#27;[90m&amp#27;[39m
&amp#27;[35m[HTTP]&amp#27;[39m &amp#27;[37m-->&amp#27;[39m &amp#27;[37mPOST&amp#27;[39m &amp#27;[37m/wd/hub/session/0474ea5d-37eb-4519-a9eb-779a224f32ac/element&amp#27;[39m
&amp#27;[35m[HTTP]&amp#27;[39m &amp#27;[90m{"using":"accessibility id","value":"test-Password"}&amp#27;[39m
[debug] &amp#27;[35m[W3C (0474ea5d)]&amp#27;[39m Calling AppiumDriver.findElement() with args: ["accessibility id","test-Password","0474ea5d-37eb-4519-a9eb-779a224f32ac"]
[debug] &amp#27;[35m[BaseDriver]&amp#27;[39m Valid locator strategies for this request: xpath, id, class name, accessibility id, css selector, -android uiautomator
[debug] &amp#27;[35m[BaseDriver]&amp#27;[39m Waiting up to 0 ms for condition
[debug] &amp#27;[35m[WD Proxy]&amp#27;[39m Matched '/element' to command name 'findElement'
[debug] &amp#27;[35m[WD Proxy]&amp#27;[39m Proxying [POST /element] to [POST http://127.0.0.1:10000/wd/hub/session/811c1123-b92f-4960-a6ec-a99457c0f350/element] with body: {"strategy":"accessibility id","selector":"test-Password","context":"","multiple":false}
[debug] &amp#27;[35m[WD Proxy]&amp#27;[39m Got response with status 200: {"sessionId":"811c1123-b92f-4960-a6ec-a99457c0f350","value":{"ELEMENT":"33666804-400f-4682-a731-5c6eb53d5085","element-6066-11e4-a52e-4f735466cecf":"33666804-400f-4682-a731-5c6eb53d5085"}}
[debug] &amp#27;[35m[W3C (0474ea5d)]&amp#27;[39m Responding to client with driver.findElement() result: {"element-6066-11e4-a52e-4f735466cecf":"33666804-400f-4682-a731-5c6eb53d5085","ELEMENT":"33666804-400f-4682-a731-5c6eb53d5085"}
&amp#27;[35m[HTTP]&amp#27;[39m &amp#27;[37m<-- POST /wd/hub/session/0474ea5d-37eb-4519-a9eb-779a224f32ac/element &amp#27;[39m&amp#27;[32m200&amp#27;[39m &amp#27;[90m497 ms - 137&amp#27;[39m
&amp#27;[35m[HTTP]&amp#27;[39m &amp#27;[90m&amp#27;[39m
&amp#27;[35m[HTTP]&amp#27;[39m &amp#27;[37m-->&amp#27;[39m &amp#27;[37mGET&amp#27;[39m &amp#27;[37m/wd/hub/session/0474ea5d-37eb-4519-a9eb-779a224f32ac/element/33666804-400f-4682-a731-5c6eb53d5085/displayed&amp#27;[39m
&amp#27;[35m[HTTP]&amp#27;[39m &amp#27;[90m{}&amp#27;[39m
[debug] &amp#27;[35m[W3C (0474ea5d)]&amp#27;[39m Calling AppiumDriver.elementDisplayed() with args: ["33666804-400f-4682-a731-5c6eb53d5085","0474ea5d-37eb-4519-a9eb-779a224f32ac"]
[debug] &amp#27;[35m[WD Proxy]&amp#27;[39m Matched '/element/33666804-400f-4682-a731-5c6eb53d5085/attribute/displayed' to command name 'getAttribute'
[debug] &amp#27;[35m[WD Proxy]&amp#27;[39m Proxying [GET /element/33666804-400f-4682-a731-5c6eb53d5085/attribute/displayed] to [GET http://127.0.0.1:10000/wd/hub/session/811c1123-b92f-4960-a6ec-a99457c0f350/element/33666804-400f-4682-a731-5c6eb53d5085/attribute/displayed] with no body
[debug] &amp#27;[35m[WD Proxy]&amp#27;[39m Got response with status 200: {"sessionId":"811c1123-b92f-4960-a6ec-a99457c0f350","value":"true"}
[debug] &amp#27;[35m[W3C (0474ea5d)]&amp#27;[39m Responding to client with driver.elementDisplayed() result: true
&amp#27;[35m[HTTP]&amp#27;[39m &amp#27;[37m<-- GET /wd/hub/session/0474ea5d-37eb-4519-a9eb-779a224f32ac/element/33666804-400f-4682-a731-5c6eb53d5085/displayed &amp#27;[39m&amp#27;[32m200&amp#27;[39m &amp#27;[90m25 ms - 14&amp#27;[39m
&amp#27;[35m[HTTP]&amp#27;[39m &amp#27;[90m&amp#27;[39m
[INFO ] 2021-01-01 21:16:31.709 com.qa.pages.BasePage:71 - password is invalidPassword
&amp#27;[35m[HTTP]&amp#27;[39m &amp#27;[37m-->&amp#27;[39m &amp#27;[37mGET&amp#27;[39m &amp#27;[37m/wd/hub/session/0474ea5d-37eb-4519-a9eb-779a224f32ac/context&amp#27;[39m
&amp#27;[35m[HTTP]&amp#27;[39m &amp#27;[90m{}&amp#27;[39m
[debug] &amp#27;[35m[W3C (0474ea5d)]&amp#27;[39m Calling AppiumDriver.getCurrentContext() with args: ["0474ea5d-37eb-4519-a9eb-779a224f32ac"]
[debug] &amp#27;[35m[W3C (0474ea5d)]&amp#27;[39m Responding to client with driver.getCurrentContext() result: "NATIVE_APP"
&amp#27;[35m[HTTP]&amp#27;[39m &amp#27;[37m<-- GET /wd/hub/session/0474ea5d-37eb-4519-a9eb-779a224f32ac/context &amp#27;[39m&amp#27;[32m200&amp#27;[39m &amp#27;[90m4 ms - 22&amp#27;[39m
&amp#27;[35m[HTTP]&amp#27;[39m &amp#27;[90m&amp#27;[39m
&amp#27;[35m[HTTP]&amp#27;[39m &amp#27;[37m-->&amp#27;[39m &amp#27;[37mPOST&amp#27;[39m &amp#27;[37m/wd/hub/session/0474ea5d-37eb-4519-a9eb-779a224f32ac/element&amp#27;[39m
&amp#27;[35m[HTTP]&amp#27;[39m &amp#27;[90m{"using":"accessibility id","value":"test-Password"}&amp#27;[39m
[debug] &amp#27;[35m[W3C (0474ea5d)]&amp#27;[39m Calling AppiumDriver.findElement() with args: ["accessibility id","test-Password","0474ea5d-37eb-4519-a9eb-779a224f32ac"]
[debug] &amp#27;[35m[BaseDriver]&amp#27;[39m Valid locator strategies for this request: xpath, id, class name, accessibility id, css selector, -android uiautomator
[debug] &amp#27;[35m[BaseDriver]&amp#27;[39m Waiting up to 0 ms for condition
[debug] &amp#27;[35m[WD Proxy]&amp#27;[39m Matched '/element' to command name 'findElement'
[debug] &amp#27;[35m[WD Proxy]&amp#27;[39m Proxying [POST /element] to [POST http://127.0.0.1:10000/wd/hub/session/811c1123-b92f-4960-a6ec-a99457c0f350/element] with body: {"strategy":"accessibility id","selector":"test-Password","context":"","multiple":false}
[debug] &amp#27;[35m[WD Proxy]&amp#27;[39m Got response with status 200: {"sessionId":"811c1123-b92f-4960-a6ec-a99457c0f350","value":{"ELEMENT":"a54e82a2-aede-43e7-90bc-7fc0beb38696","element-6066-11e4-a52e-4f735466cecf":"a54e82a2-aede-43e7-90bc-7fc0beb38696"}}
[debug] &amp#27;[35m[W3C (0474ea5d)]&amp#27;[39m Responding to client with driver.findElement() result: {"element-6066-11e4-a52e-4f735466cecf":"a54e82a2-aede-43e7-90bc-7fc0beb38696","ELEMENT":"a54e82a2-aede-43e7-90bc-7fc0beb38696"}
&amp#27;[35m[HTTP]&amp#27;[39m &amp#27;[37m<-- POST /wd/hub/session/0474ea5d-37eb-4519-a9eb-779a224f32ac/element &amp#27;[39m&amp#27;[32m200&amp#27;[39m &amp#27;[90m51 ms - 137&amp#27;[39m
&amp#27;[35m[HTTP]&amp#27;[39m &amp#27;[90m&amp#27;[39m
&amp#27;[35m[HTTP]&amp#27;[39m &amp#27;[37m-->&amp#27;[39m &amp#27;[37mPOST&amp#27;[39m &amp#27;[37m/wd/hub/session/0474ea5d-37eb-4519-a9eb-779a224f32ac/element/a54e82a2-aede-43e7-90bc-7fc0beb38696/value&amp#27;[39m
&amp#27;[35m[HTTP]&amp#27;[39m &amp#27;[90m{"id":"a54e82a2-aede-43e7-90bc-7fc0beb38696","text":"invalidPassword","value":["i","n","v","a","l","i","d","P","a","s","s","w","o","r","d"]}&amp#27;[39m
[debug] &amp#27;[35m[W3C (0474ea5d)]&amp#27;[39m Calling AppiumDriver.setValue() with args: [["i","n","v","a","l","i","d","P","a","s","s","w","o","r","d"],"a54e82a2-aede-43e7-90bc-7fc0beb38696","0474ea5d-37eb-4519-a9eb-779a224f32ac"]
[debug] &amp#27;[35m[WD Proxy]&amp#27;[39m Matched '/element/a54e82a2-aede-43e7-90bc-7fc0beb38696/value' to command name 'setValue'
[debug] &amp#27;[35m[Protocol Converter]&amp#27;[39m Added 'value' property ["i","n","v","a","l","i","d","P","a","s","s","w","o","r","d"] to 'setValue' request body
[debug] &amp#27;[35m[WD Proxy]&amp#27;[39m Proxying [POST /element/a54e82a2-aede-43e7-90bc-7fc0beb38696/value] to [POST http://127.0.0.1:10000/wd/hub/session/811c1123-b92f-4960-a6ec-a99457c0f350/element/a54e82a2-aede-43e7-90bc-7fc0beb38696/value] with body: {"elementId":"a54e82a2-aede-43e7-90bc-7fc0beb38696","text":"invalidPassword","replace":false,"value":["i","n","v","a","l","i","d","P","a","s","s","w","o","r","d"]}
[debug] &amp#27;[35m[WD Proxy]&amp#27;[39m Got response with status 200: {"sessionId":"811c1123-b92f-4960-a6ec-a99457c0f350","value":null}
[debug] &amp#27;[35m[W3C (0474ea5d)]&amp#27;[39m Responding to client with driver.setValue() result: null
&amp#27;[35m[HTTP]&amp#27;[39m &amp#27;[37m<-- POST /wd/hub/session/0474ea5d-37eb-4519-a9eb-779a224f32ac/element/a54e8  And I enter password as "invalidPassword"                                                           # com.qa.stepdef.LoginStepDef.iEnterPasswordAs(java.lang.String)
2a2-aede-43e7-90bc-7fc0beb38696/value &amp#27;[39m&amp#27;[32m200&amp#27;[39m &amp#27;[90m558 ms - 14&amp#27;[39m
&amp#27;[35m[HTTP]&amp#27;[39m &amp#27;[90m&amp#27;[39m
&amp#27;[35m[HTTP]&amp#27;[39m &amp#27;[37m-->&amp#27;[39m &amp#27;[37mGET&amp#27;[39m &amp#27;[37m/wd/hub/session/0474ea5d-37eb-4519-a9eb-779a224f32ac/context&amp#27;[39m
&amp#27;[35m[HTTP]&amp#27;[39m &amp#27;[90m{}&amp#27;[39m
[debug] &amp#27;[35m[W3C (0474ea5d)]&amp#27;[39m Calling AppiumDriver.getCurrentContext() with args: ["0474ea5d-37eb-4519-a9eb-779a224f32ac"]
[debug] &amp#27;[35m[W3C (0474ea5d)]&amp#27;[39m Responding to client with driver.getCurrentContext() result: "NATIVE_APP"
&amp#27;[35m[HTTP]&amp#27;[39m &amp#27;[37m<-- GET /wd/hub/session/0474ea5d-37eb-4519-a9eb-779a224f32ac/context &amp#27;[39m&amp#27;[32m200&amp#27;[39m &amp#27;[90m4 ms - 22&amp#27;[39m
&amp#27;[35m[HTTP]&amp#27;[39m &amp#27;[90m&amp#27;[39m
&amp#27;[35m[HTTP]&amp#27;[39m &amp#27;[37m-->&amp#27;[39m &amp#27;[37mPOST&amp#27;[39m &amp#27;[37m/wd/hub/session/0474ea5d-37eb-4519-a9eb-779a224f32ac/element&amp#27;[39m
&amp#27;[35m[HTTP]&amp#27;[39m &amp#27;[90m{"using":"accessibility id","value":"test-LOGIN"}&amp#27;[39m
[debug] &amp#27;[35m[W3C (0474ea5d)]&amp#27;[39m Calling AppiumDriver.findElement() with args: ["accessibility id","test-LOGIN","0474ea5d-37eb-4519-a9eb-779a224f32ac"]
[debug] &amp#27;[35m[BaseDriver]&amp#27;[39m Valid locator strategies for this request: xpath, id, class name, accessibility id, css selector, -android uiautomator
[debug] &amp#27;[35m[BaseDriver]&amp#27;[39m Waiting up to 0 ms for condition
[debug] &amp#27;[35m[WD Proxy]&amp#27;[39m Matched '/element' to command name 'findElement'
[debug] &amp#27;[35m[WD Proxy]&amp#27;[39m Proxying [POST /element] to [POST http://127.0.0.1:10000/wd/hub/session/811c1123-b92f-4960-a6ec-a99457c0f350/element] with body: {"strategy":"accessibility id","selector":"test-LOGIN","context":"","multiple":false}
[debug] &amp#27;[35m[WD Proxy]&amp#27;[39m Got response with status 200: {"sessionId":"811c1123-b92f-4960-a6ec-a99457c0f350","value":{"ELEMENT":"e665054d-063f-492a-9379-8f51ab656f31","element-6066-11e4-a52e-4f735466cecf":"e665054d-063f-492a-9379-8f51ab656f31"}}
[debug] &amp#27;[35m[W3C (0474ea5d)]&amp#27;[39m Responding to client with driver.findElement() result: {"element-6066-11e4-a52e-4f735466cecf":"e665054d-063f-492a-9379-8f51ab656f31","ELEMENT":"e665054d-063f-492a-9379-8f51ab656f31"}
&amp#27;[35m[HTTP]&amp#27;[39m &amp#27;[37m<-- POST /wd/hub/session/0474ea5d-37eb-4519-a9eb-779a224f32ac/element &amp#27;[39m&amp#27;[32m200&amp#27;[39m &amp#27;[90m499 ms - 137&amp#27;[39m
&amp#27;[35m[HTTP]&amp#27;[39m &amp#27;[90m&amp#27;[39m
&amp#27;[35m[HTTP]&amp#27;[39m &amp#27;[37m-->&amp#27;[39m &amp#27;[37mGET&amp#27;[39m &amp#27;[37m/wd/hub/session/0474ea5d-37eb-4519-a9eb-779a224f32ac/element/e665054d-063f-492a-9379-8f51ab656f31/displayed&amp#27;[39m
&amp#27;[35m[HTTP]&amp#27;[39m &amp#27;[90m{}&amp#27;[39m
[debug] &amp#27;[35m[W3C (0474ea5d)]&amp#27;[39m Calling AppiumDriver.elementDisplayed() with args: ["e665054d-063f-492a-9379-8f51ab656f31","0474ea5d-37eb-4519-a9eb-779a224f32ac"]
[debug] &amp#27;[35m[WD Proxy]&amp#27;[39m Matched '/element/e665054d-063f-492a-9379-8f51ab656f31/attribute/displayed' to command name 'getAttribute'
[debug] &amp#27;[35m[WD Proxy]&amp#27;[39m Proxying [GET /element/e665054d-063f-492a-9379-8f51ab656f31/attribute/displayed] to [GET http://127.0.0.1:10000/wd/hub/session/811c1123-b92f-4960-a6ec-a99457c0f350/element/e665054d-063f-492a-9379-8f51ab656f31/attribute/displayed] with no body
[debug] &amp#27;[35m[WD Proxy]&amp#27;[39m Got response with status 200: {"sessionId":"811c1123-b92f-4960-a6ec-a99457c0f350","value":"true"}
[debug] &amp#27;[35m[W3C (0474ea5d)]&amp#27;[39m Responding to client with driver.elementDisplayed() result: true
&amp#27;[35m[HTTP]&amp#27;[39m &amp#27;[37m<-- GET /wd/hub/session/0474ea5d-37eb-4519-a9eb-779a224f32ac/element/e665054d-063f-492a-9379-8f51ab656f31/displayed &amp#27;[39m&amp#27;[32m200&amp#27;[39m &amp#27;[90m25 ms - 14&amp#27;[39m
&amp#27;[35m[HTTP]&amp#27;[39m &amp#27;[90m&amp#27;[39m
[INFO ] 2021-01-01 21:16:32.905 com.qa.pages.BasePage:54 - press login button
&amp#27;[35m[HTTP]&amp#27;[39m &amp#27;[37m-->&amp#27;[39m &amp#27;[37mGET&amp#27;[39m &amp#27;[37m/wd/hub/session/0474ea5d-37eb-4519-a9eb-779a224f32ac/context&amp#27;[39m
&amp#27;[35m[HTTP]&amp#27;[39m &amp#27;[90m{}&amp#27;[39m
[debug] &amp#27;[35m[W3C (0474ea5d)]&amp#27;[39m Calling AppiumDriver.getCurrentContext() with args: ["0474ea5d-37eb-4519-a9eb-779a224f32ac"]
[debug] &amp#27;[35m[W3C (0474ea5d)]&amp#27;[39m Responding to client with driver.getCurrentContext() result: "NATIVE_APP"
&amp#27;[35m[HTTP]&amp#27;[39m &amp#27;[37m<-- GET /wd/hub/session/0474ea5d-37eb-4519-a9eb-779a224f32ac/context &amp#27;[39m&amp#27;[32m200&amp#27;[39m &amp#27;[90m4 ms - 22&amp#27;[39m
&amp#27;[35m[HTTP]&amp#27;[39m &amp#27;[90m&amp#27;[39m
&amp#27;[35m[HTTP]&amp#27;[39m &amp#27;[37m-->&amp#27;[39m &amp#27;[37mPOST&amp#27;[39m &amp#27;[37m/wd/hub/session/0474ea5d-37eb-4519-a9eb-779a224f32ac/element&amp#27;[39m
&amp#27;[35m[HTTP]&amp#27;[39m &amp#27;[90m{"using":"accessibility id","value":"test-LOGIN"}&amp#27;[39m
[debug] &amp#27;[35m[W3C (0474ea5d)]&amp#27;[39m Calling AppiumDriver.findElement() with args: ["accessibility id","test-LOGIN","0474ea5d-37eb-4519-a9eb-779a224f32ac"]
[debug] &amp#27;[35m[BaseDriver]&amp#27;[39m Valid locator strategies for this request: xpath, id, class name, accessibility id, css selector, -android uiautomator
[debug] &amp#27;[35m[BaseDriver]&amp#27;[39m Waiting up to 0 ms for condition
[debug] &amp#27;[35m[WD Proxy]&amp#27;[39m Matched '/element' to command name 'findElement'
[debug] &amp#27;[35m[WD Proxy]&amp#27;[39m Proxying [POST /element] to [POST http://127.0.0.1:10000/wd/hub/session/811c1123-b92f-4960-a6ec-a99457c0f350/element] with body: {"strategy":"accessibility id","selector":"test-LOGIN","context":"","multiple":false}
[debug] &amp#27;[35m[WD Proxy]&amp#27;[39m Got response with status 200: {"sessionId":"811c1123-b92f-4960-a6ec-a99457c0f350","value":{"ELEMENT":"4a93a2ae-2b30-4754-a439-7f375116a4d8","element-6066-11e4-a52e-4f735466cecf":"4a93a2ae-2b30-4754-a439-7f375116a4d8"}}
[debug] &amp#27;[35m[W3C (0474ea5d)]&amp#27;[39m Responding to client with driver.findElement() result: {"element-6066-11e4-a52e-4f735466cecf":"4a93a2ae-2b30-4754-a439-7f375116a4d8","ELEMENT":"4a93a2ae-2b30-4754-a439-7f375116a4d8"}
&amp#27;[35m[HTTP]&amp#27;[39m &amp#27;[37m<-- POST /wd/hub/session/0474ea5d-37eb-4519-a9eb-779a224f32ac/element &amp#27;[39m&amp#27;[32m200&amp#27;[39m &amp#27;[90m49 ms - 137&amp#27;[39m
&amp#27;[35m[HTTP]&amp#27;[39m &amp#27;[90m&amp#27;[39m
&amp#27;[35m[HTTP]&amp#27;[39m &amp#27;[37m-->&amp#27;[39m &amp#27;[37mPOST&amp#27;[39m &amp#27;[37m/wd/hub/session/0474ea5d-37eb-4519-a9eb-779a224f32ac/element/4a93a2ae-2b30-4754-a439-7f375116a4d8/click&amp#27;[39m
&amp#27;[35m[HTTP]&amp#27;[39m &amp#27;[90m{"id":"4a93a2ae-2b30-4754-a439-7f375116a4d8"}&amp#27;[39m
[debug] &amp#27;[35m[W3C (0474ea5d)]&amp#27;[39m Calling AppiumDriver.click() with args: ["4a93a2ae-2b30-4754-a439-7f375116a4d8","0474ea5d-37eb-4519-a9eb-779a224f32ac"]
[debug] &amp#27;[35m[WD Proxy]&amp#27;[39m Matched '/element/4a93a2ae-2b30-4754-a439-7f375116a4d8/click' to command name 'click'
[debug] &amp#27;[35m[WD Proxy]&amp#27;[39m Proxying [POST /element/4a93a2ae-2b30-4754-a439-7f375116a4d8/click] to [POST http://127.0.0.1:10000/wd/hub/session/811c1123-b92f-4960-a6ec-a99457c0f350/element/4a93a2ae-2b30-4754-a439-7f375116a4d8/click] with body: {"element":"4a93a2ae-2b30-4754-a439-7f375116a4d8"}
[debug] &amp#27;[35m[WD Proxy]&amp#27;[39m Got response with status 200: {"sessionId":"811c1123-b92f-4960-a6ec-a99457c0f350","value":null}
[debug] &amp#27;[35m[W3C (0474ea5d)]&amp#27;[39m Responding to client with driver.click() result: null
&amp#27;[35m[HTTP]&amp#27;[39m &amp#27;[37m<-- POST /wd/hub/session/0474ea5d-37eb-4519-a9eb-779a224f32ac/element/4a93a2ae-2b30-4754-a439-7f375116a4d8/click &amp#27;[39m&amp#27;[32m200&amp#27;[39m &amp#27;[90m150 ms - 14&amp#27;[39m
&amp#27;[35m[HTTP]&amp#27;[39m &amp#27;[90m&amp#27;[39m
  And I login                                                                                         # com.qa.stepdef.LoginStepDef.iLogin()
&amp#27;[35m[HTTP]&amp#27;[39m &amp#27;[37m-->&amp#27;[39m &amp#27;[37mGET&amp#27;[39m &amp#27;[37m/wd/hub/session/0474ea5d-37eb-4519-a9eb-779a224f32ac/context&amp#27;[39m
&amp#27;[35m[HTTP]&amp#27;[39m &amp#27;[90m{}&amp#27;[39m
[debug] &amp#27;[35m[W3C (0474ea5d)]&amp#27;[39m Calling AppiumDriver.getCurrentContext() with args: ["0474ea5d-37eb-4519-a9eb-779a224f32ac"]
[debug] &amp#27;[35m[W3C (0474ea5d)]&amp#27;[39m Responding to client with driver.getCurrentContext() result: "NATIVE_APP"
&amp#27;[35m[HTTP]&amp#27;[39m &amp#27;[37m<-- GET /wd/hub/session/0474ea5d-37eb-4519-a9eb-779a224f32ac/context &amp#27;[39m&amp#27;[32m200&amp#27;[39m &amp#27;[90m5 ms - 22&amp#27;[39m
&amp#27;[35m[HTTP]&amp#27;[39m &amp#27;[90m&amp#27;[39m
&amp#27;[35m[HTTP]&amp#27;[39m &amp#27;[37m-->&amp#27;[39m &amp#27;[37mPOST&amp#27;[39m &amp#27;[37m/wd/hub/session/0474ea5d-37eb-4519-a9eb-779a224f32ac/element&amp#27;[39m
&amp#27;[35m[HTTP]&amp#27;[39m &amp#27;[90m{"using":"xpath","value":"//android.view.ViewGroup[@content-desc=\"test-Error message\"]/android.widget.TextView"}&amp#27;[39m
[debug] &amp#27;[35m[W3C (0474ea5d)]&amp#27;[39m Calling AppiumDriver.findElement() with args: ["xpath","//android.view.ViewGroup[@content-desc=\"test-Error message\"]/android.widget.TextView","0474ea5d-37eb-4519-a9eb-779a224f32ac"]
[debug] &amp#27;[35m[BaseDriver]&amp#27;[39m Valid locator strategies for this request: xpath, id, class name, accessibility id, css selector, -android uiautomator
[debug] &amp#27;[35m[BaseDriver]&amp#27;[39m Waiting up to 0 ms for condition
[debug] &amp#27;[35m[WD Proxy]&amp#27;[39m Matched '/element' to command name 'findElement'
[debug] &amp#27;[35m[WD Proxy]&amp#27;[39m Proxying [POST /element] to [POST http://127.0.0.1:10000/wd/hub/session/811c1123-b92f-4960-a6ec-a99457c0f350/element] with body: {"strategy":"xpath","selector":"//android.view.ViewGroup[@content-desc=\"test-Error message\"]/android.widget.TextView","context":"","multiple":false}
[debug] &amp#27;[35m[WD Proxy]&amp#27;[39m Got response with status 200: {"sessionId":"811c1123-b92f-4960-a6ec-a99457c0f350","value":{"ELEMENT":"6fb48337-e73d-4e9a-94ba-28065feec427","element-6066-11e4-a52e-4f735466cecf":"6fb48337-e73d-4e9a-94ba-28065feec427"}}
[debug] &amp#27;[35m[W3C (0474ea5d)]&amp#27;[39m Responding to client with driver.findElement() result: {"element-6066-11e4-a52e-4f735466cecf":"6fb48337-e73d-4e9a-94ba-28065feec427","ELEMENT":"6fb48337-e73d-4e9a-94ba-28065feec427"}
&amp#27;[35m[HTTP]&amp#27;[39m &amp#27;[37m<-- POST /wd/hub/session/0474ea5d-37eb-4519-a9eb-779a224f32ac/element &amp#27;[39m&amp#27;[32m200&amp#27;[39m &amp#27;[90m229 ms - 137&amp#27;[39m
&amp#27;[35m[HTTP]&amp#27;[39m &amp#27;[90m&amp#27;[39m
&amp#27;[35m[HTTP]&amp#27;[39m &amp#27;[37m-->&amp#27;[39m &amp#27;[37mGET&amp#27;[39m &amp#27;[37m/wd/hub/session/0474ea5d-37eb-4519-a9eb-779a224f32ac/element/6fb48337-e73d-4e9a-94ba-28065feec427/displayed&amp#27;[39m
&amp#27;[35m[HTTP]&amp#27;[39m &amp#27;[90m{}&amp#27;[39m
[debug] &amp#27;[35m[W3C (0474ea5d)]&amp#27;[39m Calling AppiumDriver.elementDisplayed() with args: ["6fb48337-e73d-4e9a-94ba-28065feec427","0474ea5d-37eb-4519-a9eb-779a224f32ac"]
[debug] &amp#27;[35m[WD Proxy]&amp#27;[39m Matched '/element/6fb48337-e73d-4e9a-94ba-28065feec427/attribute/displayed' to command name 'getAttribute'
[debug] &amp#27;[35m[WD Proxy]&amp#27;[39m Proxying [GET /element/6fb48337-e73d-4e9a-94ba-28065feec427/attribute/displayed] to [GET http://127.0.0.1:10000/wd/hub/session/811c1123-b92f-4960-a6ec-a99457c0f350/element/6fb48337-e73d-4e9a-94ba-28065feec427/attribute/displayed] with no body
[debug] &amp#27;[35m[WD Proxy]&amp#27;[39m Got response with status 200: {"sessionId":"811c1123-b92f-4960-a6ec-a99457c0f350","value":"true"}
[debug] &amp#27;[35m[W3C (0474ea5d)]&amp#27;[39m Responding to client with driver.elementDisplayed() result: true
&amp#27;[35m[HTTP]&amp#27;[39m &amp#27;[37m<-- GET /wd/hub/session/0474ea5d-37eb-4519-a9eb-779a224f32ac/element/6fb48337-e73d-4e9a-94ba-28065feec427/displayed &amp#27;[39m&amp#27;[32m200&amp#27;[39m &amp#27;[90m79 ms - 14&amp#27;[39m
&amp#27;[35m[HTTP]&amp#27;[39m &amp#27;[90m&amp#27;[39m
&amp#27;[35m[HTTP]&amp#27;[39m &amp#27;[37m-->&amp#27;[39m &amp#27;[37mGET&amp#27;[39m &amp#27;[37m/wd/hub/session/0474ea5d-37eb-4519-a9eb-779a224f32ac/context&amp#27;[39m
&amp#27;[35m[HTTP]&amp#27;[39m &amp#27;[90m{}&amp#27;[39m
[debug] &amp#27;[35m[W3C (0474ea5d)]&amp#27;[39m Calling AppiumDriver.getCurrentContext() with args: ["0474ea5d-37eb-4519-a9eb-779a224f32ac"]
[debug] &amp#27;[35m[W3C (0474ea5d)]&amp#27;[39m Responding to client with driver.getCurrentContext() result: "NATIVE_APP"
&amp#27;[35m[HTTP]&amp#27;[39m &amp#27;[37m<-- GET /wd/hub/session/0474ea5d-37eb-4519-a9eb-779a224f32ac/context &amp#27;[39m&amp#27;[32m200&amp#27;[39m &amp#27;[90m4 ms - 22&amp#27;[39m
&amp#27;[35m[HTTP]&amp#27;[39m &amp#27;[90m&amp#27;[39m
&amp#27;[35m[HTTP]&amp#27;[39m &amp#27;[37m-->&amp#27;[39m &amp#27;[37mPOST&amp#27;[39m &amp#27;[37m/wd/hub/session/0474ea5d-37eb-4519-a9eb-779a224f32ac/element&amp#27;[39m
&amp#27;[35m[HTTP]&amp#27;[39m &amp#27;[90m{"using":"xpath","value":"//android.view.ViewGroup[@content-desc=\"test-Error message\"]/android.widget.TextView"}&amp#27;[39m
[debug] &amp#27;[35m[W3C (0474ea5d)]&amp#27;[39m Calling AppiumDriver.findElement() with args: ["xpath","//android.view.ViewGroup[@content-desc=\"test-Error message\"]/android.widget.TextView","0474ea5d-37eb-4519-a9eb-779a224f32ac"]
[debug] &amp#27;[35m[BaseDriver]&amp#27;[39m Valid locator strategies for this request: xpath, id, class name, accessibility id, css selector, -android uiautomator
[debug] &amp#27;[35m[BaseDriver]&amp#27;[39m Waiting up to 0 ms for condition
[debug] &amp#27;[35m[WD Proxy]&amp#27;[39m Matched '/element' to command name 'findElement'
[debug] &amp#27;[35m[WD Proxy]&amp#27;[39m Proxying [POST /element] to [POST http://127.0.0.1:10000/wd/hub/session/811c1123-b92f-4960-a6ec-a99457c0f350/element] with body: {"strategy":"xpath","selector":"//android.view.ViewGroup[@content-desc=\"test-Error message\"]/android.widget.TextView","context":"","multiple":false}
[debug] &amp#27;[35m[WD Proxy]&amp#27;[39m Got response with status 200: {"sessionId":"811c1123-b92f-4960-a6ec-a99457c0f350","value":{"ELEMENT":"313ae2e0-6408-4614-833f-62b52f197a8d","element-6066-11e4-a52e-4f735466cecf":"313ae2e0-6408-4614-833f-62b52f197a8d"}}
[debug] &amp#27;[35m[W3C (0474ea5d)]&amp#27;[39m Responding to client with driver.findElement() result: {"element-6066-11e4-a52e-4f735466cecf":"313ae2e0-6408-4614-833f-62b52f197a8d","ELEMENT":"313ae2e0-6408-4614-833f-62b52f197a8d"}
&amp#27;[35m[HTTP]&amp#27;[39m &amp#27;[37m<-- POST /wd/hub/session/0474ea5d-37eb-4519-a9eb-779a224f32ac/element &amp#27;[39m&amp#27;[32m200&amp#27;[39m &amp#27;[90m132 ms - 137&amp#27;[39m
&amp#27;[35m[HTTP]&amp#27;[39m &amp#27;[90m&amp#27;[39m
&amp#27;[35m[HTTP]&amp#27;[39m &amp#27;[37m-->&amp#27;[39m &amp#27;[37mGET&amp#27;[39m &amp#27;[37m/wd/hub/session/0474ea5d-37eb-4519-a9eb-779a224f32ac/element/313ae2e0-6408-4614-833f-62b52f197a8d/attribute/text&amp#27;[39m
&amp#27;[35m[HTTP]&amp#27;[39m &amp#27;[90m{}&amp#27;[39m
[debug] &amp#27;[35m[W3C (0474ea5d)]&amp#27;[39m Calling AppiumDriver.getAttribute() with args: ["text","313ae2e0-6408-4614-833f-62b52f197a8d","0474ea5d-37eb-4519-a9eb-779a224f32ac"]
[debug] &amp#27;[35m[WD Proxy]&amp#27;[39m Matched '/element/313ae2e0-6408-4614-833f-62b52f197a8d/attribute/text' to command name 'getAttribute'
[debug] &amp#27;[35m[WD Proxy]&amp#27;[39m Proxying [GET /element/313ae2e0-6408-4614-833f-62b52f197a8d/attribute/text] to [GET http://127.0.0.1:10000/wd/hub/session/811c1123-b92f-4960-a6ec-a99457c0f350/element/313ae2e0-6408-4614-833f-62b52f197a8d/attribute/text] with no body
[debug] &amp#27;[35m[WD Proxy]&amp#27;[39m Got response with status 200: {"sessionId":"811c1123-b92f-4960-a6ec-a99457c0f350","value":"Username and password do not match any user in this service."}
[debug] &amp#27;[35m[W3C (0474ea5d)]&amp#27;[39m Responding to client with driver.getAttribute() result: "Username and password do not match any user in this service."
&amp#27;[35m[HTTP]&amp#27;[39m &amp#27;[37m<-- GET /wd/hub/session/0474ea5d-37eb-4519-a9eb-779a224f32ac/element/313ae2e0-6408-4614-833f-62b52f197a8d/attribute/text &amp#27;[39m&amp#27;[32m200&amp#27;[39m &amp#27;[90m35 ms - 72&amp#27;[39m
&amp#27;[35m[HTTP]&amp#27;[39m &amp#27;[90m&amp#27;[39m
[INFO ] 2021-01-01 21:16:33.653 com.qa.pages.BasePage:97 - error text is - Username and password do not match any user in this service.
  Then login should fail with an error "Username and password do not match any user in this service." # com.qa.stepdef.LoginStepDef.loginShouldFailWithAnError(java.lang.String)
&amp#27;[35m[HTTP]&amp#27;[39m &amp#27;[37m-->&amp#27;[39m &amp#27;[37mPOST&amp#27;[39m &amp#27;[37m/wd/hub/session/0474ea5d-37eb-4519-a9eb-779a224f32ac/appium/stop_recording_screen&amp#27;[39m
&amp#27;[35m[HTTP]&amp#27;[39m &amp#27;[90m{}&amp#27;[39m
[debug] &amp#27;[35m[W3C (0474ea5d)]&amp#27;[39m Calling AppiumDriver.stopRecordingScreen() with args: [null,"0474ea5d-37eb-4519-a9eb-779a224f32ac"]
[debug] &amp#27;[35m[ADB]&amp#27;[39m Getting IDs of all 'screenrecord' processes
[debug] &amp#27;[35m[ADB]&amp#27;[39m Running 'C:\Users\ekrem\AppData\Local\Android\Sdk\platform-tools\adb.exe -P 5037 -s emulator-5554 shell pgrep -f \(\[\[:blank:\]\]\|\^\)screenrecord\(\[\[:blank:\]\]\|\$\)'
[debug] &amp#27;[35m[ADB]&amp#27;[39m Running 'C:\Users\ekrem\AppData\Local\Android\Sdk\platform-tools\adb.exe -P 5037 -s emulator-5554 shell kill -2 24355'
[debug] &amp#27;[35m[ADB]&amp#27;[39m Getting IDs of all 'screenrecord' processes
[debug] &amp#27;[35m[ADB]&amp#27;[39m Running 'C:\Users\ekrem\AppData\Local\Android\Sdk\platform-tools\adb.exe -P 5037 -s emulator-5554 shell pgrep -f \(\[\[:blank:\]\]\|\^\)screenrecord\(\[\[:blank:\]\]\|\$\)'
[debug] &amp#27;[35m[ADB]&amp#27;[39m Getting IDs of all 'screenrecord' processes
[debug] &amp#27;[35m[ADB]&amp#27;[39m Running 'C:\Users\ekrem\AppData\Local\Android\Sdk\platform-tools\adb.exe -P 5037 -s emulator-5554 shell pgrep -f \(\[\[:blank:\]\]\|\^\)screenrecord\(\[\[:blank:\]\]\|\$\)'
[debug] &amp#27;[35m[ADB]&amp#27;[39m Running 'C:\Users\ekrem\AppData\Local\Android\Sdk\platform-tools\adb.exe -P 5037 -s emulator-5554 pull /sdcard/358eb7ce.mp4 C:\Users\ekrem\AppData\Local\Temp\202101-10176-1v3tqgk.bmnt\358eb7ce.mp4'
[debug] &amp#27;[35m[ADB]&amp#27;[39m Running 'C:\Users\ekrem\AppData\Local\Android\Sdk\platform-tools\adb.exe -P 5037 -s emulator-5554 shell rm -rf /sdcard/358eb7ce.mp4'
[debug] &amp#27;[35m[AndroidDriver]&amp#27;[39m The size of the resulting screen recording is 248.21 KB
[debug] &amp#27;[35m[W3C (0474ea5d)]&amp#27;[39m Responding to client with driver.stopRecordingScreen() result: "AAAAGGZ0eXBtcDQyAAAAAGlzb21tcDQyAAAFjm1vb3YAAABsbXZoZAAAAADcFTOg3BUzoAAAJxAAAK40AAEAAAEAAAAAAAAAAAAAAAABAAAAAAAAAAAAAAAAAAAAAQAAAAAAAAAAAAAAAAAAQAAAAAAAAAAAAAAAAAAAAAAAAAAAAAAAAAAAAAAAAAMAAAB2bWV0YQAAACFoZGxyAAAAAAAAAABtZHRhAAAAAAAAAAAAAAAAAAAAACtrZXlzAAAAAAAAAAEAAAAbbWR0YWNvbS5hbmRyb2lkLnZlcnNpb24AAAAiaWxzdAAAABoAAAABAAAAEmRhdGEAAAABAAAAADExAAAC/nRyYWsAAABcdGtoZAAAAAfcFTOg3BUzoAAAAAEAAAAAAACuNAAAAAAAAAAAAAAAAAAAAAAAAQAAAAAAAAAAAAAAAAAAAAEAAAAAAAAAAAAAAAAAAEAAAAAEOAAACHAAAAAAApptZGlhAAAAIG1kaGQAAAAA3BUzoNwVM6AAAV+QAAYf1QAAAAAAAAAsaGRscgAAAAAAAAAAdmlkZQAAAAAAAAAAAAAAAFZpZGVvSGFuZGxlAAAAAkZtaW5mAAAAFHZtaGQAAAABAAAAAAAAAAAAAAAkZGluZgAAABxkcmVmAAAAAAAAAAEAAAAMdXJsIAAAAAEAAAIGc3RibAAAALZzdHNkAAAAAAAAAAEAAACmYXZjMQAAAAAAAAABAAAAAAAAAAAAAAAAAAAAAAQ4CHAASAAAAEgAAAAAAAAAAQAgICAgICAgICAgICAgICAgICAgICAgICAgICAgICAgABj//wAAAC1hdmNDAULAMv/hABRnQsAyjWgEQBD+XkIAAAMADwiEagEABmjOAag1yAAAABBwYXNwAAEAAAABAAAAAAATY29scm5jbHgAAQABAAEAAAAAeHN0dHMAAAAAAAAADQAAAAEAAIPQAAAAAQAAIDIAAAABAAEwBQAAAAEAABp5AAAAAQAAJKoAAAABAAC6gQAAAAEA...
&amp#27;[35m[HTTP]&amp#27;[39m &amp#27;[37m<-- POST /wd/hub/session/0474ea5d-37eb-4519-a9eb-779a224f32ac/appium/stop_recording_screen &amp#27;[39m&amp#27;[32m200&amp#27;[39m &amp#27;[90m1776 ms - 338904&amp#27;[39m
&amp#27;[35m[HTTP]&amp#27;[39m &amp#27;[90m&amp#27;[39m
[INFO ] 2021-01-01 21:16:35.500 com.qa.utils.VideoManager:35 - video path: Android_pixel_3\Videos\Login with invalid password.mp4
]]></system-out>
  </testcase>
  <testcase name="scenario[&quot;Login with valid user name and password&quot;, &quot;Optional[Login scenarios]&quot;](3)" classname="com.qa.runners.MyPixel3TestNGRunnerTest" time="8.938">
    <system-out><![CDATA[
@test
Scenario Outline: Login with valid user name and password # src/test/resources/Login.feature:29
&amp#27;[35m[HTTP]&amp#27;[39m &amp#27;[37m-->&amp#27;[39m &amp#27;[37mPOST&amp#27;[39m &amp#27;[37m/wd/hub/session/0474ea5d-37eb-4519-a9eb-779a224f32ac/appium/start_recording_screen&amp#27;[39m
&amp#27;[35m[HTTP]&amp#27;[39m &amp#27;[90m{}&amp#27;[39m
[debug] &amp#27;[35m[W3C (0474ea5d)]&amp#27;[39m Calling AppiumDriver.startRecordingScreen() with args: [null,"0474ea5d-37eb-4519-a9eb-779a224f32ac"]
[debug] &amp#27;[35m[ADB]&amp#27;[39m Getting IDs of all 'screenrecord' processes
[debug] &amp#27;[35m[ADB]&amp#27;[39m Running 'C:\Users\ekrem\AppData\Local\Android\Sdk\platform-tools\adb.exe -P 5037 -s emulator-5554 shell pgrep -f \(\[\[:blank:\]\]\|\^\)screenrecord\(\[\[:blank:\]\]\|\$\)'
&amp#27;[35m[AndroidDriver]&amp#27;[39m Screen recording has not been previously started by Appium. There is nothing to stop
[debug] &amp#27;[35m[ADB]&amp#27;[39m Getting IDs of all 'screenrecord' processes
[debug] &amp#27;[35m[ADB]&amp#27;[39m Running 'C:\Users\ekrem\AppData\Local\Android\Sdk\platform-tools\adb.exe -P 5037 -s emulator-5554 shell pgrep -f \(\[\[:blank:\]\]\|\^\)screenrecord\(\[\[:blank:\]\]\|\$\)'
[debug] &amp#27;[35m[ADB]&amp#27;[39m Building screenrecord process with the command line: adb -P 5037 -s emulator-5554 shell screenrecord --time-limit 180 /sdcard/fbba0fb0.mp4
[debug] &amp#27;[35m[ADB]&amp#27;[39m Running 'C:\Users\ekrem\AppData\Local\Android\Sdk\platform-tools\adb.exe -P 5037 -s emulator-5554 shell "[ -e '/sdcard/fbba0fb0.mp4' ] && echo __PASS__"'
[debug] &amp#27;[35m[ADB]&amp#27;[39m Running 'C:\Users\ekrem\AppData\Local\Android\Sdk\platform-tools\adb.exe -P 5037 -s emulator-5554 shell "[ -e '/sdcard/fbba0fb0.mp4' ] && echo __PASS__"'
[debug] &amp#27;[35m[W3C (0474ea5d)]&amp#27;[39m Responding to client with driver.startRecordingScreen() result: ""
&amp#27;[35m[HTTP]&amp#27;[39m &amp#27;[37m<-- POST /wd/hub/session/0474ea5d-37eb-4519-a9eb-779a224f32ac/appium/start_recording_screen &amp#27;[39m&amp#27;[32m200&amp#27;[39m &amp#27;[90m784 ms - 12&amp#27;[39m
&amp#27;[35m[HTTP]&amp#27;[39m &amp#27;[90m&amp#27;[39m
&amp#27;[35m[HTTP]&amp#27;[39m &amp#27;[37m-->&amp#27;[39m &amp#27;[37mGET&amp#27;[39m &amp#27;[37m/wd/hub/session/0474ea5d-37eb-4519-a9eb-779a224f32ac/context&amp#27;[39m
&amp#27;[35m[HTTP]&amp#27;[39m &amp#27;[90m{}&amp#27;[39m
[debug] &amp#27;[35m[W3C (0474ea5d)]&amp#27;[39m Calling AppiumDriver.getCurrentContext() with args: ["0474ea5d-37eb-4519-a9eb-779a224f32ac"]
[debug] &amp#27;[35m[W3C (0474ea5d)]&amp#27;[39m Responding to client with driver.getCurrentContext() result: "NATIVE_APP"
&amp#27;[35m[HTTP]&amp#27;[39m &amp#27;[37m<-- GET /wd/hub/session/0474ea5d-37eb-4519-a9eb-779a224f32ac/context &amp#27;[39m&amp#27;[32m200&amp#27;[39m &amp#27;[90m3 ms - 22&amp#27;[39m
&amp#27;[35m[HTTP]&amp#27;[39m &amp#27;[90m&amp#27;[39m
&amp#27;[35m[HTTP]&amp#27;[39m &amp#27;[37m-->&amp#27;[39m &amp#27;[37mPOST&amp#27;[39m &amp#27;[37m/wd/hub/session/0474ea5d-37eb-4519-a9eb-779a224f32ac/element&amp#27;[39m
&amp#27;[35m[HTTP]&amp#27;[39m &amp#27;[90m{"using":"accessibility id","value":"test-Username"}&amp#27;[39m
[debug] &amp#27;[35m[W3C (0474ea5d)]&amp#27;[39m Calling AppiumDriver.findElement() with args: ["accessibility id","test-Username","0474ea5d-37eb-4519-a9eb-779a224f32ac"]
[debug] &amp#27;[35m[BaseDriver]&amp#27;[39m Valid locator strategies for this request: xpath, id, class name, accessibility id, css selector, -android uiautomator
[debug] &amp#27;[35m[BaseDriver]&amp#27;[39m Waiting up to 0 ms for condition
[debug] &amp#27;[35m[WD Proxy]&amp#27;[39m Matched '/element' to command name 'findElement'
[debug] &amp#27;[35m[WD Proxy]&amp#27;[39m Proxying [POST /element] to [POST http://127.0.0.1:10000/wd/hub/session/811c1123-b92f-4960-a6ec-a99457c0f350/element] with body: {"strategy":"accessibility id","selector":"test-Username","context":"","multiple":false}
[debug] &amp#27;[35m[WD Proxy]&amp#27;[39m Got response with status 200: {"sessionId":"811c1123-b92f-4960-a6ec-a99457c0f350","value":{"ELEMENT":"f389202d-5df1-42e0-a0fd-c93822928207","element-6066-11e4-a52e-4f735466cecf":"f389202d-5df1-42e0-a0fd-c93822928207"}}
[debug] &amp#27;[35m[W3C (0474ea5d)]&amp#27;[39m Responding to client with driver.findElement() result: {"element-6066-11e4-a52e-4f735466cecf":"f389202d-5df1-42e0-a0fd-c93822928207","ELEMENT":"f389202d-5df1-42e0-a0fd-c93822928207"}
&amp#27;[35m[HTTP]&amp#27;[39m &amp#27;[37m<-- POST /wd/hub/session/0474ea5d-37eb-4519-a9eb-779a224f32ac/element &amp#27;[39m&amp#27;[32m200&amp#27;[39m &amp#27;[90m46 ms - 137&amp#27;[39m
&amp#27;[35m[HTTP]&amp#27;[39m &amp#27;[90m&amp#27;[39m
&amp#27;[35m[HTTP]&amp#27;[39m &amp#27;[37m-->&amp#27;[39m &amp#27;[37mGET&amp#27;[39m &amp#27;[37m/wd/hub/session/0474ea5d-37eb-4519-a9eb-779a224f32ac/element/f389202d-5df1-42e0-a0fd-c93822928207/displayed&amp#27;[39m
&amp#27;[35m[HTTP]&amp#27;[39m &amp#27;[90m{}&amp#27;[39m
[debug] &amp#27;[35m[W3C (0474ea5d)]&amp#27;[39m Calling AppiumDriver.elementDisplayed() with args: ["f389202d-5df1-42e0-a0fd-c93822928207","0474ea5d-37eb-4519-a9eb-779a224f32ac"]
[debug] &amp#27;[35m[WD Proxy]&amp#27;[39m Matched '/element/f389202d-5df1-42e0-a0fd-c93822928207/attribute/displayed' to command name 'getAttribute'
[debug] &amp#27;[35m[WD Proxy]&amp#27;[39m Proxying [GET /element/f389202d-5df1-42e0-a0fd-c93822928207/attribute/displayed] to [GET http://127.0.0.1:10000/wd/hub/session/811c1123-b92f-4960-a6ec-a99457c0f350/element/f389202d-5df1-42e0-a0fd-c93822928207/attribute/displayed] with no body
[debug] &amp#27;[35m[WD Proxy]&amp#27;[39m Got response with status 200: {"sessionId":"811c1123-b92f-4960-a6ec-a99457c0f350","value":"true"}
[debug] &amp#27;[35m[W3C (0474ea5d)]&amp#27;[39m Responding to client with driver.elementDisplayed() result: true
&amp#27;[35m[HTTP]&amp#27;[39m &amp#27;[37m<-- GET /wd/hub/session/0474ea5d-37eb-4519-a9eb-779a224f32ac/element/f389202d-5df1-42e0-a0fd-c93822928207/displayed &amp#27;[39m&amp#27;[32m200&amp#27;[39m &amp#27;[90m29 ms - 14&amp#27;[39m
&amp#27;[35m[HTTP]&amp#27;[39m &amp#27;[90m&amp#27;[39m
&amp#27;[35m[HTTP]&amp#27;[39m &amp#27;[37m-->&amp#27;[39m &amp#27;[37mGET&amp#27;[39m &amp#27;[37m/wd/hub/session/0474ea5d-37eb-4519-a9eb-779a224f32ac/context&amp#27;[39m
&amp#27;[35m[HTTP]&amp#27;[39m &amp#27;[90m{}&amp#27;[39m
[debug] &amp#27;[35m[W3C (0474ea5d)]&amp#27;[39m Calling AppiumDriver.getCurrentContext() with args: ["0474ea5d-37eb-4519-a9eb-779a224f32ac"]
[debug] &amp#27;[35m[W3C (0474ea5d)]&amp#27;[39m Responding to client with driver.getCurrentContext() result: "NATIVE_APP"
&amp#27;[35m[HTTP]&amp#27;[39m &amp#27;[37m<-- GET /wd/hub/session/0474ea5d-37eb-4519-a9eb-779a224f32ac/context &amp#27;[39m&amp#27;[32m200&amp#27;[39m &amp#27;[90m4 ms - 22&amp#27;[39m
&amp#27;[35m[HTTP]&amp#27;[39m &amp#27;[90m&amp#27;[39m
&amp#27;[35m[HTTP]&amp#27;[39m &amp#27;[37m-->&amp#27;[39m &amp#27;[37mPOST&amp#27;[39m &amp#27;[37m/wd/hub/session/0474ea5d-37eb-4519-a9eb-779a224f32ac/element&amp#27;[39m
&amp#27;[35m[HTTP]&amp#27;[39m &amp#27;[90m{"using":"accessibility id","value":"test-Username"}&amp#27;[39m
[debug] &amp#27;[35m[W3C (0474ea5d)]&amp#27;[39m Calling AppiumDriver.findElement() with args: ["accessibility id","test-Username","0474ea5d-37eb-4519-a9eb-779a224f32ac"]
[debug] &amp#27;[35m[BaseDriver]&amp#27;[39m Valid locator strategies for this request: xpath, id, class name, accessibility id, css selector, -android uiautomator
[debug] &amp#27;[35m[BaseDriver]&amp#27;[39m Waiting up to 0 ms for condition
[debug] &amp#27;[35m[WD Proxy]&amp#27;[39m Matched '/element' to command name 'findElement'
[debug] &amp#27;[35m[WD Proxy]&amp#27;[39m Proxying [POST /element] to [POST http://127.0.0.1:10000/wd/hub/session/811c1123-b92f-4960-a6ec-a99457c0f350/element] with body: {"strategy":"accessibility id","selector":"test-Username","context":"","multiple":false}
[debug] &amp#27;[35m[WD Proxy]&amp#27;[39m Got response with status 200: {"sessionId":"811c1123-b92f-4960-a6ec-a99457c0f350","value":{"ELEMENT":"bb3c0fb3-f9a7-42e7-8461-73bc79dc1012","element-6066-11e4-a52e-4f735466cecf":"bb3c0fb3-f9a7-42e7-8461-73bc79dc1012"}}
[debug] &amp#27;[35m[W3C (0474ea5d)]&amp#27;[39m Responding to client with driver.findElement() result: {"element-6066-11e4-a52e-4f735466cecf":"bb3c0fb3-f9a7-42e7-8461-73bc79dc1012","ELEMENT":"bb3c0fb3-f9a7-42e7-8461-73bc79dc1012"}
&amp#27;[35m[HTTP]&amp#27;[39m &amp#27;[37m<-- POST /wd/hub/session/0474ea5d-37eb-4519-a9eb-779a224f32ac/element &amp#27;[39m&amp#27;[32m200&amp#27;[39m &amp#27;[90m36 ms - 137&amp#27;[39m
&amp#27;[35m[HTTP]&amp#27;[39m &amp#27;[90m&amp#27;[39m
&amp#27;[35m[HTTP]&amp#27;[39m &amp#27;[37m-->&amp#27;[39m &amp#27;[37mPOST&amp#27;[39m &amp#27;[37m/wd/hub/session/0474ea5d-37eb-4519-a9eb-779a224f32ac/element/bb3c0fb3-f9a7-42e7-8461-73bc79dc1012/clear&amp#27;[39m
&amp#27;[35m[HTTP]&amp#27;[39m &amp#27;[90m{"id":"bb3c0fb3-f9a7-42e7-8461-73bc79dc1012"}&amp#27;[39m
[debug] &amp#27;[35m[W3C (0474ea5d)]&amp#27;[39m Calling AppiumDriver.clear() with args: ["bb3c0fb3-f9a7-42e7-8461-73bc79dc1012","0474ea5d-37eb-4519-a9eb-779a224f32ac"]
[debug] &amp#27;[35m[WD Proxy]&amp#27;[39m Matched '/element/bb3c0fb3-f9a7-42e7-8461-73bc79dc1012/clear' to command name 'clear'
[debug] &amp#27;[35m[WD Proxy]&amp#27;[39m Proxying [POST /element/bb3c0fb3-f9a7-42e7-8461-73bc79dc1012/clear] to [POST http://127.0.0.1:10000/wd/hub/session/811c1123-b92f-4960-a6ec-a99457c0f350/element/bb3c0fb3-f9a7-42e7-8461-73bc79dc1012/clear] with body: {"elementId":"bb3c0fb3-f9a7-42e7-8461-73bc79dc1012"}
[debug] &amp#27;[35m[WD Proxy]&amp#27;[39m Got response with status 200: {"sessionId":"811c1123-b92f-4960-a6ec-a99457c0f350","value":null}
[debug] &amp#27;[35m[W3C (0474ea5d)]&amp#27;[39m Responding to client with driver.clear() result: null
&amp#27;[35m[HTTP]&amp#27;[39m &amp#27;[37m<-- POST /wd/hub/session/0474ea5d-37eb-4519-a9eb-779a224f32ac/element/bb3c0fb3-f9a7-42e7-8461-73bc79dc1012/clear &amp#27;[39m&amp#27;[32m200&amp#27;[39m &amp#27;[90m36 ms - 14&amp#27;[39m
&amp#27;[35m[HTTP]&amp#27;[39m &amp#27;[90m&amp#27;[39m
&amp#27;[35m[HTTP]&amp#27;[39m &amp#27;[37m-->&amp#27;[39m &amp#27;[37mGET&amp#27;[39m &amp#27;[37m/wd/hub/session/0474ea5d-37eb-4519-a9eb-779a224f32ac/context&amp#27;[39m
&amp#27;[35m[HTTP]&amp#27;[39m &amp#27;[90m{}&amp#27;[39m
[debug] &amp#27;[35m[W3C (0474ea5d)]&amp#27;[39m Calling AppiumDriver.getCurrentContext() with args: ["0474ea5d-37eb-4519-a9eb-779a224f32ac"]
[debug] &amp#27;[35m[W3C (0474ea5d)]&amp#27;[39m Responding to client with driver.getCurrentContext() result: "NATIVE_APP"
&amp#27;[35m[HTTP]&amp#27;[39m &amp#27;[37m<-- GET /wd/hub/session/0474ea5d-37eb-4519-a9eb-779a224f32ac/context &amp#27;[39m&amp#27;[32m200&amp#27;[39m &amp#27;[90m4 ms - 22&amp#27;[39m
&amp#27;[35m[HTTP]&amp#27;[39m &amp#27;[90m&amp#27;[39m
&amp#27;[35m[HTTP]&amp#27;[39m &amp#27;[37m-->&amp#27;[39m &amp#27;[37mPOST&amp#27;[39m &amp#27;[37m/wd/hub/session/0474ea5d-37eb-4519-a9eb-779a224f32ac/element&amp#27;[39m
&amp#27;[35m[HTTP]&amp#27;[39m &amp#27;[90m{"using":"accessibility id","value":"test-Username"}&amp#27;[39m
[debug] &amp#27;[35m[W3C (0474ea5d)]&amp#27;[39m Calling AppiumDriver.findElement() with args: ["accessibility id","test-Username","0474ea5d-37eb-4519-a9eb-779a224f32ac"]
[debug] &amp#27;[35m[BaseDriver]&amp#27;[39m Valid locator strategies for this request: xpath, id, class name, accessibility id, css selector, -android uiautomator
[debug] &amp#27;[35m[BaseDriver]&amp#27;[39m Waiting up to 0 ms for condition
[debug] &amp#27;[35m[WD Proxy]&amp#27;[39m Matched '/element' to command name 'findElement'
[debug] &amp#27;[35m[WD Proxy]&amp#27;[39m Proxying [POST /element] to [POST http://127.0.0.1:10000/wd/hub/session/811c1123-b92f-4960-a6ec-a99457c0f350/element] with body: {"strategy":"accessibility id","selector":"test-Username","context":"","multiple":false}
[debug] &amp#27;[35m[WD Proxy]&amp#27;[39m Got response with status 200: {"sessionId":"811c1123-b92f-4960-a6ec-a99457c0f350","value":{"ELEMENT":"7d178f50-12fe-498f-8ba5-bc750b6d09ac","element-6066-11e4-a52e-4f735466cecf":"7d178f50-12fe-498f-8ba5-bc750b6d09ac"}}
[debug] &amp#27;[35m[W3C (0474ea5d)]&amp#27;[39m Responding to client with driver.findElement() result: {"element-6066-11e4-a52e-4f735466cecf":"7d178f50-12fe-498f-8ba5-bc750b6d09ac","ELEMENT":"7d178f50-12fe-498f-8ba5-bc750b6d09ac"}
&amp#27;[35m[HTTP]&amp#27;[39m &amp#27;[37m<-- POST /wd/hub/session/0474ea5d-37eb-4519-a9eb-779a224f32ac/element &amp#27;[39m&amp#27;[32m200&amp#27;[39m &amp#27;[90m599 ms - 137&amp#27;[39m
&amp#27;[35m[HTTP]&amp#27;[39m &amp#27;[90m&amp#27;[39m
&amp#27;[35m[HTTP]&amp#27;[39m &amp#27;[37m-->&amp#27;[39m &amp#27;[37mGET&amp#27;[39m &amp#27;[37m/wd/hub/session/0474ea5d-37eb-4519-a9eb-779a224f32ac/element/7d178f50-12fe-498f-8ba5-bc750b6d09ac/displayed&amp#27;[39m
&amp#27;[35m[HTTP]&amp#27;[39m &amp#27;[90m{}&amp#27;[39m
[debug] &amp#27;[35m[W3C (0474ea5d)]&amp#27;[39m Calling AppiumDriver.elementDisplayed() with args: ["7d178f50-12fe-498f-8ba5-bc750b6d09ac","0474ea5d-37eb-4519-a9eb-779a224f32ac"]
[debug] &amp#27;[35m[WD Proxy]&amp#27;[39m Matched '/element/7d178f50-12fe-498f-8ba5-bc750b6d09ac/attribute/displayed' to command name 'getAttribute'
[debug] &amp#27;[35m[WD Proxy]&amp#27;[39m Proxying [GET /element/7d178f50-12fe-498f-8ba5-bc750b6d09ac/attribute/displayed] to [GET http://127.0.0.1:10000/wd/hub/session/811c1123-b92f-4960-a6ec-a99457c0f350/element/7d178f50-12fe-498f-8ba5-bc750b6d09ac/attribute/displayed] with no body
[debug] &amp#27;[35m[WD Proxy]&amp#27;[39m Got response with status 200: {"sessionId":"811c1123-b92f-4960-a6ec-a99457c0f350","value":"true"}
[debug] &amp#27;[35m[W3C (0474ea5d)]&amp#27;[39m Responding to client with driver.elementDisplayed() result: true
&amp#27;[35m[HTTP]&amp#27;[39m &amp#27;[37m<-- GET /wd/hub/session/0474ea5d-37eb-4519-a9eb-779a224f32ac/element/7d178f50-12fe-498f-8ba5-bc750b6d09ac/displayed &amp#27;[39m&amp#27;[32m200&amp#27;[39m &amp#27;[90m80 ms - 14&amp#27;[39m
&amp#27;[35m[HTTP]&amp#27;[39m &amp#27;[90m&amp#27;[39m
[INFO ] 2021-01-01 21:16:37.203 com.qa.pages.BasePage:71 - login with standard_user
&amp#27;[35m[HTTP]&amp#27;[39m &amp#27;[37m-->&amp#27;[39m &amp#27;[37mGET&amp#27;[39m &amp#27;[37m/wd/hub/session/0474ea5d-37eb-4519-a9eb-779a224f32ac/context&amp#27;[39m
&amp#27;[35m[HTTP]&amp#27;[39m &amp#27;[90m{}&amp#27;[39m
[debug] &amp#27;[35m[W3C (0474ea5d)]&amp#27;[39m Calling AppiumDriver.getCurrentContext() with args: ["0474ea5d-37eb-4519-a9eb-779a224f32ac"]
[debug] &amp#27;[35m[W3C (0474ea5d)]&amp#27;[39m Responding to client with driver.getCurrentContext() result: "NATIVE_APP"
&amp#27;[35m[HTTP]&amp#27;[39m &amp#27;[37m<-- GET /wd/hub/session/0474ea5d-37eb-4519-a9eb-779a224f32ac/context &amp#27;[39m&amp#27;[32m200&amp#27;[39m &amp#27;[90m4 ms - 22&amp#27;[39m
&amp#27;[35m[HTTP]&amp#27;[39m &amp#27;[90m&amp#27;[39m
&amp#27;[35m[HTTP]&amp#27;[39m &amp#27;[37m-->&amp#27;[39m &amp#27;[37mPOST&amp#27;[39m &amp#27;[37m/wd/hub/session/0474ea5d-37eb-4519-a9eb-779a224f32ac/element&amp#27;[39m
&amp#27;[35m[HTTP]&amp#27;[39m &amp#27;[90m{"using":"accessibility id","value":"test-Username"}&amp#27;[39m
[debug] &amp#27;[35m[W3C (0474ea5d)]&amp#27;[39m Calling AppiumDriver.findElement() with args: ["accessibility id","test-Username","0474ea5d-37eb-4519-a9eb-779a224f32ac"]
[debug] &amp#27;[35m[BaseDriver]&amp#27;[39m Valid locator strategies for this request: xpath, id, class name, accessibility id, css selector, -android uiautomator
[debug] &amp#27;[35m[BaseDriver]&amp#27;[39m Waiting up to 0 ms for condition
[debug] &amp#27;[35m[WD Proxy]&amp#27;[39m Matched '/element' to command name 'findElement'
[debug] &amp#27;[35m[WD Proxy]&amp#27;[39m Proxying [POST /element] to [POST http://127.0.0.1:10000/wd/hub/session/811c1123-b92f-4960-a6ec-a99457c0f350/element] with body: {"strategy":"accessibility id","selector":"test-Username","context":"","multiple":false}
[debug] &amp#27;[35m[WD Proxy]&amp#27;[39m Got response with status 200: {"sessionId":"811c1123-b92f-4960-a6ec-a99457c0f350","value":{"ELEMENT":"c8858846-7515-4199-bdfe-3245c7440332","element-6066-11e4-a52e-4f735466cecf":"c8858846-7515-4199-bdfe-3245c7440332"}}
[debug] &amp#27;[35m[W3C (0474ea5d)]&amp#27;[39m Responding to client with driver.findElement() result: {"element-6066-11e4-a52e-4f735466cecf":"c8858846-7515-4199-bdfe-3245c7440332","ELEMENT":"c8858846-7515-4199-bdfe-3245c7440332"}
&amp#27;[35m[HTTP]&amp#27;[39m &amp#27;[37m<-- POST /wd/hub/session/0474ea5d-37eb-4519-a9eb-779a224f32ac/element &amp#27;[39m&amp#27;[32m200&amp#27;[39m &amp#27;[90m47 ms - 137&amp#27;[39m
&amp#27;[35m[HTTP]&amp#27;[39m &amp#27;[90m&amp#27;[39m
&amp#27;[35m[HTTP]&amp#27;[39m &amp#27;[37m-->&amp#27;[39m &amp#27;[37mPOST&amp#27;[39m &amp#27;[37m/wd/hub/session/0474ea5d-37eb-4519-a9eb-779a224f32ac/element/c8858846-7515-4199-bdfe-3245c7440332/value&amp#27;[39m
&amp#27;[35m[HTTP]&amp#27;[39m &amp#27;[90m{"id":"c8858846-7515-4199-bdfe-3245c7440332","text":"standard_user","value":["s","t","a","n","d","a","r","d","_","u","s","e","r"]}&amp#27;[39m
[debug] &amp#27;[35m[W3C (0474ea5d)]&amp#27;[39m Calling AppiumDriver.setValue() with args: [["s","t","a","n","d","a","r","d","_","u","s","e","r"],"c8858846-7515-4199-bdfe-3245c7440332","0474ea5d-37eb-4519-a9eb-779a224f32ac"]
[debug] &amp#27;[35m[WD Proxy]&amp#27;[39m Matched '/element/c8858846-7515-4199-bdfe-3245c7440332/value' to command name 'setValue'
[debug] &amp#27;[35m[Protocol Converter]&amp#27;[39m Added 'value' property ["s","t","a","n","d","a","r","d","_","u","s","e","r"] to 'setValue' request body
[debug] &amp#27;[35m[WD Proxy]&amp#27;[39m Proxying [POST /element/c8858846-7515-4199-bdfe-3245c7440332/value] to [POST http://127.0.0.1:10000/wd/hub/session/811c1123-b92f-4960-a6ec-a99457c0f350/element/c8858846-7515-4199-bdfe-3245c7440332/value] with body: {"elementId":"c8858846-7515-4199-bdfe-3245c7440332","text":"standard_user","replace":false,"value":["s","t","a","n","d","a","r","d","_","u","s","e","r"]}
[debug] &amp#27;[35m[WD Proxy]&amp#27;[39m Got response with status 200: {"sessionId":"811c1123-b92f-4960-a6ec-a99457c0f350","value":null}
[debug] &amp#27;[35m[W3C (0474ea5d)]&amp#27;[39m Responding to client with driver.setValue() result: null
&amp#27;[35m[HTTP]&amp#27;[39m &amp#27;[37m<-- POST /wd/hub/session/0474ea5d-37eb-4519-a9eb-779a224f32ac/element/c8858846-7515-4199-bdfe-3245c7440332/value &amp#27;[39m&amp#27;[32m200&amp#27;[39m &amp#27;[90m81 ms - 14&amp#27;[39m
  When I enter username as "standard_user"                # com.qa.stepdef.LoginStepDef.iEnterUsernameAs(java.lang.String)
&amp#27;[35m[HTTP]&amp#27;[39m &amp#27;[90m&amp#27;[39m
&amp#27;[35m[HTTP]&amp#27;[39m &amp#27;[37m-->&amp#27;[39m &amp#27;[37mGET&amp#27;[39m &amp#27;[37m/wd/hub/session/0474ea5d-37eb-4519-a9eb-779a224f32ac/context&amp#27;[39m
&amp#27;[35m[HTTP]&amp#27;[39m &amp#27;[90m{}&amp#27;[39m
[debug] &amp#27;[35m[W3C (0474ea5d)]&amp#27;[39m Calling AppiumDriver.getCurrentContext() with args: ["0474ea5d-37eb-4519-a9eb-779a224f32ac"]
[debug] &amp#27;[35m[W3C (0474ea5d)]&amp#27;[39m Responding to client with driver.getCurrentContext() result: "NATIVE_APP"
&amp#27;[35m[HTTP]&amp#27;[39m &amp#27;[37m<-- GET /wd/hub/session/0474ea5d-37eb-4519-a9eb-779a224f32ac/context &amp#27;[39m&amp#27;[32m200&amp#27;[39m &amp#27;[90m4 ms - 22&amp#27;[39m
&amp#27;[35m[HTTP]&amp#27;[39m &amp#27;[90m&amp#27;[39m
&amp#27;[35m[HTTP]&amp#27;[39m &amp#27;[37m-->&amp#27;[39m &amp#27;[37mPOST&amp#27;[39m &amp#27;[37m/wd/hub/session/0474ea5d-37eb-4519-a9eb-779a224f32ac/element&amp#27;[39m
&amp#27;[35m[HTTP]&amp#27;[39m &amp#27;[90m{"using":"accessibility id","value":"test-Password"}&amp#27;[39m
[debug] &amp#27;[35m[W3C (0474ea5d)]&amp#27;[39m Calling AppiumDriver.findElement() with args: ["accessibility id","test-Password","0474ea5d-37eb-4519-a9eb-779a224f32ac"]
[debug] &amp#27;[35m[BaseDriver]&amp#27;[39m Valid locator strategies for this request: xpath, id, class name, accessibility id, css selector, -android uiautomator
[debug] &amp#27;[35m[BaseDriver]&amp#27;[39m Waiting up to 0 ms for condition
[debug] &amp#27;[35m[WD Proxy]&amp#27;[39m Matched '/element' to command name 'findElement'
[debug] &amp#27;[35m[WD Proxy]&amp#27;[39m Proxying [POST /element] to [POST http://127.0.0.1:10000/wd/hub/session/811c1123-b92f-4960-a6ec-a99457c0f350/element] with body: {"strategy":"accessibility id","selector":"test-Password","context":"","multiple":false}
[debug] &amp#27;[35m[WD Proxy]&amp#27;[39m Got response with status 200: {"sessionId":"811c1123-b92f-4960-a6ec-a99457c0f350","value":{"ELEMENT":"775f9181-167c-486f-a526-2fbb9e1bd9f3","element-6066-11e4-a52e-4f735466cecf":"775f9181-167c-486f-a526-2fbb9e1bd9f3"}}
[debug] &amp#27;[35m[W3C (0474ea5d)]&amp#27;[39m Responding to client with driver.findElement() result: {"element-6066-11e4-a52e-4f735466cecf":"775f9181-167c-486f-a526-2fbb9e1bd9f3","ELEMENT":"775f9181-167c-486f-a526-2fbb9e1bd9f3"}
&amp#27;[35m[HTTP]&amp#27;[39m &amp#27;[37m<-- POST /wd/hub/session/0474ea5d-37eb-4519-a9eb-779a224f32ac/element &amp#27;[39m&amp#27;[32m200&amp#27;[39m &amp#27;[90m442 ms - 137&amp#27;[39m
&amp#27;[35m[HTTP]&amp#27;[39m &amp#27;[90m&amp#27;[39m
&amp#27;[35m[HTTP]&amp#27;[39m &amp#27;[37m-->&amp#27;[39m &amp#27;[37mGET&amp#27;[39m &amp#27;[37m/wd/hub/session/0474ea5d-37eb-4519-a9eb-779a224f32ac/element/775f9181-167c-486f-a526-2fbb9e1bd9f3/displayed&amp#27;[39m
&amp#27;[35m[HTTP]&amp#27;[39m &amp#27;[90m{}&amp#27;[39m
[debug] &amp#27;[35m[W3C (0474ea5d)]&amp#27;[39m Calling AppiumDriver.elementDisplayed() with args: ["775f9181-167c-486f-a526-2fbb9e1bd9f3","0474ea5d-37eb-4519-a9eb-779a224f32ac"]
[debug] &amp#27;[35m[WD Proxy]&amp#27;[39m Matched '/element/775f9181-167c-486f-a526-2fbb9e1bd9f3/attribute/displayed' to command name 'getAttribute'
[debug] &amp#27;[35m[WD Proxy]&amp#27;[39m Proxying [GET /element/775f9181-167c-486f-a526-2fbb9e1bd9f3/attribute/displayed] to [GET http://127.0.0.1:10000/wd/hub/session/811c1123-b92f-4960-a6ec-a99457c0f350/element/775f9181-167c-486f-a526-2fbb9e1bd9f3/attribute/displayed] with no body
[debug] &amp#27;[35m[WD Proxy]&amp#27;[39m Got response with status 200: {"sessionId":"811c1123-b92f-4960-a6ec-a99457c0f350","value":"true"}
[debug] &amp#27;[35m[W3C (0474ea5d)]&amp#27;[39m Responding to client with driver.elementDisplayed() result: true
&amp#27;[35m[HTTP]&amp#27;[39m &amp#27;[37m<-- GET /wd/hub/session/0474ea5d-37eb-4519-a9eb-779a224f32ac/element/775f9181-167c-486f-a526-2fbb9e1bd9f3/displayed &amp#27;[39m&amp#27;[32m200&amp#27;[39m &amp#27;[90m31 ms - 14&amp#27;[39m
&amp#27;[35m[HTTP]&amp#27;[39m &amp#27;[90m&amp#27;[39m
&amp#27;[35m[HTTP]&amp#27;[39m &amp#27;[37m-->&amp#27;[39m &amp#27;[37mGET&amp#27;[39m &amp#27;[37m/wd/hub/session/0474ea5d-37eb-4519-a9eb-779a224f32ac/context&amp#27;[39m
&amp#27;[35m[HTTP]&amp#27;[39m &amp#27;[90m{}&amp#27;[39m
[debug] &amp#27;[35m[W3C (0474ea5d)]&amp#27;[39m Calling AppiumDriver.getCurrentContext() with args: ["0474ea5d-37eb-4519-a9eb-779a224f32ac"]
[debug] &amp#27;[35m[W3C (0474ea5d)]&amp#27;[39m Responding to client with driver.getCurrentContext() result: "NATIVE_APP"
&amp#27;[35m[HTTP]&amp#27;[39m &amp#27;[37m<-- GET /wd/hub/session/0474ea5d-37eb-4519-a9eb-779a224f32ac/context &amp#27;[39m&amp#27;[32m200&amp#27;[39m &amp#27;[90m5 ms - 22&amp#27;[39m
&amp#27;[35m[HTTP]&amp#27;[39m &amp#27;[90m&amp#27;[39m
&amp#27;[35m[HTTP]&amp#27;[39m &amp#27;[37m-->&amp#27;[39m &amp#27;[37mPOST&amp#27;[39m &amp#27;[37m/wd/hub/session/0474ea5d-37eb-4519-a9eb-779a224f32ac/element&amp#27;[39m
&amp#27;[35m[HTTP]&amp#27;[39m &amp#27;[90m{"using":"accessibility id","value":"test-Password"}&amp#27;[39m
[debug] &amp#27;[35m[W3C (0474ea5d)]&amp#27;[39m Calling AppiumDriver.findElement() with args: ["accessibility id","test-Password","0474ea5d-37eb-4519-a9eb-779a224f32ac"]
[debug] &amp#27;[35m[BaseDriver]&amp#27;[39m Valid locator strategies for this request: xpath, id, class name, accessibility id, css selector, -android uiautomator
[debug] &amp#27;[35m[BaseDriver]&amp#27;[39m Waiting up to 0 ms for condition
[debug] &amp#27;[35m[WD Proxy]&amp#27;[39m Matched '/element' to command name 'findElement'
[debug] &amp#27;[35m[WD Proxy]&amp#27;[39m Proxying [POST /element] to [POST http://127.0.0.1:10000/wd/hub/session/811c1123-b92f-4960-a6ec-a99457c0f350/element] with body: {"strategy":"accessibility id","selector":"test-Password","context":"","multiple":false}
[debug] &amp#27;[35m[WD Proxy]&amp#27;[39m Got response with status 200: {"sessionId":"811c1123-b92f-4960-a6ec-a99457c0f350","value":{"ELEMENT":"da3615ef-c566-463f-84ce-c5458902d61b","element-6066-11e4-a52e-4f735466cecf":"da3615ef-c566-463f-84ce-c5458902d61b"}}
[debug] &amp#27;[35m[W3C (0474ea5d)]&amp#27;[39m Responding to client with driver.findElement() result: {"element-6066-11e4-a52e-4f735466cecf":"da3615ef-c566-463f-84ce-c5458902d61b","ELEMENT":"da3615ef-c566-463f-84ce-c5458902d61b"}
&amp#27;[35m[HTTP]&amp#27;[39m &amp#27;[37m<-- POST /wd/hub/session/0474ea5d-37eb-4519-a9eb-779a224f32ac/element &amp#27;[39m&amp#27;[32m200&amp#27;[39m &amp#27;[90m44 ms - 137&amp#27;[39m
&amp#27;[35m[HTTP]&amp#27;[39m &amp#27;[90m&amp#27;[39m
&amp#27;[35m[HTTP]&amp#27;[39m &amp#27;[37m-->&amp#27;[39m &amp#27;[37mPOST&amp#27;[39m &amp#27;[37m/wd/hub/session/0474ea5d-37eb-4519-a9eb-779a224f32ac/element/da3615ef-c566-463f-84ce-c5458902d61b/clear&amp#27;[39m
&amp#27;[35m[HTTP]&amp#27;[39m &amp#27;[90m{"id":"da3615ef-c566-463f-84ce-c5458902d61b"}&amp#27;[39m
[debug] &amp#27;[35m[W3C (0474ea5d)]&amp#27;[39m Calling AppiumDriver.clear() with args: ["da3615ef-c566-463f-84ce-c5458902d61b","0474ea5d-37eb-4519-a9eb-779a224f32ac"]
[debug] &amp#27;[35m[WD Proxy]&amp#27;[39m Matched '/element/da3615ef-c566-463f-84ce-c5458902d61b/clear' to command name 'clear'
[debug] &amp#27;[35m[WD Proxy]&amp#27;[39m Proxying [POST /element/da3615ef-c566-463f-84ce-c5458902d61b/clear] to [POST http://127.0.0.1:10000/wd/hub/session/811c1123-b92f-4960-a6ec-a99457c0f350/element/da3615ef-c566-463f-84ce-c5458902d61b/clear] with body: {"elementId":"da3615ef-c566-463f-84ce-c5458902d61b"}
[debug] &amp#27;[35m[WD Proxy]&amp#27;[39m Got response with status 200: {"sessionId":"811c1123-b92f-4960-a6ec-a99457c0f350","value":null}
[debug] &amp#27;[35m[W3C (0474ea5d)]&amp#27;[39m Responding to client with driver.clear() result: null
&amp#27;[35m[HTTP]&amp#27;[39m &amp#27;[37m<-- POST /wd/hub/session/0474ea5d-37eb-4519-a9eb-779a224f32ac/element/da3615ef-c566-463f-84ce-c5458902d61b/clear &amp#27;[39m&amp#27;[32m200&amp#27;[39m &amp#27;[90m97 ms - 14&amp#27;[39m
&amp#27;[35m[HTTP]&amp#27;[39m &amp#27;[90m&amp#27;[39m
&amp#27;[35m[HTTP]&amp#27;[39m &amp#27;[37m-->&amp#27;[39m &amp#27;[37mGET&amp#27;[39m &amp#27;[37m/wd/hub/session/0474ea5d-37eb-4519-a9eb-779a224f32ac/context&amp#27;[39m
&amp#27;[35m[HTTP]&amp#27;[39m &amp#27;[90m{}&amp#27;[39m
[debug] &amp#27;[35m[W3C (0474ea5d)]&amp#27;[39m Calling AppiumDriver.getCurrentContext() with args: ["0474ea5d-37eb-4519-a9eb-779a224f32ac"]
[debug] &amp#27;[35m[W3C (0474ea5d)]&amp#27;[39m Responding to client with driver.getCurrentContext() result: "NATIVE_APP"
&amp#27;[35m[HTTP]&amp#27;[39m &amp#27;[37m<-- GET /wd/hub/session/0474ea5d-37eb-4519-a9eb-779a224f32ac/context &amp#27;[39m&amp#27;[32m200&amp#27;[39m &amp#27;[90m8 ms - 22&amp#27;[39m
&amp#27;[35m[HTTP]&amp#27;[39m &amp#27;[90m&amp#27;[39m
&amp#27;[35m[HTTP]&amp#27;[39m &amp#27;[37m-->&amp#27;[39m &amp#27;[37mPOST&amp#27;[39m &amp#27;[37m/wd/hub/session/0474ea5d-37eb-4519-a9eb-779a224f32ac/element&amp#27;[39m
&amp#27;[35m[HTTP]&amp#27;[39m &amp#27;[90m{"using":"accessibility id","value":"test-Password"}&amp#27;[39m
[debug] &amp#27;[35m[W3C (0474ea5d)]&amp#27;[39m Calling AppiumDriver.findElement() with args: ["accessibility id","test-Password","0474ea5d-37eb-4519-a9eb-779a224f32ac"]
[debug] &amp#27;[35m[BaseDriver]&amp#27;[39m Valid locator strategies for this request: xpath, id, class name, accessibility id, css selector, -android uiautomator
[debug] &amp#27;[35m[BaseDriver]&amp#27;[39m Waiting up to 0 ms for condition
[debug] &amp#27;[35m[WD Proxy]&amp#27;[39m Matched '/element' to command name 'findElement'
[debug] &amp#27;[35m[WD Proxy]&amp#27;[39m Proxying [POST /element] to [POST http://127.0.0.1:10000/wd/hub/session/811c1123-b92f-4960-a6ec-a99457c0f350/element] with body: {"strategy":"accessibility id","selector":"test-Password","context":"","multiple":false}
[debug] &amp#27;[35m[WD Proxy]&amp#27;[39m Got response with status 200: {"sessionId":"811c1123-b92f-4960-a6ec-a99457c0f350","value":{"ELEMENT":"53938279-923a-4e7c-9dfd-de39e365678f","element-6066-11e4-a52e-4f735466cecf":"53938279-923a-4e7c-9dfd-de39e365678f"}}
[debug] &amp#27;[35m[W3C (0474ea5d)]&amp#27;[39m Responding to client with driver.findElement() result: {"element-6066-11e4-a52e-4f735466cecf":"53938279-923a-4e7c-9dfd-de39e365678f","ELEMENT":"53938279-923a-4e7c-9dfd-de39e365678f"}
&amp#27;[35m[HTTP]&amp#27;[39m &amp#27;[37m<-- POST /wd/hub/session/0474ea5d-37eb-4519-a9eb-779a224f32ac/element &amp#27;[39m&amp#27;[32m200&amp#27;[39m &amp#27;[90m491 ms - 137&amp#27;[39m
&amp#27;[35m[HTTP]&amp#27;[39m &amp#27;[90m&amp#27;[39m
&amp#27;[35m[HTTP]&amp#27;[39m &amp#27;[37m-->&amp#27;[39m &amp#27;[37mGET&amp#27;[39m &amp#27;[37m/wd/hub/session/0474ea5d-37eb-4519-a9eb-779a224f32ac/element/53938279-923a-4e7c-9dfd-de39e365678f/displayed&amp#27;[39m
&amp#27;[35m[HTTP]&amp#27;[39m &amp#27;[90m{}&amp#27;[39m
[debug] &amp#27;[35m[W3C (0474ea5d)]&amp#27;[39m Calling AppiumDriver.elementDisplayed() with args: ["53938279-923a-4e7c-9dfd-de39e365678f","0474ea5d-37eb-4519-a9eb-779a224f32ac"]
[debug] &amp#27;[35m[WD Proxy]&amp#27;[39m Matched '/element/53938279-923a-4e7c-9dfd-de39e365678f/attribute/displayed' to command name 'getAttribute'
[debug] &amp#27;[35m[WD Proxy]&amp#27;[39m Proxying [GET /element/53938279-923a-4e7c-9dfd-de39e365678f/attribute/displayed] to [GET http://127.0.0.1:10000/wd/hub/session/811c1123-b92f-4960-a6ec-a99457c0f350/element/53938279-923a-4e7c-9dfd-de39e365678f/attribute/displayed] with no body
[debug] &amp#27;[35m[WD Proxy]&amp#27;[39m Got response with status 200: {"sessionId":"811c1123-b92f-4960-a6ec-a99457c0f350","value":"true"}
[debug] &amp#27;[35m[W3C (0474ea5d)]&amp#27;[39m Responding to client with driver.elementDisplayed() result: true
&amp#27;[35m[HTTP]&amp#27;[39m &amp#27;[37m<-- GET /wd/hub/session/0474ea5d-37eb-4519-a9eb-779a224f32ac/element/53938279-923a-4e7c-9dfd-de39e365678f/displayed &amp#27;[39m&amp#27;[32m200&amp#27;[39m &amp#27;[90m33 ms - 14&amp#27;[39m
&amp#27;[35m[HTTP]&amp#27;[39m &amp#27;[90m&amp#27;[39m
[INFO ] 2021-01-01 21:16:38.628 com.qa.pages.BasePage:71 - password is secret_sauce
&amp#27;[35m[HTTP]&amp#27;[39m &amp#27;[37m-->&amp#27;[39m &amp#27;[37mGET&amp#27;[39m &amp#27;[37m/wd/hub/session/0474ea5d-37eb-4519-a9eb-779a224f32ac/context&amp#27;[39m
&amp#27;[35m[HTTP]&amp#27;[39m &amp#27;[90m{}&amp#27;[39m
[debug] &amp#27;[35m[W3C (0474ea5d)]&amp#27;[39m Calling AppiumDriver.getCurrentContext() with args: ["0474ea5d-37eb-4519-a9eb-779a224f32ac"]
[debug] &amp#27;[35m[W3C (0474ea5d)]&amp#27;[39m Responding to client with driver.getCurrentContext() result: "NATIVE_APP"
&amp#27;[35m[HTTP]&amp#27;[39m &amp#27;[37m<-- GET /wd/hub/session/0474ea5d-37eb-4519-a9eb-779a224f32ac/context &amp#27;[39m&amp#27;[32m200&amp#27;[39m &amp#27;[90m4 ms - 22&amp#27;[39m
&amp#27;[35m[HTTP]&amp#27;[39m &amp#27;[90m&amp#27;[39m
&amp#27;[35m[HTTP]&amp#27;[39m &amp#27;[37m-->&amp#27;[39m &amp#27;[37mPOST&amp#27;[39m &amp#27;[37m/wd/hub/session/0474ea5d-37eb-4519-a9eb-779a224f32ac/element&amp#27;[39m
&amp#27;[35m[HTTP]&amp#27;[39m &amp#27;[90m{"using":"accessibility id","value":"test-Password"}&amp#27;[39m
[debug] &amp#27;[35m[W3C (0474ea5d)]&amp#27;[39m Calling AppiumDriver.findElement() with args: ["accessibility id","test-Password","0474ea5d-37eb-4519-a9eb-779a224f32ac"]
[debug] &amp#27;[35m[BaseDriver]&amp#27;[39m Valid locator strategies for this request: xpath, id, class name, accessibility id, css selector, -android uiautomator
[debug] &amp#27;[35m[BaseDriver]&amp#27;[39m Waiting up to 0 ms for condition
[debug] &amp#27;[35m[WD Proxy]&amp#27;[39m Matched '/element' to command name 'findElement'
[debug] &amp#27;[35m[WD Proxy]&amp#27;[39m Proxying [POST /element] to [POST http://127.0.0.1:10000/wd/hub/session/811c1123-b92f-4960-a6ec-a99457c0f350/element] with body: {"strategy":"accessibility id","selector":"test-Password","context":"","multiple":false}
[debug] &amp#27;[35m[WD Proxy]&amp#27;[39m Got response with status 200: {"sessionId":"811c1123-b92f-4960-a6ec-a99457c0f350","value":{"ELEMENT":"efdf8dd0-8828-4ede-984e-26dc8ab06723","element-6066-11e4-a52e-4f735466cecf":"efdf8dd0-8828-4ede-984e-26dc8ab06723"}}
[debug] &amp#27;[35m[W3C (0474ea5d)]&amp#27;[39m Responding to client with driver.findElement() result: {"element-6066-11e4-a52e-4f735466cecf":"efdf8dd0-8828-4ede-984e-26dc8ab06723","ELEMENT":"efdf8dd0-8828-4ede-984e-26dc8ab06723"}
&amp#27;[35m[HTTP]&amp#27;[39m &amp#27;[37m<-- POST /wd/hub/session/0474ea5d-37eb-4519-a9eb-779a224f32ac/element &amp#27;[39m&amp#27;[32m200&amp#27;[39m &amp#27;[90m47 ms - 137&amp#27;[39m
&amp#27;[35m[HTTP]&amp#27;[39m &amp#27;[90m&amp#27;[39m
&amp#27;[35m[HTTP]&amp#27;[39m &amp#27;[37m-->&amp#27;[39m &amp#27;[37mPOST&amp#27;[39m &amp#27;[37m/wd/hub/session/0474ea5d-37eb-4519-a9eb-779a224f32ac/element/efdf8dd0-8828-4ede-984e-26dc8ab06723/value&amp#27;[39m
&amp#27;[35m[HTTP]&amp#27;[39m &amp#27;[90m{"id":"efdf8dd0-8828-4ede-984e-26dc8ab06723","text":"secret_sauce","value":["s","e","c","r","e","t","_","s","a","u","c","e"]}&amp#27;[39m
[debug] &amp#27;[35m[W3C (0474ea5d)]&amp#27;[39m Calling AppiumDriver.setValue() with args: [["s","e","c","r","e","t","_","s","a","u","c","e"],"efdf8dd0-8828-4ede-984e-26dc8ab06723","0474ea5d-37eb-4519-a9eb-779a224f32ac"]
[debug] &amp#27;[35m[WD Proxy]&amp#27;[39m Matched '/element/efdf8dd0-8828-4ede-984e-26dc8ab06723/value' to command name 'setValue'
[debug] &amp#27;[35m[Protocol Converter]&amp#27;[39m Added 'value' property ["s","e","c","r","e","t","_","s","a","u","c","e"] to 'setValue' request body
[debug] &amp#27;[35m[WD Proxy]&amp#27;[39m Proxying [POST /element/efdf8dd0-8828-4ede-984e-26dc8ab06723/value] to [POST http://127.0.0.1:10000/wd/hub/session/811c1123-b92f-4960-a6ec-a99457c0f350/element/efdf8dd0-8828-4ede-984e-26dc8ab06723/value] with body: {"elementId":"efdf8dd0-8828-4ede-984e-26dc8ab06723","text":"secret_sauce","replace":false,"value":["s","e","c","r","e","t","_","s","a","u","c","e"]}
[debug] &amp#27;[35m[WD Proxy]&amp#27;[39m Got response with status 200: {"sessionId":"811c1123-b92f-4960-a6ec-a99457c0f350","value":null}
[debug] &amp#27;[35m[W3C (0474ea5d)]&amp#27;[39m Responding to client with driver.setValue() result: null
  And I enter password as "secret_sauce"                  # com.qa.stepdef.LoginStepDef.iEnterPasswordAs(java.lang.String)
&amp#27;[35m[HTTP]&amp#27;[39m &amp#27;[37m<-- POST /wd/hub/session/0474ea5d-37eb-4519-a9eb-779a224f32ac/element/efdf8dd0-8828-4ede-984e-26dc8ab06723/value &amp#27;[39m&amp#27;[32m200&amp#27;[39m &amp#27;[90m570 ms - 14&amp#27;[39m
&amp#27;[35m[HTTP]&amp#27;[39m &amp#27;[90m&amp#27;[39m
&amp#27;[35m[HTTP]&amp#27;[39m &amp#27;[37m-->&amp#27;[39m &amp#27;[37mGET&amp#27;[39m &amp#27;[37m/wd/hub/session/0474ea5d-37eb-4519-a9eb-779a224f32ac/context&amp#27;[39m
&amp#27;[35m[HTTP]&amp#27;[39m &amp#27;[90m{}&amp#27;[39m
[debug] &amp#27;[35m[W3C (0474ea5d)]&amp#27;[39m Calling AppiumDriver.getCurrentContext() with args: ["0474ea5d-37eb-4519-a9eb-779a224f32ac"]
[debug] &amp#27;[35m[W3C (0474ea5d)]&amp#27;[39m Responding to client with driver.getCurrentContext() result: "NATIVE_APP"
&amp#27;[35m[HTTP]&amp#27;[39m &amp#27;[37m<-- GET /wd/hub/session/0474ea5d-37eb-4519-a9eb-779a224f32ac/context &amp#27;[39m&amp#27;[32m200&amp#27;[39m &amp#27;[90m12 ms - 22&amp#27;[39m
&amp#27;[35m[HTTP]&amp#27;[39m &amp#27;[90m&amp#27;[39m
&amp#27;[35m[HTTP]&amp#27;[39m &amp#27;[37m-->&amp#27;[39m &amp#27;[37mPOST&amp#27;[39m &amp#27;[37m/wd/hub/session/0474ea5d-37eb-4519-a9eb-779a224f32ac/element&amp#27;[39m
&amp#27;[35m[HTTP]&amp#27;[39m &amp#27;[90m{"using":"accessibility id","value":"test-LOGIN"}&amp#27;[39m
[debug] &amp#27;[35m[W3C (0474ea5d)]&amp#27;[39m Calling AppiumDriver.findElement() with args: ["accessibility id","test-LOGIN","0474ea5d-37eb-4519-a9eb-779a224f32ac"]
[debug] &amp#27;[35m[BaseDriver]&amp#27;[39m Valid locator strategies for this request: xpath, id, class name, accessibility id, css selector, -android uiautomator
[debug] &amp#27;[35m[BaseDriver]&amp#27;[39m Waiting up to 0 ms for condition
[debug] &amp#27;[35m[WD Proxy]&amp#27;[39m Matched '/element' to command name 'findElement'
[debug] &amp#27;[35m[WD Proxy]&amp#27;[39m Proxying [POST /element] to [POST http://127.0.0.1:10000/wd/hub/session/811c1123-b92f-4960-a6ec-a99457c0f350/element] with body: {"strategy":"accessibility id","selector":"test-LOGIN","context":"","multiple":false}
[debug] &amp#27;[35m[WD Proxy]&amp#27;[39m Got response with status 200: {"sessionId":"811c1123-b92f-4960-a6ec-a99457c0f350","value":{"ELEMENT":"cca6f7ea-35ed-45b0-b9c7-62d0191dcf69","element-6066-11e4-a52e-4f735466cecf":"cca6f7ea-35ed-45b0-b9c7-62d0191dcf69"}}
[debug] &amp#27;[35m[W3C (0474ea5d)]&amp#27;[39m Responding to client with driver.findElement() result: {"element-6066-11e4-a52e-4f735466cecf":"cca6f7ea-35ed-45b0-b9c7-62d0191dcf69","ELEMENT":"cca6f7ea-35ed-45b0-b9c7-62d0191dcf69"}
&amp#27;[35m[HTTP]&amp#27;[39m &amp#27;[37m<-- POST /wd/hub/session/0474ea5d-37eb-4519-a9eb-779a224f32ac/element &amp#27;[39m&amp#27;[32m200&amp#27;[39m &amp#27;[90m486 ms - 137&amp#27;[39m
&amp#27;[35m[HTTP]&amp#27;[39m &amp#27;[90m&amp#27;[39m
&amp#27;[35m[HTTP]&amp#27;[39m &amp#27;[37m-->&amp#27;[39m &amp#27;[37mGET&amp#27;[39m &amp#27;[37m/wd/hub/session/0474ea5d-37eb-4519-a9eb-779a224f32ac/element/cca6f7ea-35ed-45b0-b9c7-62d0191dcf69/displayed&amp#27;[39m
&amp#27;[35m[HTTP]&amp#27;[39m &amp#27;[90m{}&amp#27;[39m
[debug] &amp#27;[35m[W3C (0474ea5d)]&amp#27;[39m Calling AppiumDriver.elementDisplayed() with args: ["cca6f7ea-35ed-45b0-b9c7-62d0191dcf69","0474ea5d-37eb-4519-a9eb-779a224f32ac"]
[debug] &amp#27;[35m[WD Proxy]&amp#27;[39m Matched '/element/cca6f7ea-35ed-45b0-b9c7-62d0191dcf69/attribute/displayed' to command name 'getAttribute'
[debug] &amp#27;[35m[WD Proxy]&amp#27;[39m Proxying [GET /element/cca6f7ea-35ed-45b0-b9c7-62d0191dcf69/attribute/displayed] to [GET http://127.0.0.1:10000/wd/hub/session/811c1123-b92f-4960-a6ec-a99457c0f350/element/cca6f7ea-35ed-45b0-b9c7-62d0191dcf69/attribute/displayed] with no body
[debug] &amp#27;[35m[WD Proxy]&amp#27;[39m Got response with status 200: {"sessionId":"811c1123-b92f-4960-a6ec-a99457c0f350","value":"true"}
[debug] &amp#27;[35m[W3C (0474ea5d)]&amp#27;[39m Responding to client with driver.elementDisplayed() result: true
&amp#27;[35m[HTTP]&amp#27;[39m &amp#27;[37m<-- GET /wd/hub/session/0474ea5d-37eb-4519-a9eb-779a224f32ac/element/cca6f7ea-35ed-45b0-b9c7-62d0191dcf69/displayed &amp#27;[39m&amp#27;[32m200&amp#27;[39m &amp#27;[90m89 ms - 14&amp#27;[39m
&amp#27;[35m[HTTP]&amp#27;[39m &amp#27;[90m&amp#27;[39m
[INFO ] 2021-01-01 21:16:39.878 com.qa.pages.BasePage:54 - press login button
&amp#27;[35m[HTTP]&amp#27;[39m &amp#27;[37m-->&amp#27;[39m &amp#27;[37mGET&amp#27;[39m &amp#27;[37m/wd/hub/session/0474ea5d-37eb-4519-a9eb-779a224f32ac/context&amp#27;[39m
&amp#27;[35m[HTTP]&amp#27;[39m &amp#27;[90m{}&amp#27;[39m
[debug] &amp#27;[35m[W3C (0474ea5d)]&amp#27;[39m Calling AppiumDriver.getCurrentContext() with args: ["0474ea5d-37eb-4519-a9eb-779a224f32ac"]
[debug] &amp#27;[35m[W3C (0474ea5d)]&amp#27;[39m Responding to client with driver.getCurrentContext() result: "NATIVE_APP"
&amp#27;[35m[HTTP]&amp#27;[39m &amp#27;[37m<-- GET /wd/hub/session/0474ea5d-37eb-4519-a9eb-779a224f32ac/context &amp#27;[39m&amp#27;[32m200&amp#27;[39m &amp#27;[90m5 ms - 22&amp#27;[39m
&amp#27;[35m[HTTP]&amp#27;[39m &amp#27;[90m&amp#27;[39m
&amp#27;[35m[HTTP]&amp#27;[39m &amp#27;[37m-->&amp#27;[39m &amp#27;[37mPOST&amp#27;[39m &amp#27;[37m/wd/hub/session/0474ea5d-37eb-4519-a9eb-779a224f32ac/element&amp#27;[39m
&amp#27;[35m[HTTP]&amp#27;[39m &amp#27;[90m{"using":"accessibility id","value":"test-LOGIN"}&amp#27;[39m
[debug] &amp#27;[35m[W3C (0474ea5d)]&amp#27;[39m Calling AppiumDriver.findElement() with args: ["accessibility id","test-LOGIN","0474ea5d-37eb-4519-a9eb-779a224f32ac"]
[debug] &amp#27;[35m[BaseDriver]&amp#27;[39m Valid locator strategies for this request: xpath, id, class name, accessibility id, css selector, -android uiautomator
[debug] &amp#27;[35m[BaseDriver]&amp#27;[39m Waiting up to 0 ms for condition
[debug] &amp#27;[35m[WD Proxy]&amp#27;[39m Matched '/element' to command name 'findElement'
[debug] &amp#27;[35m[WD Proxy]&amp#27;[39m Proxying [POST /element] to [POST http://127.0.0.1:10000/wd/hub/session/811c1123-b92f-4960-a6ec-a99457c0f350/element] with body: {"strategy":"accessibility id","selector":"test-LOGIN","context":"","multiple":false}
[debug] &amp#27;[35m[WD Proxy]&amp#27;[39m Got response with status 200: {"sessionId":"811c1123-b92f-4960-a6ec-a99457c0f350","value":{"ELEMENT":"bb0c2633-d28a-40c1-85ce-a4173318a942","element-6066-11e4-a52e-4f735466cecf":"bb0c2633-d28a-40c1-85ce-a4173318a942"}}
[debug] &amp#27;[35m[W3C (0474ea5d)]&amp#27;[39m Responding to client with driver.findElement() result: {"element-6066-11e4-a52e-4f735466cecf":"bb0c2633-d28a-40c1-85ce-a4173318a942","ELEMENT":"bb0c2633-d28a-40c1-85ce-a4173318a942"}
&amp#27;[35m[HTTP]&amp#27;[39m &amp#27;[37m<-- POST /wd/hub/session/0474ea5d-37eb-4519-a9eb-779a224f32ac/element &amp#27;[39m&amp#27;[32m200&amp#27;[39m &amp#27;[90m41 ms - 137&amp#27;[39m
&amp#27;[35m[HTTP]&amp#27;[39m &amp#27;[90m&amp#27;[39m
&amp#27;[35m[HTTP]&amp#27;[39m &amp#27;[37m-->&amp#27;[39m &amp#27;[37mPOST&amp#27;[39m &amp#27;[37m/wd/hub/session/0474ea5d-37eb-4519-a9eb-779a224f32ac/element/bb0c2633-d28a-40c1-85ce-a4173318a942/click&amp#27;[39m
&amp#27;[35m[HTTP]&amp#27;[39m &amp#27;[90m{"id":"bb0c2633-d28a-40c1-85ce-a4173318a942"}&amp#27;[39m
[debug] &amp#27;[35m[W3C (0474ea5d)]&amp#27;[39m Calling AppiumDriver.click() with args: ["bb0c2633-d28a-40c1-85ce-a4173318a942","0474ea5d-37eb-4519-a9eb-779a224f32ac"]
[debug] &amp#27;[35m[WD Proxy]&amp#27;[39m Matched '/element/bb0c2633-d28a-40c1-85ce-a4173318a942/click' to command name 'click'
[debug] &amp#27;[35m[WD Proxy]&amp#27;[39m Proxying [POST /element/bb0c2633-d28a-40c1-85ce-a4173318a942/click] to [POST http://127.0.0.1:10000/wd/hub/session/811c1123-b92f-4960-a6ec-a99457c0f350/element/bb0c2633-d28a-40c1-85ce-a4173318a942/click] with body: {"element":"bb0c2633-d28a-40c1-85ce-a4173318a942"}
[debug] &amp#27;[35m[WD Proxy]&amp#27;[39m Got response with status 200: {"sessionId":"811c1123-b92f-4960-a6ec-a99457c0f350","value":null}
[debug] &amp#27;[35m[W3C (0474ea5d)]&amp#27;[39m Responding to client with driver.click() result: null
&amp#27;[35m[HTTP]&amp#27;[39m &amp#27;[37m<-- POST /wd/hub/session/0474ea5d-37eb-4519-a9eb-779a224f32ac/element/bb0c2633-d28a-40c1-85ce-a4173318a942/click &amp#27;[39m&amp#27;[32m200&amp#27;[39m &amp#27;[90m90 ms - 14&amp#27;[39m
&amp#27;[35m[HTTP]&amp#27;[39m &amp#27;[90m&amp#27;[39m
  And I login                                             # com.qa.stepdef.LoginStepDef.iLogin()
&amp#27;[35m[HTTP]&amp#27;[39m &amp#27;[37m-->&amp#27;[39m &amp#27;[37mGET&amp#27;[39m &amp#27;[37m/wd/hub/session/0474ea5d-37eb-4519-a9eb-779a224f32ac/context&amp#27;[39m
&amp#27;[35m[HTTP]&amp#27;[39m &amp#27;[90m{}&amp#27;[39m
[debug] &amp#27;[35m[W3C (0474ea5d)]&amp#27;[39m Calling AppiumDriver.getCurrentContext() with args: ["0474ea5d-37eb-4519-a9eb-779a224f32ac"]
[debug] &amp#27;[35m[W3C (0474ea5d)]&amp#27;[39m Responding to client with driver.getCurrentContext() result: "NATIVE_APP"
&amp#27;[35m[HTTP]&amp#27;[39m &amp#27;[37m<-- GET /wd/hub/session/0474ea5d-37eb-4519-a9eb-779a224f32ac/context &amp#27;[39m&amp#27;[32m200&amp#27;[39m &amp#27;[90m4 ms - 22&amp#27;[39m
&amp#27;[35m[HTTP]&amp#27;[39m &amp#27;[90m&amp#27;[39m
&amp#27;[35m[HTTP]&amp#27;[39m &amp#27;[37m-->&amp#27;[39m &amp#27;[37mPOST&amp#27;[39m &amp#27;[37m/wd/hub/session/0474ea5d-37eb-4519-a9eb-779a224f32ac/element&amp#27;[39m
&amp#27;[35m[HTTP]&amp#27;[39m &amp#27;[90m{"using":"xpath","value":"//android.widget.ScrollView[@content-desc=\"test-PRODUCTS\"]/preceding-sibling::android.view.ViewGroup/android.widget.TextView"}&amp#27;[39m
[debug] &amp#27;[35m[W3C (0474ea5d)]&amp#27;[39m Calling AppiumDriver.findElement() with args: ["xpath","//android.widget.ScrollView[@content-desc=\"test-PRODUCTS\"]/preceding-sibling::android.view.ViewGroup/android.widget.TextView","0474ea5d-37eb-4519-a9eb-779a224f32ac"]
[debug] &amp#27;[35m[BaseDriver]&amp#27;[39m Valid locator strategies for this request: xpath, id, class name, accessibility id, css selector, -android uiautomator
[debug] &amp#27;[35m[BaseDriver]&amp#27;[39m Waiting up to 0 ms for condition
[debug] &amp#27;[35m[WD Proxy]&amp#27;[39m Matched '/element' to command name 'findElement'
[debug] &amp#27;[35m[WD Proxy]&amp#27;[39m Proxying [POST /element] to [POST http://127.0.0.1:10000/wd/hub/session/811c1123-b92f-4960-a6ec-a99457c0f350/element] with body: {"strategy":"xpath","selector":"//android.widget.ScrollView[@content-desc=\"test-PRODUCTS\"]/preceding-sibling::android.view.ViewGroup/android.widget.TextView","context":"","multiple":false}
&amp#27;[35m[WD Proxy]&amp#27;[39m Got response with status 404: {"sessionId":"811c1123-b92f-4960-a6ec-a99457c0f350","value":{"error":"no such element","message":"An element could not be located on the page using the given search parameters","stacktrace":"io.appium.uiautomator2.common.exceptions.ElementNotFoundException: An element could not be located on the page using the given search parameters\n\tat io.appium.uiautomator2.handler.FindElement.findElement(FindElement.java:96)\n\tat io.appium.uiautomator2.handler.FindElement.safeHandle(FindElement.java:71)\n\tat io.appium.uiautomator2.handler.request.SafeRequestHandler.handle(SafeRequestHandler.java:41)\n\tat io.appium.uiautomator2.server.AppiumServlet.handleRequest(AppiumServlet.java:261)\n\tat io.appium.uiautomator2.server.AppiumServlet.handleHttpRequest(AppiumServlet.java:255)\n\tat io.appium.uiautomator2.http.ServerHandler.channelRead(ServerHandler.java:68)\n\tat io.netty.channel.AbstractChannelHandlerContext.invokeChannelRead(AbstractChannelHandlerContext.java:366)\n\tat io.netty.channel.AbstractChannelHandlerCont...
[debug] &amp#27;[35m[W3C]&amp#27;[39m Matched W3C error code 'no such element' to NoSuchElementError
[debug] &amp#27;[35m[W3C (0474ea5d)]&amp#27;[39m Encountered internal error running command: NoSuchElementError: An element could not be located on the page using the given search parameters.
[debug] &amp#27;[35m[W3C (0474ea5d)]&amp#27;[39m     at AndroidUiautomator2Driver.findElOrEls (C:\Users\ekrem\AppData\Roaming\npm\node_modules\appium\node_modules\appium-android-driver\lib\commands\find.js:75:11)
[debug] &amp#27;[35m[W3C (0474ea5d)]&amp#27;[39m     at runMicrotasks (<anonymous>)
[debug] &amp#27;[35m[W3C (0474ea5d)]&amp#27;[39m     at processTicksAndRejections (internal/process/task_queues.js:97:5)
&amp#27;[35m[HTTP]&amp#27;[39m &amp#27;[37m<-- POST /wd/hub/session/0474ea5d-37eb-4519-a9eb-779a224f32ac/element &amp#27;[39m&amp#27;[33m404&amp#27;[39m &amp#27;[90m129 ms - 528&amp#27;[39m
&amp#27;[35m[HTTP]&amp#27;[39m &amp#27;[90m&amp#27;[39m
&amp#27;[35m[HTTP]&amp#27;[39m &amp#27;[37m-->&amp#27;[39m &amp#27;[37mPOST&amp#27;[39m &amp#27;[37m/wd/hub/session/0474ea5d-37eb-4519-a9eb-779a224f32ac/element&amp#27;[39m
&amp#27;[35m[HTTP]&amp#27;[39m &amp#27;[90m{"using":"xpath","value":"//android.widget.ScrollView[@content-desc=\"test-PRODUCTS\"]/preceding-sibling::android.view.ViewGroup/android.widget.TextView"}&amp#27;[39m
[debug] &amp#27;[35m[W3C (0474ea5d)]&amp#27;[39m Calling AppiumDriver.findElement() with args: ["xpath","//android.widget.ScrollView[@content-desc=\"test-PRODUCTS\"]/preceding-sibling::android.view.ViewGroup/android.widget.TextView","0474ea5d-37eb-4519-a9eb-779a224f32ac"]
[debug] &amp#27;[35m[BaseDriver]&amp#27;[39m Valid locator strategies for this request: xpath, id, class name, accessibility id, css selector, -android uiautomator
[debug] &amp#27;[35m[BaseDriver]&amp#27;[39m Waiting up to 0 ms for condition
[debug] &amp#27;[35m[WD Proxy]&amp#27;[39m Matched '/element' to command name 'findElement'
[debug] &amp#27;[35m[WD Proxy]&amp#27;[39m Proxying [POST /element] to [POST http://127.0.0.1:10000/wd/hub/session/811c1123-b92f-4960-a6ec-a99457c0f350/element] with body: {"strategy":"xpath","selector":"//android.widget.ScrollView[@content-desc=\"test-PRODUCTS\"]/preceding-sibling::android.view.ViewGroup/android.widget.TextView","context":"","multiple":false}
[debug] &amp#27;[35m[WD Proxy]&amp#27;[39m Got response with status 200: {"sessionId":"811c1123-b92f-4960-a6ec-a99457c0f350","value":{"ELEMENT":"d0407e8b-2ebf-4819-973c-0c14d8a24102","element-6066-11e4-a52e-4f735466cecf":"d0407e8b-2ebf-4819-973c-0c14d8a24102"}}
[debug] &amp#27;[35m[W3C (0474ea5d)]&amp#27;[39m Responding to client with driver.findElement() result: {"element-6066-11e4-a52e-4f735466cecf":"d0407e8b-2ebf-4819-973c-0c14d8a24102","ELEMENT":"d0407e8b-2ebf-4819-973c-0c14d8a24102"}
&amp#27;[35m[HTTP]&amp#27;[39m &amp#27;[37m<-- POST /wd/hub/session/0474ea5d-37eb-4519-a9eb-779a224f32ac/element &amp#27;[39m&amp#27;[32m200&amp#27;[39m &amp#27;[90m1046 ms - 137&amp#27;[39m
&amp#27;[35m[HTTP]&amp#27;[39m &amp#27;[90m&amp#27;[39m
&amp#27;[35m[HTTP]&amp#27;[39m &amp#27;[37m-->&amp#27;[39m &amp#27;[37mGET&amp#27;[39m &amp#27;[37m/wd/hub/session/0474ea5d-37eb-4519-a9eb-779a224f32ac/element/d0407e8b-2ebf-4819-973c-0c14d8a24102/displayed&amp#27;[39m
&amp#27;[35m[HTTP]&amp#27;[39m &amp#27;[90m{}&amp#27;[39m
[debug] &amp#27;[35m[W3C (0474ea5d)]&amp#27;[39m Calling AppiumDriver.elementDisplayed() with args: ["d0407e8b-2ebf-4819-973c-0c14d8a24102","0474ea5d-37eb-4519-a9eb-779a224f32ac"]
[debug] &amp#27;[35m[WD Proxy]&amp#27;[39m Matched '/element/d0407e8b-2ebf-4819-973c-0c14d8a24102/attribute/displayed' to command name 'getAttribute'
[debug] &amp#27;[35m[WD Proxy]&amp#27;[39m Proxying [GET /element/d0407e8b-2ebf-4819-973c-0c14d8a24102/attribute/displayed] to [GET http://127.0.0.1:10000/wd/hub/session/811c1123-b92f-4960-a6ec-a99457c0f350/element/d0407e8b-2ebf-4819-973c-0c14d8a24102/attribute/displayed] with no body
[debug] &amp#27;[35m[WD Proxy]&amp#27;[39m Got response with status 200: {"sessionId":"811c1123-b92f-4960-a6ec-a99457c0f350","value":"true"}
[debug] &amp#27;[35m[W3C (0474ea5d)]&amp#27;[39m Responding to client with driver.elementDisplayed() result: true
&amp#27;[35m[HTTP]&amp#27;[39m &amp#27;[37m<-- GET /wd/hub/session/0474ea5d-37eb-4519-a9eb-779a224f32ac/element/d0407e8b-2ebf-4819-973c-0c14d8a24102/displayed &amp#27;[39m&amp#27;[32m200&amp#27;[39m &amp#27;[90m721 ms - 14&amp#27;[39m
&amp#27;[35m[HTTP]&amp#27;[39m &amp#27;[90m&amp#27;[39m
&amp#27;[35m[HTTP]&amp#27;[39m &amp#27;[37m-->&amp#27;[39m &amp#27;[37mGET&amp#27;[39m &amp#27;[37m/wd/hub/session/0474ea5d-37eb-4519-a9eb-779a224f32ac/context&amp#27;[39m
&amp#27;[35m[HTTP]&amp#27;[39m &amp#27;[90m{}&amp#27;[39m
[debug] &amp#27;[35m[W3C (0474ea5d)]&amp#27;[39m Calling AppiumDriver.getCurrentContext() with args: ["0474ea5d-37eb-4519-a9eb-779a224f32ac"]
[debug] &amp#27;[35m[W3C (0474ea5d)]&amp#27;[39m Responding to client with driver.getCurrentContext() result: "NATIVE_APP"
&amp#27;[35m[HTTP]&amp#27;[39m &amp#27;[37m<-- GET /wd/hub/session/0474ea5d-37eb-4519-a9eb-779a224f32ac/context &amp#27;[39m&amp#27;[32m200&amp#27;[39m &amp#27;[90m7 ms - 22&amp#27;[39m
&amp#27;[35m[HTTP]&amp#27;[39m &amp#27;[90m&amp#27;[39m
&amp#27;[35m[HTTP]&amp#27;[39m &amp#27;[37m-->&amp#27;[39m &amp#27;[37mPOST&amp#27;[39m &amp#27;[37m/wd/hub/session/0474ea5d-37eb-4519-a9eb-779a224f32ac/element&amp#27;[39m
&amp#27;[35m[HTTP]&amp#27;[39m &amp#27;[90m{"using":"xpath","value":"//android.widget.ScrollView[@content-desc=\"test-PRODUCTS\"]/preceding-sibling::android.view.ViewGroup/android.widget.TextView"}&amp#27;[39m
[debug] &amp#27;[35m[W3C (0474ea5d)]&amp#27;[39m Calling AppiumDriver.findElement() with args: ["xpath","//android.widget.ScrollView[@content-desc=\"test-PRODUCTS\"]/preceding-sibling::android.view.ViewGroup/android.widget.TextView","0474ea5d-37eb-4519-a9eb-779a224f32ac"]
[debug] &amp#27;[35m[BaseDriver]&amp#27;[39m Valid locator strategies for this request: xpath, id, class name, accessibility id, css selector, -android uiautomator
[debug] &amp#27;[35m[BaseDriver]&amp#27;[39m Waiting up to 0 ms for condition
[debug] &amp#27;[35m[WD Proxy]&amp#27;[39m Matched '/element' to command name 'findElement'
[debug] &amp#27;[35m[WD Proxy]&amp#27;[39m Proxying [POST /element] to [POST http://127.0.0.1:10000/wd/hub/session/811c1123-b92f-4960-a6ec-a99457c0f350/element] with body: {"strategy":"xpath","selector":"//android.widget.ScrollView[@content-desc=\"test-PRODUCTS\"]/preceding-sibling::android.view.ViewGroup/android.widget.TextView","context":"","multiple":false}
[debug] &amp#27;[35m[WD Proxy]&amp#27;[39m Got response with status 200: {"sessionId":"811c1123-b92f-4960-a6ec-a99457c0f350","value":{"ELEMENT":"53520915-d0f5-42f9-b88b-fbe6fb20186f","element-6066-11e4-a52e-4f735466cecf":"53520915-d0f5-42f9-b88b-fbe6fb20186f"}}
[debug] &amp#27;[35m[W3C (0474ea5d)]&amp#27;[39m Responding to client with driver.findElement() result: {"element-6066-11e4-a52e-4f735466cecf":"53520915-d0f5-42f9-b88b-fbe6fb20186f","ELEMENT":"53520915-d0f5-42f9-b88b-fbe6fb20186f"}
&amp#27;[35m[HTTP]&amp#27;[39m &amp#27;[37m<-- POST /wd/hub/session/0474ea5d-37eb-4519-a9eb-779a224f32ac/element &amp#27;[39m&amp#27;[32m200&amp#27;[39m &amp#27;[90m233 ms - 137&amp#27;[39m
&amp#27;[35m[HTTP]&amp#27;[39m &amp#27;[90m&amp#27;[39m
&amp#27;[35m[HTTP]&amp#27;[39m &amp#27;[37m-->&amp#27;[39m &amp#27;[37mGET&amp#27;[39m &amp#27;[37m/wd/hub/session/0474ea5d-37eb-4519-a9eb-779a224f32ac/element/53520915-d0f5-42f9-b88b-fbe6fb20186f/attribute/text&amp#27;[39m
&amp#27;[35m[HTTP]&amp#27;[39m &amp#27;[90m{}&amp#27;[39m
[debug] &amp#27;[35m[W3C (0474ea5d)]&amp#27;[39m Calling AppiumDriver.getAttribute() with args: ["text","53520915-d0f5-42f9-b88b-fbe6fb20186f","0474ea5d-37eb-4519-a9eb-779a224f32ac"]
[debug] &amp#27;[35m[WD Proxy]&amp#27;[39m Matched '/element/53520915-d0f5-42f9-b88b-fbe6fb20186f/attribute/text' to command name 'getAttribute'
[debug] &amp#27;[35m[WD Proxy]&amp#27;[39m Proxying [GET /element/53520915-d0f5-42f9-b88b-fbe6fb20186f/attribute/text] to [GET http://127.0.0.1:10000/wd/hub/session/811c1123-b92f-4960-a6ec-a99457c0f350/element/53520915-d0f5-42f9-b88b-fbe6fb20186f/attribute/text] with no body
[debug] &amp#27;[35m[WD Proxy]&amp#27;[39m Got response with status 200: {"sessionId":"811c1123-b92f-4960-a6ec-a99457c0f350","value":"PRODUCTS"}
[debug] &amp#27;[35m[W3C (0474ea5d)]&amp#27;[39m Responding to client with driver.getAttribute() result: "PRODUCTS"
&amp#27;[35m[HTTP]&amp#27;[39m &amp#27;[37m<-- GET /wd/hub/session/0474ea5d-37eb-4519-a9eb-779a224f32ac/element/53520915-d0f5-42f9-b88b-fbe6fb20186f/attribute/text &amp#27;[39m&amp#27;[32m200&amp#27;[39m &amp#27;[90m25 ms - 20&amp#27;[39m
&amp#27;[35m[HTTP]&amp#27;[39m &amp#27;[90m&amp#27;[39m
[INFO ] 2021-01-01 21:16:42.775 com.qa.pages.BasePage:97 - product page title is - PRODUCTS
  Then I should see Products page with title "PRODUCTS"   # com.qa.stepdef.LoginStepDef.iShouldSeeProductsPageWithTitle(java.lang.String)
&amp#27;[35m[HTTP]&amp#27;[39m &amp#27;[37m-->&amp#27;[39m &amp#27;[37mPOST&amp#27;[39m &amp#27;[37m/wd/hub/session/0474ea5d-37eb-4519-a9eb-779a224f32ac/appium/stop_recording_screen&amp#27;[39m
&amp#27;[35m[HTTP]&amp#27;[39m &amp#27;[90m{}&amp#27;[39m
[debug] &amp#27;[35m[W3C (0474ea5d)]&amp#27;[39m Calling AppiumDriver.stopRecordingScreen() with args: [null,"0474ea5d-37eb-4519-a9eb-779a224f32ac"]
[debug] &amp#27;[35m[ADB]&amp#27;[39m Getting IDs of all 'screenrecord' processes
[debug] &amp#27;[35m[ADB]&amp#27;[39m Running 'C:\Users\ekrem\AppData\Local\Android\Sdk\platform-tools\adb.exe -P 5037 -s emulator-5554 shell pgrep -f \(\[\[:blank:\]\]\|\^\)screenrecord\(\[\[:blank:\]\]\|\$\)'
[debug] &amp#27;[35m[ADB]&amp#27;[39m Running 'C:\Users\ekrem\AppData\Local\Android\Sdk\platform-tools\adb.exe -P 5037 -s emulator-5554 shell kill -2 24439'
[debug] &amp#27;[35m[ADB]&amp#27;[39m Getting IDs of all 'screenrecord' processes
[debug] &amp#27;[35m[ADB]&amp#27;[39m Running 'C:\Users\ekrem\AppData\Local\Android\Sdk\platform-tools\adb.exe -P 5037 -s emulator-5554 shell pgrep -f \(\[\[:blank:\]\]\|\^\)screenrecord\(\[\[:blank:\]\]\|\$\)'
[debug] &amp#27;[35m[ADB]&amp#27;[39m Getting IDs of all 'screenrecord' processes
[debug] &amp#27;[35m[ADB]&amp#27;[39m Running 'C:\Users\ekrem\AppData\Local\Android\Sdk\platform-tools\adb.exe -P 5037 -s emulator-5554 shell pgrep -f \(\[\[:blank:\]\]\|\^\)screenrecord\(\[\[:blank:\]\]\|\$\)'
[debug] &amp#27;[35m[ADB]&amp#27;[39m Running 'C:\Users\ekrem\AppData\Local\Android\Sdk\platform-tools\adb.exe -P 5037 -s emulator-5554 pull /sdcard/fbba0fb0.mp4 C:\Users\ekrem\AppData\Local\Temp\202101-10176-10m6tj5.99nn\fbba0fb0.mp4'
[debug] &amp#27;[35m[ADB]&amp#27;[39m Running 'C:\Users\ekrem\AppData\Local\Android\Sdk\platform-tools\adb.exe -P 5037 -s emulator-5554 shell rm -rf /sdcard/fbba0fb0.mp4'
[debug] &amp#27;[35m[AndroidDriver]&amp#27;[39m The size of the resulting screen recording is 764.43 KB
[debug] &amp#27;[35m[W3C (0474ea5d)]&amp#27;[39m Responding to client with driver.stopRecordingScreen() result: "AAAAGGZ0eXBtcDQyAAAAAGlzb21tcDQyAAAF3m1vb3YAAABsbXZoZAAAAADcFTOp3BUzqQAAJxAAAQPsAAEAAAEAAAAAAAAAAAAAAAABAAAAAAAAAAAAAAAAAAAAAQAAAAAAAAAAAAAAAAAAQAAAAAAAAAAAAAAAAAAAAAAAAAAAAAAAAAAAAAAAAAMAAAB2bWV0YQAAACFoZGxyAAAAAAAAAABtZHRhAAAAAAAAAAAAAAAAAAAAACtrZXlzAAAAAAAAAAEAAAAbbWR0YWNvbS5hbmRyb2lkLnZlcnNpb24AAAAiaWxzdAAAABoAAAABAAAAEmRhdGEAAAABAAAAADExAAADTnRyYWsAAABcdGtoZAAAAAfcFTOp3BUzqQAAAAEAAAAAAAED7AAAAAAAAAAAAAAAAAAAAAAAAQAAAAAAAAAAAAAAAAAAAAEAAAAAAAAAAAAAAAAAAEAAAAAEOAAACHAAAAAAAuptZGlhAAAAIG1kaGQAAAAA3BUzqdwVM6kAAV+QAAkjTwAAAAAAAAAsaGRscgAAAAAAAAAAdmlkZQAAAAAAAAAAAAAAAFZpZGVvSGFuZGxlAAAAApZtaW5mAAAAFHZtaGQAAAABAAAAAAAAAAAAAAAkZGluZgAAABxkcmVmAAAAAAAAAAEAAAAMdXJsIAAAAAEAAAJWc3RibAAAALZzdHNkAAAAAAAAAAEAAACmYXZjMQAAAAAAAAABAAAAAAAAAAAAAAAAAAAAAAQ4CHAASAAAAEgAAAAAAAAAAQAgICAgICAgICAgICAgICAgICAgICAgICAgICAgICAgABj//wAAAC1hdmNDAULAMv/hABRnQsAyjWgEQBD+XkIAAAMADwiEagEABmjOAag1yAAAABBwYXNwAAEAAAABAAAAAAATY29scm5jbHgAAQABAAEAAAAAoHN0dHMAAAAAAAAAEgAAAAEAAJLYAAAAAQAAJboAAAABAADzEwAAAAEAAB5DAAAAAQAAF1AAAAABAADTsQAAAAEA...
&amp#27;[35m[HTTP]&amp#27;[39m &amp#27;[37m<-- POST /wd/hub/session/0474ea5d-37eb-4519-a9eb-779a224f32ac/appium/stop_recording_screen &amp#27;[39m&amp#27;[32m200&amp#27;[39m &amp#27;[90m1600 ms - 1043716&amp#27;[39m
&amp#27;[35m[HTTP]&amp#27;[39m &amp#27;[90m&amp#27;[39m
[INFO ] 2021-01-01 21:16:44.570 com.qa.utils.VideoManager:35 - video path: Android_pixel_3\Videos\Login with valid user name and password.mp4
]]></system-out>
  </testcase>
</testsuite>