<?xml version="1.0" encoding="UTF-8"?>
<!-- Generated by org.testng.reporters.JUnitReportReporter -->
<testsuite hostname="LAPTOP-8GI9HJL3" failures="0" tests="3" name="com.qa.runners.MyPixel3TestNGRunnerTest" time="24.848" errors="0" timestamp="2021-01-01T21:16:50 CET" skipped="0">
  <testcase classname="com.qa.runners.MyPixel3TestNGRunnerTest" name="scenario" time="9.068"/>
  <system-out/>
  <testcase classname="com.qa.runners.MyPixel3TestNGRunnerTest" name="scenario" time="7.087"/>
  <system-out/>
  <testcase classname="com.qa.runners.MyPixel3TestNGRunnerTest" name="scenario" time="8.693"/>
  <system-out/>
</testsuite> <!-- com.qa.runners.MyPixel3TestNGRunnerTest -->
